#
# A fatal error has been detected by the Java Runtime Environment:
#
#  SIGSEGV (0xb) at pc=0x000000010fc46914, pid=65072, tid=19203
#
# JRE version: Java(TM) SE Runtime Environment (8.0_60-b27) (build 1.8.0_60-b27)
# Java VM: Java HotSpot(TM) 64-Bit Server VM (25.60-b23 mixed mode bsd-amd64 compressed oops)
# Problematic frame:
# V  [libjvm.dylib+0x446914]
#
# Failed to write core dump. Core dumps have been disabled. To enable core dumping, try "ulimit -c unlimited" before starting Java again
#
# If you would like to submit a bug report, please visit:
#   http://bugreport.java.com/bugreport/crash.jsp
#

---------------  T H R E A D  ---------------

Current thread (0x00007f91a505c000):  JavaThread "JDWP Transport Listener: dt_socket" daemon [_thread_in_vm, id=19203, stack(0x000070000aab1000,0x000070000abb1000)]

siginfo: si_signo: 11 (SIGSEGV), si_code: 1 (SEGV_MAPERR), si_addr: 0x00007f9100000002

Registers:
RAX=0x0000000000000001, RBX=0x000070000abb0a8b, RCX=0x0000000110015310, RDX=0x000070000abb0a8b
RSP=0x000070000abb09d0, RBP=0x000070000abb09e0, RSI=0x00007f91a505c000, RDI=0x00007f9100000002
R8 =0x0000000000000001, R9 =0x00007f91a3da5600, R10=0x0000000000000001, R11=0x0000000000000002
R12=0x00007f91a505c000, R13=0x00007f9100000002, R14=0x00007f9100000002, R15=0x00007f91a3d02540
RIP=0x000000010fc46914, EFLAGS=0x0000000000010202, ERR=0x0000000000000004
  TRAPNO=0x000000000000000e

Top of Stack: (sp=0x000070000abb09d0)
0x000070000abb09d0:   000070000abb0a8b 000070000abb0a8b
0x000070000abb09e0:   000070000abb0a40 000000010fb55a0e
0x000070000abb09f0:   00007f91a505c000 0000000000000000
0x000070000abb0a00:   0000000000000000 0000000000000000
0x000070000abb0a10:   00007f91a505c000 00007f91a505c000
0x000070000abb0a20:   000070000abb0a8b 000070000abb0a90
0x000070000abb0a30:   00007f9100000002 0000000000000006
0x000070000abb0a40:   000070000abb0a60 00000001107a9780
0x000070000abb0a50:   0000000000000001 000070000abb0b08
0x000070000abb0a60:   000070000abb0ad0 000000011078e1f3
0x000070000abb0a70:   000070000abb0aa0 00007f91a8abe7c0
0x000070000abb0a80:   0000000700000032 f000100a01bb0b08
0x000070000abb0a90:   0000000000000000 0000000000000000
0x000070000abb0aa0:   0000000000000000 000070000abb0c90
0x000070000abb0ab0:   00000001107b0e7a 00007f91a655d090
0x000070000abb0ac0:   000070000abb0b08 00000001107bc598
0x000070000abb0ad0:   000070000abb0ae0 000000011078e2ec
0x000070000abb0ae0:   000070000abb0d00 0000000110797898
0x000070000abb0af0:   0013411500000013 00000000000f0200
0x000070000abb0b00:   00007f91a89ac5e0 00007f91a412800a
0x000070000abb0b10:   00007f91000004a6 00007f91a3d82150
0x000070000abb0b20:   00007f910000012c 000070000abb0b58
0x000070000abb0b30:   00007f91a8a21bc0 0000000000000000
0x000070000abb0b40:   0013411500000399 00007f9100001180
0x000070000abb0b50:   0000000000000000 917f000007000000
0x000070000abb0b60:   0d000000508daba8 6e246164626d616c
0x000070000abb0b70:   00000032246c6c75 65632f68634c2885
0x000070000abb0b80:   6f666e692f6c696d 616d616c6b6f792f
0x000070000abb0b90:   746e6f632f69752f 612f72656c6c6f72
0x000070000abb0ba0:   2f79746976697463 7463412f77656976
0x000070000abb0bb0:   6d654d7974697669 76616a4c3b726562
0x000070000abb0bc0:   4c2f6c6974752f61 2f68634c3b747369 

Instructions: (pc=0x000000010fc46914)
0x000000010fc468f4:   40 48 48 85 c0 75 e0 30 c0 0f b6 c0 5d c3 31 c0
0x000000010fc46904:   5d c3 55 48 89 e5 53 48 83 ec 08 48 85 ff 74 24
0x000000010fc46914:   48 8b 1f 48 85 db 74 1c 48 83 fb 37 74 16 48 8b
0x000000010fc46924:   03 48 89 df ff 50 10 84 c0 b8 00 00 00 00 48 0f 

Register to memory mapping:

RAX=0x0000000000000001 is an unknown value
RBX=0x000070000abb0a8b is pointing into the stack for thread: 0x00007f91a505c000
RCX=0x0000000110015310: UseMembar+0 in /Library/Java/JavaVirtualMachines/jdk1.8.0_60.jdk/Contents/Home/jre/lib/server/libjvm.dylib at 0x000000010f800000
RDX=0x000070000abb0a8b is pointing into the stack for thread: 0x00007f91a505c000
RSP=0x000070000abb09d0 is pointing into the stack for thread: 0x00007f91a505c000
RBP=0x000070000abb09e0 is pointing into the stack for thread: 0x00007f91a505c000
RSI=0x00007f91a505c000 is a thread
RDI=0x00007f9100000002 is an unknown value
R8 =0x0000000000000001 is an unknown value
R9 =0x00007f91a3da5600 is an unknown value
R10=0x0000000000000001 is an unknown value
R11=0x0000000000000002 is an unknown value
R12=0x00007f91a505c000 is a thread
R13=0x00007f9100000002 is an unknown value
R14=0x00007f9100000002 is an unknown value
R15=0x00007f91a3d02540 is an unknown value


Stack: [0x000070000aab1000,0x000070000abb1000],  sp=0x000070000abb09d0,  free space=1022k
Native frames: (J=compiled Java code, j=interpreted, Vv=VM code, C=native code)
V  [libjvm.dylib+0x446914]
V  [libjvm.dylib+0x355a0e]
C  [libjdwp.dylib+0x20780]  isMethodSynthetic+0x63
C  [libjdwp.dylib+0x51f3]  methods1+0x10b
C  [libjdwp.dylib+0x52ec]  methodsWithGeneric+0xe
C  [libjdwp.dylib+0xe898]  debugLoop_run+0x1ce
C  [libjdwp.dylib+0x1f6ba]  attachThread+0x4d
V  [libjvm.dylib+0x396d6c]
V  [libjvm.dylib+0x5612d3]
V  [libjvm.dylib+0x5629ce]
V  [libjvm.dylib+0x48343a]
C  [libsystem_pthread.dylib+0x393b]  _pthread_body+0xb4
C  [libsystem_pthread.dylib+0x3887]  _pthread_body+0x0
C  [libsystem_pthread.dylib+0x308d]  thread_start+0xd
C  0x0000000000000000


---------------  P R O C E S S  ---------------

Java Threads: ( => current thread )
  0x00007f91a5c35000 JavaThread "DestroyJavaVM" [_thread_blocked, id=6915, stack(0x0000700009d07000,0x0000700009e07000)]
  0x00007f91a4287800 JavaThread "http-nio-8090-AsyncTimeout" daemon [_thread_blocked, id=35587, stack(0x000070000cc14000,0x000070000cd14000)]
  0x00007f91a425a000 JavaThread "http-nio-8090-Acceptor-0" daemon [_thread_in_native, id=35075, stack(0x000070000cb11000,0x000070000cc11000)]
  0x00007f91a55b3000 JavaThread "http-nio-8090-ClientPoller-1" daemon [_thread_blocked, id=34563, stack(0x000070000ca0e000,0x000070000cb0e000)]
  0x00007f91a55ad000 JavaThread "http-nio-8090-ClientPoller-0" daemon [_thread_blocked, id=34051, stack(0x000070000c90b000,0x000070000ca0b000)]
  0x00007f91a55ac800 JavaThread "http-nio-8090-exec-10" daemon [_thread_blocked, id=33539, stack(0x000070000c808000,0x000070000c908000)]
  0x00007f91a55ab800 JavaThread "http-nio-8090-exec-9" daemon [_thread_blocked, id=33027, stack(0x000070000c705000,0x000070000c805000)]
  0x00007f91a429b800 JavaThread "http-nio-8090-exec-8" daemon [_thread_blocked, id=32515, stack(0x000070000c602000,0x000070000c702000)]
  0x00007f91a55ab000 JavaThread "http-nio-8090-exec-7" daemon [_thread_blocked, id=32003, stack(0x000070000c4ff000,0x000070000c5ff000)]
  0x00007f91a6837000 JavaThread "http-nio-8090-exec-6" daemon [_thread_blocked, id=31491, stack(0x000070000c3fc000,0x000070000c4fc000)]
  0x00007f91a844f000 JavaThread "http-nio-8090-exec-5" daemon [_thread_blocked, id=30979, stack(0x000070000c2f9000,0x000070000c3f9000)]
  0x00007f91a55a7000 JavaThread "http-nio-8090-exec-4" daemon [_thread_blocked, id=30467, stack(0x000070000c1f6000,0x000070000c2f6000)]
  0x00007f91a55a8000 JavaThread "http-nio-8090-exec-3" daemon [_thread_blocked, id=29955, stack(0x000070000c0f3000,0x000070000c1f3000)]
  0x00007f91a844e800 JavaThread "http-nio-8090-exec-2" daemon [_thread_blocked, id=29463, stack(0x000070000bff0000,0x000070000c0f0000)]
  0x00007f91a8410800 JavaThread "http-nio-8090-exec-1" daemon [_thread_blocked, id=4103, stack(0x000070000beed000,0x000070000bfed000)]
  0x00007f91a8410000 JavaThread "NioBlockingSelector.BlockPoller-1" daemon [_thread_blocked, id=4623, stack(0x0000700009c01000,0x0000700009d01000)]
  0x00007f91a852f000 JavaThread "Tomcat JDBC Pool Cleaner[349885916:1514598720430]" daemon [_thread_blocked, id=28931, stack(0x000070000bdea000,0x000070000beea000)]
  0x00007f91a5b12800 JavaThread "container-0" [_thread_blocked, id=28419, stack(0x000070000bce7000,0x000070000bde7000)]
  0x00007f91a420d000 JavaThread "ContainerBackgroundProcessor[StandardEngine[Tomcat]]" daemon [_thread_blocked, id=27911, stack(0x000070000bbe4000,0x000070000bce4000)]
  0x00007f91a6827800 JavaThread "RMI Scheduler(0)" daemon [_thread_blocked, id=25859, stack(0x000070000b7d8000,0x000070000b8d8000)]
  0x00007f91a408d800 JavaThread "RMI TCP Accept-0" daemon [_thread_in_native, id=24323, stack(0x000070000b4cf000,0x000070000b5cf000)]
  0x00007f91a806d800 JavaThread "RMI TCP Accept-62985" daemon [_thread_in_native, id=23811, stack(0x000070000b3cc000,0x000070000b4cc000)]
  0x00007f91a805d800 JavaThread "RMI TCP Accept-0" daemon [_thread_in_native, id=23299, stack(0x000070000b2c9000,0x000070000b3c9000)]
  0x00007f91a680a000 JavaThread "Service Thread" daemon [_thread_blocked, id=22787, stack(0x000070000b1c6000,0x000070000b2c6000)]
  0x00007f91a480a000 JavaThread "C1 CompilerThread3" daemon [_thread_blocked, id=22275, stack(0x000070000b0c3000,0x000070000b1c3000)]
  0x00007f91a7003000 JavaThread "C2 CompilerThread2" daemon [_thread_blocked, id=21763, stack(0x000070000afc0000,0x000070000b0c0000)]
  0x00007f91a4034000 JavaThread "C2 CompilerThread1" daemon [_thread_blocked, id=21251, stack(0x000070000aebd000,0x000070000afbd000)]
  0x00007f91a6809800 JavaThread "C2 CompilerThread0" daemon [_thread_blocked, id=20739, stack(0x000070000adba000,0x000070000aeba000)]
  0x00007f91a4032800 JavaThread "JDWP Command Reader" daemon [_thread_in_native, id=20227, stack(0x000070000acb7000,0x000070000adb7000)]
  0x00007f91a505d000 JavaThread "JDWP Event Helper Thread" daemon [_thread_blocked, id=19715, stack(0x000070000abb4000,0x000070000acb4000)]
=>0x00007f91a505c000 JavaThread "JDWP Transport Listener: dt_socket" daemon [_thread_in_vm, id=19203, stack(0x000070000aab1000,0x000070000abb1000)]
  0x00007f91a5800800 JavaThread "Signal Dispatcher" daemon [_thread_blocked, id=18691, stack(0x000070000a9ae000,0x000070000aaae000)]
  0x00007f91a800a000 JavaThread "Finalizer" daemon [_thread_blocked, id=14339, stack(0x000070000a828000,0x000070000a928000)]
  0x00007f91a6807800 JavaThread "Reference Handler" daemon [_thread_blocked, id=13827, stack(0x000070000a725000,0x000070000a825000)]

Other Threads:
  0x00007f91a5041800 VMThread [stack: 0x000070000a622000,0x000070000a722000] [id=13315]
  0x00007f91a408e000 WatcherThread [stack: 0x000070000b5d2000,0x000070000b6d2000] [id=24835]

VM state:not at safepoint (normal execution)

VM Mutex/Monitor currently owned by a thread: None

Heap:
 PSYoungGen      total 285184K, used 194283K [0x000000076ab00000, 0x0000000782a80000, 0x00000007c0000000)
  eden space 264704K, 66% used [0x000000076ab00000,0x000000077569ed18,0x000000077ad80000)
  from space 20480K, 90% used [0x000000077c400000,0x000000077d61bf08,0x000000077d800000)
  to   space 23040K, 0% used [0x000000077ad80000,0x000000077ad80000,0x000000077c400000)
 ParOldGen       total 201728K, used 26459K [0x00000006c0000000, 0x00000006cc500000, 0x000000076ab00000)
  object space 201728K, 13% used [0x00000006c0000000,0x00000006c19d6c88,0x00000006cc500000)
 Metaspace       used 49486K, capacity 50202K, committed 50432K, reserved 1093632K
  class space    used 6414K, capacity 6577K, committed 6656K, reserved 1048576K

Card table byte_map: [0x0000000110b94000,0x0000000111395000] byte_map_base: 0x000000010d594000

Marking Bits: (ParMarkBitMap*) 0x00000001100dee20
 Begin Bits: [0x00000001118eb000, 0x00000001158eb000)
 End Bits:   [0x00000001158eb000, 0x00000001198eb000)

Polling page: 0x000000010e7b7000

CodeCache: size=245760Kb used=11637Kb max_used=11637Kb free=234122Kb
 bounds [0x000000011ce6f000, 0x000000011d9cf000, 0x000000012be6f000]
 total_blobs=6067 nmethods=5327 adapters=661
 compilation: enabled

Compilation events (10 events):
Event: 331.461 Thread 0x00007f91a480a000 5434       1       org.springframework.beans.AbstractNestablePropertyAccessor::getPropertyAccessorForPropertyPath (43 bytes)
Event: 331.461 Thread 0x00007f91a480a000 nmethod 5434 0x000000011d9ca5d0 code [0x000000011d9ca760, 0x000000011d9ca968]
Event: 331.461 Thread 0x00007f91a480a000 5435       1       org.springframework.beans.PropertyAccessorUtils::getFirstNestedPropertySeparatorIndex (6 bytes)
Event: 331.461 Thread 0x00007f91a480a000 nmethod 5435 0x000000011d9cab10 code [0x000000011d9cac80, 0x000000011d9cada8]
Event: 331.461 Thread 0x00007f91a480a000 5436       1       org.springframework.beans.BeanWrapperImpl::getLocalPropertyHandler (6 bytes)
Event: 331.461 Thread 0x00007f91a480a000 nmethod 5436 0x000000011d9cae10 code [0x000000011d9cafa0, 0x000000011d9cb1a8]
Event: 331.461 Thread 0x00007f91a480a000 5432       1       org.apache.tomcat.jdbc.pool.interceptor.AbstractCreateStatementInterceptor::invoke (81 bytes)
Event: 331.462 Thread 0x00007f91a480a000 nmethod 5432 0x000000011d9cb310 code [0x000000011d9cb520, 0x000000011d9cbb18]
Event: 331.462 Thread 0x00007f91a480a000 5433   !   1       org.apache.tomcat.jdbc.pool.ProxyConnection::invoke (282 bytes)
Event: 331.463 Thread 0x00007f91a480a000 nmethod 5433 0x000000011d9cc150 code [0x000000011d9cc440, 0x000000011d9ccfd8]

GC Heap History (10 events):
Event: 1.668 GC heap before
{Heap before GC invocations=4 (full 1):
 PSYoungGen      total 141824K, used 10739K [0x000000076ab00000, 0x000000077c000000, 0x00000007c0000000)
  eden space 131072K, 0% used [0x000000076ab00000,0x000000076ab00000,0x0000000772b00000)
  from space 10752K, 99% used [0x0000000772b00000,0x000000077357cf20,0x0000000773580000)
  to   space 10752K, 0% used [0x000000077b580000,0x000000077b580000,0x000000077c000000)
 ParOldGen       total 175104K, used 1434K [0x00000006c0000000, 0x00000006cab00000, 0x000000076ab00000)
  object space 175104K, 0% used [0x00000006c0000000,0x00000006c01669e8,0x00000006cab00000)
 Metaspace       used 20790K, capacity 21156K, committed 21296K, reserved 1069056K
  class space    used 2573K, capacity 2667K, committed 2688K, reserved 1048576K
Event: 1.707 GC heap after
Heap after GC invocations=4 (full 1):
 PSYoungGen      total 141824K, used 0K [0x000000076ab00000, 0x000000077c000000, 0x00000007c0000000)
  eden space 131072K, 0% used [0x000000076ab00000,0x000000076ab00000,0x0000000772b00000)
  from space 10752K, 0% used [0x0000000772b00000,0x0000000772b00000,0x0000000773580000)
  to   space 10752K, 0% used [0x000000077b580000,0x000000077b580000,0x000000077c000000)
 ParOldGen       total 115200K, used 11792K [0x00000006c0000000, 0x00000006c7080000, 0x000000076ab00000)
  object space 115200K, 10% used [0x00000006c0000000,0x00000006c0b84060,0x00000006c7080000)
 Metaspace       used 20790K, capacity 21156K, committed 21296K, reserved 1069056K
  class space    used 2573K, capacity 2667K, committed 2688K, reserved 1048576K
}
Event: 2.560 GC heap before
{Heap before GC invocations=5 (full 1):
 PSYoungGen      total 141824K, used 131072K [0x000000076ab00000, 0x000000077c000000, 0x00000007c0000000)
  eden space 131072K, 100% used [0x000000076ab00000,0x0000000772b00000,0x0000000772b00000)
  from space 10752K, 0% used [0x0000000772b00000,0x0000000772b00000,0x0000000773580000)
  to   space 10752K, 0% used [0x000000077b580000,0x000000077b580000,0x000000077c000000)
 ParOldGen       total 115200K, used 11792K [0x00000006c0000000, 0x00000006c7080000, 0x000000076ab00000)
  object space 115200K, 10% used [0x00000006c0000000,0x00000006c0b84060,0x00000006c7080000)
 Metaspace       used 27182K, capacity 27614K, committed 27904K, reserved 1073152K
  class space    used 3445K, capacity 3546K, committed 3584K, reserved 1048576K
Event: 2.570 GC heap after
Heap after GC invocations=5 (full 1):
 PSYoungGen      total 197632K, used 10727K [0x000000076ab00000, 0x000000077c000000, 0x00000007c0000000)
  eden space 186880K, 0% used [0x000000076ab00000,0x000000076ab00000,0x0000000776180000)
  from space 10752K, 99% used [0x000000077b580000,0x000000077bff9ff8,0x000000077c000000)
  to   space 10752K, 0% used [0x000000077ab00000,0x000000077ab00000,0x000000077b580000)
 ParOldGen       total 115200K, used 14586K [0x00000006c0000000, 0x00000006c7080000, 0x000000076ab00000)
  object space 115200K, 12% used [0x00000006c0000000,0x00000006c0e3eb98,0x00000006c7080000)
 Metaspace       used 27182K, capacity 27614K, committed 27904K, reserved 1073152K
  class space    used 3445K, capacity 3546K, committed 3584K, reserved 1048576K
}
Event: 3.524 GC heap before
{Heap before GC invocations=6 (full 1):
 PSYoungGen      total 197632K, used 186957K [0x000000076ab00000, 0x000000077c000000, 0x00000007c0000000)
  eden space 186880K, 94% used [0x000000076ab00000,0x0000000775719610,0x0000000776180000)
  from space 10752K, 99% used [0x000000077b580000,0x000000077bff9ff8,0x000000077c000000)
  to   space 10752K, 0% used [0x000000077ab00000,0x000000077ab00000,0x000000077b580000)
 ParOldGen       total 115200K, used 14586K [0x00000006c0000000, 0x00000006c7080000, 0x000000076ab00000)
  object space 115200K, 12% used [0x00000006c0000000,0x00000006c0e3eb98,0x00000006c7080000)
 Metaspace       used 34937K, capacity 35338K, committed 35496K, reserved 1081344K
  class space    used 4507K, capacity 4604K, committed 4608K, reserved 1048576K
Event: 3.542 GC heap after
Heap after GC invocations=6 (full 1):
 PSYoungGen      total 272896K, used 10732K [0x000000076ab00000, 0x000000077d800000, 0x00000007c0000000)
  eden space 262144K, 0% used [0x000000076ab00000,0x000000076ab00000,0x000000077ab00000)
  from space 10752K, 99% used [0x000000077ab00000,0x000000077b57b2a0,0x000000077b580000)
  to   space 20480K, 0% used [0x000000077c400000,0x000000077c400000,0x000000077d800000)
 ParOldGen       total 115200K, used 23056K [0x00000006c0000000, 0x00000006c7080000, 0x000000076ab00000)
  object space 115200K, 20% used [0x00000006c0000000,0x00000006c1684218,0x00000006c7080000)
 Metaspace       used 34937K, capacity 35338K, committed 35496K, reserved 1081344K
  class space    used 4507K, capacity 4604K, committed 4608K, reserved 1048576K
}
Event: 3.542 GC heap before
{Heap before GC invocations=7 (full 2):
 PSYoungGen      total 272896K, used 10732K [0x000000076ab00000, 0x000000077d800000, 0x00000007c0000000)
  eden space 262144K, 0% used [0x000000076ab00000,0x000000076ab00000,0x000000077ab00000)
  from space 10752K, 99% used [0x000000077ab00000,0x000000077b57b2a0,0x000000077b580000)
  to   space 20480K, 0% used [0x000000077c400000,0x000000077c400000,0x000000077d800000)
 ParOldGen       total 115200K, used 23056K [0x00000006c0000000, 0x00000006c7080000, 0x000000076ab00000)
  object space 115200K, 20% used [0x00000006c0000000,0x00000006c1684218,0x00000006c7080000)
 Metaspace       used 34937K, capacity 35338K, committed 35496K, reserved 1081344K
  class space    used 4507K, capacity 4604K, committed 4608K, reserved 1048576K
Event: 3.616 GC heap after
Heap after GC invocations=7 (full 2):
 PSYoungGen      total 272896K, used 0K [0x000000076ab00000, 0x000000077d800000, 0x00000007c0000000)
  eden space 262144K, 0% used [0x000000076ab00000,0x000000076ab00000,0x000000077ab00000)
  from space 10752K, 0% used [0x000000077ab00000,0x000000077ab00000,0x000000077b580000)
  to   space 20480K, 0% used [0x000000077c400000,0x000000077c400000,0x000000077d800000)
 ParOldGen       total 201728K, used 26451K [0x00000006c0000000, 0x00000006cc500000, 0x000000076ab00000)
  object space 201728K, 13% used [0x00000006c0000000,0x00000006c19d4c88,0x00000006cc500000)
 Metaspace       used 34937K, capacity 35338K, committed 35496K, reserved 1081344K
  class space    used 4507K, capacity 4604K, committed 4608K, reserved 1048576K
}
Event: 5.728 GC heap before
{Heap before GC invocations=8 (full 2):
 PSYoungGen      total 272896K, used 262144K [0x000000076ab00000, 0x000000077d800000, 0x00000007c0000000)
  eden space 262144K, 100% used [0x000000076ab00000,0x000000077ab00000,0x000000077ab00000)
  from space 10752K, 0% used [0x000000077ab00000,0x000000077ab00000,0x000000077b580000)
  to   space 20480K, 0% used [0x000000077c400000,0x000000077c400000,0x000000077d800000)
 ParOldGen       total 201728K, used 26451K [0x00000006c0000000, 0x00000006cc500000, 0x000000076ab00000)
  object space 201728K, 13% used [0x00000006c0000000,0x00000006c19d4c88,0x00000006cc500000)
 Metaspace       used 44190K, capacity 44782K, committed 45056K, reserved 1089536K
  class space    used 5714K, capacity 5867K, committed 5888K, reserved 1048576K
Event: 5.743 GC heap after
Heap after GC invocations=8 (full 2):
 PSYoungGen      total 285184K, used 18543K [0x000000076ab00000, 0x0000000782a80000, 0x00000007c0000000)
  eden space 264704K, 0% used [0x000000076ab00000,0x000000076ab00000,0x000000077ad80000)
  from space 20480K, 90% used [0x000000077c400000,0x000000077d61bf08,0x000000077d800000)
  to   space 23040K, 0% used [0x000000077ad80000,0x000000077ad80000,0x000000077c400000)
 ParOldGen       total 201728K, used 26459K [0x00000006c0000000, 0x00000006cc500000, 0x000000076ab00000)
  object space 201728K, 13% used [0x00000006c0000000,0x00000006c19d6c88,0x00000006cc500000)
 Metaspace       used 44190K, capacity 44782K, committed 45056K, reserved 1089536K
  class space    used 5714K, capacity 5867K, committed 5888K, reserved 1048576K
}

Deoptimization events (0 events):
No events

Internal exceptions (10 events):
Event: 82.313 Thread 0x00007f91a844e800 Exception <a 'java/lang/ArrayIndexOutOfBoundsException'> (0x00000007744512f8) thrown at [/Users/java_re/workspace/8-2-build-macosx-x86_64/jdk8u60/4407/hotspot/src/share/vm/runtime/sharedRuntime.cpp, line 605]
Event: 82.313 Thread 0x00007f91a844e800 Exception <a 'java/lang/ArrayIndexOutOfBoundsException'> (0x0000000774453008) thrown at [/Users/java_re/workspace/8-2-build-macosx-x86_64/jdk8u60/4407/hotspot/src/share/vm/runtime/sharedRuntime.cpp, line 605]
Event: 82.314 Thread 0x00007f91a844e800 Exception <a 'java/lang/ClassNotFoundException': java/io/SerializableCustomizer> (0x0000000774474380) thrown at [/Users/java_re/workspace/8-2-build-macosx-x86_64/jdk8u60/4407/hotspot/src/share/vm/classfile/systemDictionary.cpp, line 210]
Event: 82.317 Thread 0x00007f91a844e800 Exception <a 'java/lang/ClassNotFoundException': java/lang/ObjectCustomizer> (0x00000007744cad98) thrown at [/Users/java_re/workspace/8-2-build-macosx-x86_64/jdk8u60/4407/hotspot/src/share/vm/classfile/systemDictionary.cpp, line 210]
Event: 82.317 Thread 0x00007f91a844e800 Exception <a 'java/lang/ClassNotFoundException': ch/cemil/info/yoklama/domain/entity/AttendanceCustomizer> (0x00000007744eb068) thrown at [/Users/java_re/workspace/8-2-build-macosx-x86_64/jdk8u60/4407/hotspot/src/share/vm/classfile/systemDictionary.cpp, l
Event: 82.318 Thread 0x00007f91a844e800 Exception <a 'java/lang/ClassNotFoundException': java/io/SerializableCustomizer> (0x0000000774508168) thrown at [/Users/java_re/workspace/8-2-build-macosx-x86_64/jdk8u60/4407/hotspot/src/share/vm/classfile/systemDictionary.cpp, line 210]
Event: 82.319 Thread 0x00007f91a844e800 Exception <a 'java/lang/ArrayIndexOutOfBoundsException'> (0x000000077452cdd0) thrown at [/Users/java_re/workspace/8-2-build-macosx-x86_64/jdk8u60/4407/hotspot/src/share/vm/runtime/sharedRuntime.cpp, line 605]
Event: 96.716 Thread 0x00007f91a55a7000 Exception <a 'java/lang/ArrayIndexOutOfBoundsException'> (0x0000000774acffa8) thrown at [/Users/java_re/workspace/8-2-build-macosx-x86_64/jdk8u60/4407/hotspot/src/share/vm/runtime/sharedRuntime.cpp, line 605]
Event: 213.922 Thread 0x00007f91a6837000 Exception <a 'java/lang/ArrayIndexOutOfBoundsException'> (0x0000000774d4ee28) thrown at [/Users/java_re/workspace/8-2-build-macosx-x86_64/jdk8u60/4407/hotspot/src/share/vm/runtime/sharedRuntime.cpp, line 605]
Event: 325.857 Thread 0x00007f91a429b800 Exception <a 'java/lang/ArrayIndexOutOfBoundsException'> (0x000000077527c460) thrown at [/Users/java_re/workspace/8-2-build-macosx-x86_64/jdk8u60/4407/hotspot/src/share/vm/runtime/sharedRuntime.cpp, line 605]

Events (10 events):
Event: 423.111 Executing VM operation: ChangeBreakpoints
Event: 423.111 Executing VM operation: ChangeBreakpoints done
Event: 423.111 Executing VM operation: ChangeBreakpoints
Event: 423.111 Executing VM operation: ChangeBreakpoints done
Event: 423.112 Executing VM operation: ChangeBreakpoints
Event: 423.112 Executing VM operation: ChangeBreakpoints done
Event: 423.114 Executing VM operation: RedefineClasses
Event: 423.139 Executing VM operation: RedefineClasses done
Event: 423.140 Executing VM operation: GetOrSetLocal
Event: 423.140 Executing VM operation: GetOrSetLocal done


Dynamic libraries:
0x000000000940a000 	/System/Library/Frameworks/Cocoa.framework/Versions/A/Cocoa
0x000000000940a000 	/System/Library/Frameworks/Security.framework/Versions/A/Security
0x000000000940a000 	/System/Library/Frameworks/ApplicationServices.framework/Versions/A/ApplicationServices
0x000000000940a000 	/usr/lib/libz.1.dylib
0x000000000940a000 	/usr/lib/libSystem.B.dylib
0x000000000940a000 	/usr/lib/libobjc.A.dylib
0x000000000940a000 	/System/Library/Frameworks/CoreFoundation.framework/Versions/A/CoreFoundation
0x000000000940a000 	/System/Library/Frameworks/Foundation.framework/Versions/C/Foundation
0x000000000940a000 	/System/Library/Frameworks/AppKit.framework/Versions/C/AppKit
0x000000000940a000 	/System/Library/Frameworks/CoreData.framework/Versions/A/CoreData
0x000000000940a000 	/System/Library/PrivateFrameworks/RemoteViewServices.framework/Versions/A/RemoteViewServices
0x000000000940a000 	/System/Library/PrivateFrameworks/UIFoundation.framework/Versions/A/UIFoundation
0x000000000940a000 	/System/Library/PrivateFrameworks/DFRFoundation.framework/Versions/A/DFRFoundation
0x000000000940a000 	/usr/lib/libenergytrace.dylib
0x000000000940a000 	/System/Library/PrivateFrameworks/SkyLight.framework/Versions/A/SkyLight
0x000000000940a000 	/System/Library/Frameworks/CoreGraphics.framework/Versions/A/CoreGraphics
0x000000000940a000 	/usr/lib/libScreenReader.dylib
0x000000000940a000 	/System/Library/Frameworks/Accelerate.framework/Versions/A/Accelerate
0x000000000940a000 	/System/Library/Frameworks/IOSurface.framework/Versions/A/IOSurface
0x000000000940a000 	/System/Library/Frameworks/AudioToolbox.framework/Versions/A/AudioToolbox
0x000000000940a000 	/System/Library/Frameworks/AudioUnit.framework/Versions/A/AudioUnit
0x000000000940a000 	/System/Library/PrivateFrameworks/DataDetectorsCore.framework/Versions/A/DataDetectorsCore
0x000000000940a000 	/System/Library/PrivateFrameworks/DesktopServicesPriv.framework/Versions/A/DesktopServicesPriv
0x000000000940a000 	/System/Library/Frameworks/Carbon.framework/Versions/A/Frameworks/HIToolbox.framework/Versions/A/HIToolbox
0x000000000940a000 	/usr/lib/libicucore.A.dylib
0x000000000940a000 	/System/Library/Frameworks/QuartzCore.framework/Versions/A/QuartzCore
0x000000000940a000 	/System/Library/Frameworks/Carbon.framework/Versions/A/Frameworks/SpeechRecognition.framework/Versions/A/SpeechRecognition
0x000000000940a000 	/usr/lib/libauto.dylib
0x000000000940a000 	/usr/lib/libxml2.2.dylib
0x000000000940a000 	/System/Library/PrivateFrameworks/CoreUI.framework/Versions/A/CoreUI
0x000000000940a000 	/System/Library/Frameworks/CoreAudio.framework/Versions/A/CoreAudio
0x000000000940a000 	/System/Library/Frameworks/DiskArbitration.framework/Versions/A/DiskArbitration
0x000000000940a000 	/usr/lib/liblangid.dylib
0x000000000940a000 	/System/Library/PrivateFrameworks/MultitouchSupport.framework/Versions/A/MultitouchSupport
0x000000000940a000 	/System/Library/Frameworks/IOKit.framework/Versions/A/IOKit
0x000000000940a000 	/usr/lib/libDiagnosticMessagesClient.dylib
0x000000000940a000 	/System/Library/Frameworks/CoreServices.framework/Versions/A/CoreServices
0x000000000940a000 	/System/Library/PrivateFrameworks/PerformanceAnalysis.framework/Versions/A/PerformanceAnalysis
0x000000000940a000 	/System/Library/PrivateFrameworks/GenerationalStorage.framework/Versions/A/GenerationalStorage
0x000000000940a000 	/System/Library/Frameworks/OpenGL.framework/Versions/A/OpenGL
0x000000000940a000 	/System/Library/Frameworks/CoreImage.framework/Versions/A/CoreImage
0x000000000940a000 	/System/Library/Frameworks/CoreText.framework/Versions/A/CoreText
0x000000000940a000 	/System/Library/Frameworks/ImageIO.framework/Versions/A/ImageIO
0x000000000940a000 	/System/Library/PrivateFrameworks/Backup.framework/Versions/A/Backup
0x000000000940a000 	/usr/lib/libarchive.2.dylib
0x000000000940a000 	/System/Library/Frameworks/CFNetwork.framework/Versions/A/CFNetwork
0x000000000940a000 	/System/Library/Frameworks/SystemConfiguration.framework/Versions/A/SystemConfiguration
0x000000000940a000 	/usr/lib/libCRFSuite.dylib
0x000000000940a000 	/usr/lib/libc++.1.dylib
0x000000000940a000 	/usr/lib/libc++abi.dylib
0x000000000940a000 	/usr/lib/system/libcache.dylib
0x000000000940a000 	/usr/lib/system/libcommonCrypto.dylib
0x000000000940a000 	/usr/lib/system/libcompiler_rt.dylib
0x000000000940a000 	/usr/lib/system/libcopyfile.dylib
0x000000000940a000 	/usr/lib/system/libcorecrypto.dylib
0x000000000940a000 	/usr/lib/system/libdispatch.dylib
0x000000000940a000 	/usr/lib/system/libdyld.dylib
0x000000000940a000 	/usr/lib/system/libkeymgr.dylib
0x000000000940a000 	/usr/lib/system/liblaunch.dylib
0x000000000940a000 	/usr/lib/system/libmacho.dylib
0x000000000940a000 	/usr/lib/system/libquarantine.dylib
0x000000000940a000 	/usr/lib/system/libremovefile.dylib
0x000000000940a000 	/usr/lib/system/libsystem_asl.dylib
0x000000000940a000 	/usr/lib/system/libsystem_blocks.dylib
0x000000000940a000 	/usr/lib/system/libsystem_c.dylib
0x000000000940a000 	/usr/lib/system/libsystem_configuration.dylib
0x000000000940a000 	/usr/lib/system/libsystem_coreservices.dylib
0x000000000940a000 	/usr/lib/system/libsystem_coretls.dylib
0x000000000940a000 	/usr/lib/system/libsystem_dnssd.dylib
0x000000000940a000 	/usr/lib/system/libsystem_info.dylib
0x000000000940a000 	/usr/lib/system/libsystem_kernel.dylib
0x000000000940a000 	/usr/lib/system/libsystem_m.dylib
0x000000000940a000 	/usr/lib/system/libsystem_malloc.dylib
0x000000000940a000 	/usr/lib/system/libsystem_network.dylib
0x000000000940a000 	/usr/lib/system/libsystem_networkextension.dylib
0x000000000940a000 	/usr/lib/system/libsystem_notify.dylib
0x000000000940a000 	/usr/lib/system/libsystem_platform.dylib
0x000000000940a000 	/usr/lib/system/libsystem_pthread.dylib
0x000000000940a000 	/usr/lib/system/libsystem_sandbox.dylib
0x000000000940a000 	/usr/lib/system/libsystem_secinit.dylib
0x000000000940a000 	/usr/lib/system/libsystem_symptoms.dylib
0x000000000940a000 	/usr/lib/system/libsystem_trace.dylib
0x000000000940a000 	/usr/lib/system/libunwind.dylib
0x000000000940a000 	/usr/lib/system/libxpc.dylib
0x000000000940a000 	/usr/lib/libbsm.0.dylib
0x000000000940a000 	/usr/lib/system/libkxld.dylib
0x000000000940a000 	/usr/lib/libcoretls.dylib
0x000000000940a000 	/usr/lib/libcoretls_cfhelpers.dylib
0x000000000940a000 	/usr/lib/libOpenScriptingUtil.dylib
0x000000000940a000 	/usr/lib/libpam.2.dylib
0x000000000940a000 	/usr/lib/libsqlite3.dylib
0x000000000940a000 	/usr/lib/libxar.1.dylib
0x000000000940a000 	/usr/lib/libbz2.1.0.dylib
0x000000000940a000 	/usr/lib/liblzma.5.dylib
0x000000000940a000 	/usr/lib/libnetwork.dylib
0x000000000940a000 	/usr/lib/libpcap.A.dylib
0x000000000940a000 	/System/Library/Frameworks/CoreServices.framework/Versions/A/Frameworks/FSEvents.framework/Versions/A/FSEvents
0x000000000940a000 	/System/Library/Frameworks/CoreServices.framework/Versions/A/Frameworks/CarbonCore.framework/Versions/A/CarbonCore
0x000000000940a000 	/System/Library/Frameworks/CoreServices.framework/Versions/A/Frameworks/Metadata.framework/Versions/A/Metadata
0x000000000940a000 	/System/Library/Frameworks/CoreServices.framework/Versions/A/Frameworks/OSServices.framework/Versions/A/OSServices
0x000000000940a000 	/System/Library/Frameworks/CoreServices.framework/Versions/A/Frameworks/SearchKit.framework/Versions/A/SearchKit
0x000000000940a000 	/System/Library/Frameworks/CoreServices.framework/Versions/A/Frameworks/AE.framework/Versions/A/AE
0x000000000940a000 	/System/Library/Frameworks/CoreServices.framework/Versions/A/Frameworks/LaunchServices.framework/Versions/A/LaunchServices
0x000000000940a000 	/System/Library/Frameworks/CoreServices.framework/Versions/A/Frameworks/DictionaryServices.framework/Versions/A/DictionaryServices
0x000000000940a000 	/System/Library/Frameworks/CoreServices.framework/Versions/A/Frameworks/SharedFileList.framework/Versions/A/SharedFileList
0x000000000940a000 	/System/Library/Frameworks/NetFS.framework/Versions/A/NetFS
0x000000000940a000 	/System/Library/PrivateFrameworks/NetAuth.framework/Versions/A/NetAuth
0x000000000940a000 	/System/Library/PrivateFrameworks/login.framework/Versions/A/Frameworks/loginsupport.framework/Versions/A/loginsupport
0x000000000940a000 	/System/Library/PrivateFrameworks/TCC.framework/Versions/A/TCC
0x000000000940a000 	/usr/lib/libmecabra.dylib
0x000000000940a000 	/System/Library/Frameworks/ApplicationServices.framework/Versions/A/Frameworks/ATS.framework/Versions/A/ATS
0x000000000940a000 	/System/Library/Frameworks/ApplicationServices.framework/Versions/A/Frameworks/ColorSync.framework/Versions/A/ColorSync
0x000000000940a000 	/System/Library/Frameworks/ApplicationServices.framework/Versions/A/Frameworks/HIServices.framework/Versions/A/HIServices
0x000000000940a000 	/System/Library/Frameworks/ApplicationServices.framework/Versions/A/Frameworks/LangAnalysis.framework/Versions/A/LangAnalysis
0x000000000940a000 	/System/Library/Frameworks/ApplicationServices.framework/Versions/A/Frameworks/PrintCore.framework/Versions/A/PrintCore
0x000000000940a000 	/System/Library/Frameworks/ApplicationServices.framework/Versions/A/Frameworks/QD.framework/Versions/A/QD
0x000000000940a000 	/System/Library/Frameworks/ApplicationServices.framework/Versions/A/Frameworks/SpeechSynthesis.framework/Versions/A/SpeechSynthesis
0x000000000940a000 	/System/Library/Frameworks/Accelerate.framework/Versions/A/Frameworks/vImage.framework/Versions/A/vImage
0x000000000940a000 	/System/Library/Frameworks/Accelerate.framework/Versions/A/Frameworks/vecLib.framework/Versions/A/vecLib
0x000000000940a000 	/System/Library/Frameworks/Accelerate.framework/Versions/A/Frameworks/vecLib.framework/Versions/A/libvDSP.dylib
0x000000000940a000 	/System/Library/Frameworks/Accelerate.framework/Versions/A/Frameworks/vecLib.framework/Versions/A/libBNNS.dylib
0x000000000940a000 	/System/Library/Frameworks/Accelerate.framework/Versions/A/Frameworks/vecLib.framework/Versions/A/libQuadrature.dylib
0x000000000940a000 	/System/Library/Frameworks/Accelerate.framework/Versions/A/Frameworks/vecLib.framework/Versions/A/libvMisc.dylib
0x000000000940a000 	/System/Library/Frameworks/Accelerate.framework/Versions/A/Frameworks/vecLib.framework/Versions/A/libLAPACK.dylib
0x000000000940a000 	/System/Library/Frameworks/Accelerate.framework/Versions/A/Frameworks/vecLib.framework/Versions/A/libBLAS.dylib
0x000000000940a000 	/System/Library/Frameworks/Accelerate.framework/Versions/A/Frameworks/vecLib.framework/Versions/A/libLinearAlgebra.dylib
0x000000000940a000 	/System/Library/Frameworks/Accelerate.framework/Versions/A/Frameworks/vecLib.framework/Versions/A/libSparseBLAS.dylib
0x000000000940a000 	/System/Library/Frameworks/ApplicationServices.framework/Versions/A/Frameworks/ATS.framework/Versions/A/Resources/libFontParser.dylib
0x000000000940a000 	/System/Library/Frameworks/ApplicationServices.framework/Versions/A/Frameworks/ATS.framework/Versions/A/Resources/libFontRegistry.dylib
0x000000000940a000 	/System/Library/Frameworks/ImageIO.framework/Versions/A/Resources/libJPEG.dylib
0x000000000940a000 	/System/Library/Frameworks/ImageIO.framework/Versions/A/Resources/libTIFF.dylib
0x000000000940a000 	/System/Library/Frameworks/ImageIO.framework/Versions/A/Resources/libPng.dylib
0x000000000940a000 	/System/Library/Frameworks/ImageIO.framework/Versions/A/Resources/libGIF.dylib
0x000000000940a000 	/System/Library/Frameworks/ImageIO.framework/Versions/A/Resources/libJP2.dylib
0x000000000940a000 	/System/Library/Frameworks/ImageIO.framework/Versions/A/Resources/libRadiance.dylib
0x000000000940a000 	/usr/lib/libcompression.dylib
0x000000000940a000 	/System/Library/PrivateFrameworks/AppleJPEG.framework/Versions/A/AppleJPEG
0x000000000940a000 	/usr/lib/libcups.2.dylib
0x000000000940a000 	/System/Library/Frameworks/Kerberos.framework/Versions/A/Kerberos
0x000000000940a000 	/System/Library/Frameworks/GSS.framework/Versions/A/GSS
0x000000000940a000 	/usr/lib/libresolv.9.dylib
0x000000000940a000 	/usr/lib/libiconv.2.dylib
0x000000000940a000 	/System/Library/PrivateFrameworks/Heimdal.framework/Versions/A/Heimdal
0x000000000940a000 	/usr/lib/libheimdal-asn1.dylib
0x000000000940a000 	/System/Library/Frameworks/OpenDirectory.framework/Versions/A/OpenDirectory
0x000000000940a000 	/System/Library/PrivateFrameworks/CommonAuth.framework/Versions/A/CommonAuth
0x000000000940a000 	/System/Library/Frameworks/OpenDirectory.framework/Versions/A/Frameworks/CFOpenDirectory.framework/Versions/A/CFOpenDirectory
0x000000000940a000 	/System/Library/Frameworks/SecurityFoundation.framework/Versions/A/SecurityFoundation
0x000000000940a000 	/System/Library/PrivateFrameworks/LanguageModeling.framework/Versions/A/LanguageModeling
0x000000000940a000 	/usr/lib/libmarisa.dylib
0x000000000940a000 	/usr/lib/libChineseTokenizer.dylib
0x000000000940a000 	/usr/lib/libcmph.dylib
0x000000000940a000 	/System/Library/PrivateFrameworks/CoreEmoji.framework/Versions/A/CoreEmoji
0x000000000940a000 	/System/Library/Frameworks/ServiceManagement.framework/Versions/A/ServiceManagement
0x000000000940a000 	/usr/lib/libxslt.1.dylib
0x000000000940a000 	/System/Library/Frameworks/Carbon.framework/Versions/A/Frameworks/Ink.framework/Versions/A/Ink
0x000000000940a000 	/System/Library/PrivateFrameworks/TextureIO.framework/Versions/A/TextureIO
0x000000000940a000 	/System/Library/Frameworks/Metal.framework/Versions/A/Metal
0x000000000940a000 	/usr/lib/libate.dylib
0x000000000940a000 	/System/Library/PrivateFrameworks/GPUCompiler.framework/libmetal_timestamp.dylib
0x000000000940a000 	/System/Library/Frameworks/OpenGL.framework/Versions/A/Libraries/libCoreFSCache.dylib
0x000000000940a000 	/System/Library/PrivateFrameworks/IOAccelerator.framework/Versions/A/IOAccelerator
0x000000000940a000 	/System/Library/Frameworks/CoreVideo.framework/Versions/A/CoreVideo
0x000000000940a000 	/usr/lib/libFosl_dynamic.dylib
0x000000000940a000 	/System/Library/PrivateFrameworks/MetalPerformanceShaders.framework/Versions/A/MetalPerformanceShaders
0x000000000940a000 	/System/Library/PrivateFrameworks/FaceCore.framework/Versions/A/FaceCore
0x000000000940a000 	/System/Library/Frameworks/OpenCL.framework/Versions/A/OpenCL
0x000000000940a000 	/System/Library/Frameworks/OpenGL.framework/Versions/A/Libraries/libGLU.dylib
0x000000000940a000 	/System/Library/Frameworks/OpenGL.framework/Versions/A/Libraries/libGFXShared.dylib
0x000000000940a000 	/System/Library/Frameworks/OpenGL.framework/Versions/A/Libraries/libGL.dylib
0x000000000940a000 	/System/Library/Frameworks/OpenGL.framework/Versions/A/Libraries/libGLImage.dylib
0x000000000940a000 	/System/Library/Frameworks/OpenGL.framework/Versions/A/Libraries/libCVMSPluginSupport.dylib
0x000000000940a000 	/System/Library/Frameworks/OpenGL.framework/Versions/A/Libraries/libCoreVMClient.dylib
0x000000000940a000 	/System/Library/PrivateFrameworks/CrashReporterSupport.framework/Versions/A/CrashReporterSupport
0x000000000940a000 	/System/Library/PrivateFrameworks/Sharing.framework/Versions/A/Sharing
0x000000000940a000 	/System/Library/PrivateFrameworks/IconServices.framework/Versions/A/IconServices
0x000000000940a000 	/System/Library/PrivateFrameworks/ProtocolBuffer.framework/Versions/A/ProtocolBuffer
0x000000000940a000 	/System/Library/PrivateFrameworks/Apple80211.framework/Versions/A/Apple80211
0x000000000940a000 	/System/Library/Frameworks/CoreWLAN.framework/Versions/A/CoreWLAN
0x000000000940a000 	/System/Library/PrivateFrameworks/CoreUtils.framework/Versions/A/CoreUtils
0x000000000940a000 	/System/Library/Frameworks/IOBluetooth.framework/Versions/A/IOBluetooth
0x000000000940a000 	/System/Library/PrivateFrameworks/CoreWiFi.framework/Versions/A/CoreWiFi
0x000000000940a000 	/System/Library/Frameworks/CoreBluetooth.framework/Versions/A/CoreBluetooth
0x000000000940a000 	/System/Library/Frameworks/CoreDisplay.framework/Versions/A/CoreDisplay
0x000000000940a000 	/System/Library/PrivateFrameworks/IOPresentment.framework/Versions/A/IOPresentment
0x000000000940a000 	/System/Library/PrivateFrameworks/DSExternalDisplay.framework/Versions/A/DSExternalDisplay
0x000000000940a000 	/System/Library/PrivateFrameworks/DebugSymbols.framework/Versions/A/DebugSymbols
0x000000000940a000 	/System/Library/PrivateFrameworks/CoreSymbolication.framework/Versions/A/CoreSymbolication
0x000000000940a000 	/System/Library/PrivateFrameworks/Symbolication.framework/Versions/A/Symbolication
0x000000000940a000 	/System/Library/PrivateFrameworks/AppleFSCompression.framework/Versions/A/AppleFSCompression
0x000000000940a000 	/System/Library/PrivateFrameworks/SpeechRecognitionCore.framework/Versions/A/SpeechRecognitionCore
0x000000000940a000 	/System/Library/PrivateFrameworks/ChunkingLibrary.framework/Versions/A/ChunkingLibrary
0x000000010f800000 	/Library/Java/JavaVirtualMachines/jdk1.8.0_60.jdk/Contents/Home/jre/lib/server/libjvm.dylib
0x000000000940a000 	/usr/lib/libstdc++.6.dylib
0x000000010e774000 	/Library/Java/JavaVirtualMachines/jdk1.8.0_60.jdk/Contents/Home/jre/lib/libverify.dylib
0x000000010e782000 	/Library/Java/JavaVirtualMachines/jdk1.8.0_60.jdk/Contents/Home/jre/lib/libjava.dylib
0x0000000110789000 	/Library/Java/JavaVirtualMachines/jdk1.8.0_60.jdk/Contents/Home/jre/lib/libjdwp.dylib
0x000000010e7b8000 	/Library/Java/JavaVirtualMachines/jdk1.8.0_60.jdk/Contents/Home/jre/lib/libnpt.dylib
0x000000010e7c5000 	/Library/Java/JavaVirtualMachines/jdk1.8.0_60.jdk/Contents/Home/jre/lib/libzip.dylib
0x000000011c861000 	/System/Library/Frameworks/JavaVM.framework/Frameworks/JavaRuntimeSupport.framework/JavaRuntimeSupport
0x000000011c87b000 	/System/Library/Frameworks/JavaVM.framework/Versions/A/Frameworks/JavaNativeFoundation.framework/Versions/A/JavaNativeFoundation
0x000000011c890000 	/System/Library/Frameworks/JavaVM.framework/Versions/A/JavaVM
0x000000000940a000 	/System/Library/Frameworks/Carbon.framework/Versions/A/Carbon
0x000000011c89d000 	/System/Library/PrivateFrameworks/JavaLaunching.framework/Versions/A/JavaLaunching
0x000000000940a000 	/System/Library/Frameworks/Carbon.framework/Versions/A/Frameworks/CommonPanels.framework/Versions/A/CommonPanels
0x000000000940a000 	/System/Library/Frameworks/Carbon.framework/Versions/A/Frameworks/Help.framework/Versions/A/Help
0x000000000940a000 	/System/Library/Frameworks/Carbon.framework/Versions/A/Frameworks/ImageCapture.framework/Versions/A/ImageCapture
0x000000000940a000 	/System/Library/Frameworks/Carbon.framework/Versions/A/Frameworks/OpenScripting.framework/Versions/A/OpenScripting
0x000000000940a000 	/System/Library/Frameworks/Carbon.framework/Versions/A/Frameworks/Print.framework/Versions/A/Print
0x000000000940a000 	/System/Library/Frameworks/Carbon.framework/Versions/A/Frameworks/SecurityHI.framework/Versions/A/SecurityHI
0x000000010e7f7000 	/Library/Java/JavaVirtualMachines/jdk1.8.0_60.jdk/Contents/Home/jre/lib/libdt_socket.dylib
0x000000011c8f1000 	/Library/Java/JavaVirtualMachines/jdk1.8.0_60.jdk/Contents/Home/jre/lib/libmanagement.dylib
0x000000011c8ff000 	/Library/Java/JavaVirtualMachines/jdk1.8.0_60.jdk/Contents/Home/jre/lib/libnet.dylib
0x000000011c95e000 	/Library/Java/JavaVirtualMachines/jdk1.8.0_60.jdk/Contents/Home/jre/lib/libnio.dylib

VM Arguments:
jvm_args: -agentlib:jdwp=transport=dt_socket,address=127.0.0.1:62986,suspend=y,server=n -XX:TieredStopAtLevel=1 -Xverify:none -Dspring.output.ansi.enabled=always -Dcom.sun.management.jmxremote -Dcom.sun.management.jmxremote.port=62985 -Dcom.sun.management.jmxremote.authenticate=false -Dcom.sun.management.jmxremote.ssl=false -Dspring.liveBeansView.mbeanDomain -Dspring.application.admin.enabled=true -Dfile.encoding=UTF-8 
java_command: ch.cemil.info.yoklama.YoklamaApplication
java_class_path (initial): /Library/Java/JavaVirtualMachines/jdk1.8.0_60.jdk/Contents/Home/jre/lib/charsets.jar:/Library/Java/JavaVirtualMachines/jdk1.8.0_60.jdk/Contents/Home/jre/lib/deploy.jar:/Library/Java/JavaVirtualMachines/jdk1.8.0_60.jdk/Contents/Home/jre/lib/ext/cldrdata.jar:/Library/Java/JavaVirtualMachines/jdk1.8.0_60.jdk/Contents/Home/jre/lib/ext/dnsns.jar:/Library/Java/JavaVirtualMachines/jdk1.8.0_60.jdk/Contents/Home/jre/lib/ext/jaccess.jar:/Library/Java/JavaVirtualMachines/jdk1.8.0_60.jdk/Contents/Home/jre/lib/ext/jfxrt.jar:/Library/Java/JavaVirtualMachines/jdk1.8.0_60.jdk/Contents/Home/jre/lib/ext/localedata.jar:/Library/Java/JavaVirtualMachines/jdk1.8.0_60.jdk/Contents/Home/jre/lib/ext/nashorn.jar:/Library/Java/JavaVirtualMachines/jdk1.8.0_60.jdk/Contents/Home/jre/lib/ext/sunec.jar:/Library/Java/JavaVirtualMachines/jdk1.8.0_60.jdk/Contents/Home/jre/lib/ext/sunjce_provider.jar:/Library/Java/JavaVirtualMachines/jdk1.8.0_60.jdk/Contents/Home/jre/lib/ext/sunpkcs11.jar:/Library/Java/JavaVirtualMachines/jdk1.8.0_60.jdk/Contents/Home/jre/lib/ext/zipfs.jar:/Library/Java/JavaVirtualMachines/jdk1.8.0_60.jdk/Contents/Home/jre/lib/javaws.jar:/Library/Java/JavaVirtualMachines/jdk1.8.0_60.jdk/Contents/Home/jre/lib/jce.jar:/Library/Java/JavaVirtualMachines/jdk1.8.0_60.jdk/Contents/Home/jre/lib/jfr.jar:/Library/Java/JavaVirtualMachines/jdk1.8.0_60.jdk/Contents/Home/jre/lib/jfxswt.jar:/Library/Java/JavaVirtualMachines/jdk1.8.0_60.jdk/Contents/Home/jre/lib/jsse.jar:/Library/Java/JavaVirtualMachines/jdk1.8.0_60.jdk/Contents/Home/jre/lib/management-agent.jar:/Library/Java/JavaVirtualMachines/jdk1.8.0_60.jdk/Contents/Home/jre/lib/plugin.jar:/Library/Java/JavaVirtualMachines/jdk1.8.0_60.jdk/Contents/Home/jre/lib/resources.jar:/Library/Java/JavaVirtualMachines/jdk1.8.0_60.jdk/Contents/Home/jre/lib/rt.jar:/Library/Java/JavaVirtualMachines/jdk1.8.0_60.jdk/Contents/Home/lib/ant-javafx.jar:/Library/Java/JavaVirtualMachines/jdk1.8.0_60.jdk/Contents/Home/lib/dt.jar:/Library/Ja
Launcher Type: SUN_STANDARD

Environment Variables:
JAVA_HOME=/Library/Java/JavaVirtualMachines/jdk1.8.0_60.jdk/Contents/Home
PATH=/Users/Dogan/.sdkman/candidates/springboot/current/bin:/usr/bin:/bin:/usr/sbin:/sbin:/usr/local/bin:/etc/mongod.conf:../Users/Dogan/Etops/activator:/opt/X11/bin:/usr/local/git/bin:/Users/Dogan/Etops/activator/:/Library/PostgreSQL/9.3/bin:/Users/Dogan/.node/bin:/Applications/Couchbase Server.app/Contents/Resources/couchbase-core/bin/
SHELL=/bin/bash
DISPLAY=/private/tmp/com.apple.launchd.gTO0Fqo7Pk/org.macosforge.xquartz:0

Signal Handlers:
SIGSEGV: [libjvm.dylib+0x5a6d31], sa_mask[0]=11111111011111110111111111111111, sa_flags=SA_ONSTACK|SA_RESTART|SA_SIGINFO
SIGBUS: [libjvm.dylib+0x5a6d31], sa_mask[0]=11111111011111110111111111111111, sa_flags=SA_RESTART|SA_SIGINFO
SIGFPE: [libjvm.dylib+0x480a4c], sa_mask[0]=11111111011111110111111111111111, sa_flags=SA_RESTART|SA_SIGINFO
SIGPIPE: [libjvm.dylib+0x480a4c], sa_mask[0]=11111111011111110111111111111111, sa_flags=SA_RESTART|SA_SIGINFO
SIGXFSZ: [libjvm.dylib+0x480a4c], sa_mask[0]=11111111011111110111111111111111, sa_flags=SA_RESTART|SA_SIGINFO
SIGILL: [libjvm.dylib+0x480a4c], sa_mask[0]=11111111011111110111111111111111, sa_flags=SA_RESTART|SA_SIGINFO
SIGUSR1: SIG_DFL, sa_mask[0]=00000000000000000000000000000000, sa_flags=none
SIGUSR2: [libjvm.dylib+0x48056a], sa_mask[0]=00100000000000000000000000000000, sa_flags=SA_RESTART|SA_SIGINFO
SIGHUP: [libjvm.dylib+0x47eb41], sa_mask[0]=11111111011111110111111111111111, sa_flags=SA_RESTART|SA_SIGINFO
SIGINT: [libjvm.dylib+0x47eb41], sa_mask[0]=11111111011111110111111111111111, sa_flags=SA_RESTART|SA_SIGINFO
SIGTERM: [libjvm.dylib+0x47eb41], sa_mask[0]=11111111011111110111111111111111, sa_flags=SA_RESTART|SA_SIGINFO
SIGQUIT: [libjvm.dylib+0x47eb41], sa_mask[0]=11111111011111110111111111111111, sa_flags=SA_RESTART|SA_SIGINFO


---------------  S Y S T E M  ---------------

OS:Bsduname:Darwin 16.7.0 Darwin Kernel Version 16.7.0: Thu Jun 15 17:36:27 PDT 2017; root:xnu-3789.70.16~2/RELEASE_X86_64 x86_64
rlimit: STACK 8192k, CORE 0k, NPROC 709, NOFILE 10240, AS infinity
load average:3.09 3.12 3.18

CPU:total 8 (4 cores per cpu, 2 threads per core) family 6 model 58 stepping 9, cmov, cx8, fxsr, mmx, sse, sse2, sse3, ssse3, sse4.1, sse4.2, popcnt, avx, aes, clmul, erms, ht, tsc, tscinvbit, tscinv

Memory: 4k page, physical 16777216k(268392k free)

/proc/meminfo:


vm_info: Java HotSpot(TM) 64-Bit Server VM (25.60-b23) for bsd-amd64 JRE (1.8.0_60-b27), built on Aug  4 2015 10:47:24 by "java_re" with gcc 4.2.1 (Based on Apple Inc. build 5658) (LLVM build 2336.11.00)

time: Sat Dec 30 02:59:00 2017
elapsed time: 423 seconds (0d 0h 7m 3s)

