#
# A fatal error has been detected by the Java Runtime Environment:
#
#  SIGSEGV (0xb) at pc=0x0000000108e46914, pid=59167, tid=19203
#
# JRE version: Java(TM) SE Runtime Environment (8.0_60-b27) (build 1.8.0_60-b27)
# Java VM: Java HotSpot(TM) 64-Bit Server VM (25.60-b23 mixed mode bsd-amd64 compressed oops)
# Problematic frame:
# V  [libjvm.dylib+0x446914]  Method::checked_resolve_jmethod_id(_jmethodID*)+0xe
#
# Failed to write core dump. Core dumps have been disabled. To enable core dumping, try "ulimit -c unlimited" before starting Java again
#
# If you would like to submit a bug report, please visit:
#   http://bugreport.java.com/bugreport/crash.jsp
#

---------------  T H R E A D  ---------------

Current thread (0x00007febe080a800):  JavaThread "JDWP Transport Listener: dt_socket" daemon [_thread_in_vm, id=19203, stack(0x000070000664e000,0x000070000674e000)]

siginfo: si_signo: 11 (SIGSEGV), si_code: 0 (unknown), si_addr: 0x0000000000000000

Registers:
RAX=0x0000000000000001, RBX=0x000070000674da8b, RCX=0x0000000109215310, RDX=0x000070000674da8b
RSP=0x000070000674d9d0, RBP=0x000070000674d9e0, RSI=0x00007febe080a800, RDI=0x547265626d754e65
R8 =0x0000000000000001, R9 =0x00007febe30f82b0, R10=0x0000000000000001, R11=0x0000000000000002
R12=0x00007febe080a800, R13=0x547265626d754e65, R14=0x547265626d754e65, R15=0x00007febdf901d80
RIP=0x0000000108e46914, EFLAGS=0x0000000000010206, ERR=0x0000000000000000
  TRAPNO=0x000000000000000d

Top of Stack: (sp=0x000070000674d9d0)
0x000070000674d9d0:   000070000674da8b 000070000674da8b
0x000070000674d9e0:   000070000674da40 0000000108d55a0e
0x000070000674d9f0:   00007febe080a800 0000000000000000
0x000070000674da00:   0000000000000000 0000000000000000
0x000070000674da10:   00007febe080a800 00007febe080a800
0x000070000674da20:   000070000674da8b 000070000674da90
0x000070000674da30:   547265626d754e65 0000000000000015
0x000070000674da40:   000070000674da60 000000010792d780
0x000070000674da50:   0000000000000001 000070000674db08
0x000070000674da60:   000070000674dad0 00000001079121f3
0x000070000674da70:   000070000674daa0 00007febe30f8b60
0x000070000674da80:   0000001600000032 f000100a0174db08
0x000070000674da90:   0000000000000000 0000000000000000
0x000070000674daa0:   0000000000000000 000070000674dc90
0x000070000674dab0:   0000000107934e7a 00007febe3363240
0x000070000674dac0:   000070000674db08 0000000107940598
0x000070000674dad0:   000070000674dae0 00000001079122ec
0x000070000674dae0:   000070000674dd00 000000010791b898
0x000070000674daf0:   000798f700000013 00000000000f0200
0x000070000674db00:   00007febe3362720 00007febe0cfa08b
0x000070000674db10:   00007feb00000025 00007febdfd21450
0x000070000674db20:   00007feb0000012c 000070000674db58
0x000070000674db30:   00007febdfad1d30 0000000000000000
0x000070000674db40:   000798f70000000b 00007feb0000c780
0x000070000674db50:   000070000674db58 eb7f000016000000
0x000070000674db60:   1f000000803936e3 53246164626d616c
0x000070000674db70:   7669746341776f68 6e65747441797469
0x000070000674db80:   00362465636e6164 616a4c4a28330000
0x000070000674db90:   2f6c6974752f6176 68634c3b7473694c
0x000070000674dba0:   792f6c696d65632f 6d2f616d616c6b6f
0x000070000674dbb0:   6d654d2f6c65646f 000056293b726562
0x000070000674dbc0:   00000a1000f00000 0000384243deeb7f 

Instructions: (pc=0x0000000108e46914)
0x0000000108e468f4:   40 48 48 85 c0 75 e0 30 c0 0f b6 c0 5d c3 31 c0
0x0000000108e46904:   5d c3 55 48 89 e5 53 48 83 ec 08 48 85 ff 74 24
0x0000000108e46914:   48 8b 1f 48 85 db 74 1c 48 83 fb 37 74 16 48 8b
0x0000000108e46924:   03 48 89 df ff 50 10 84 c0 b8 00 00 00 00 48 0f 

Register to memory mapping:

RAX=0x0000000000000001 is an unknown value
RBX=0x000070000674da8b is pointing into the stack for thread: 0x00007febe080a800
RCX=0x0000000109215310: UseMembar+0 in /Library/Java/JavaVirtualMachines/jdk1.8.0_60.jdk/Contents/Home/jre/lib/server/libjvm.dylib at 0x0000000108a00000
RDX=0x000070000674da8b is pointing into the stack for thread: 0x00007febe080a800
RSP=0x000070000674d9d0 is pointing into the stack for thread: 0x00007febe080a800
RBP=0x000070000674d9e0 is pointing into the stack for thread: 0x00007febe080a800
RSI=0x00007febe080a800 is a thread
RDI=0x547265626d754e65 is an unknown value
R8 =0x0000000000000001 is an unknown value
R9 =0x00007febe30f82b0 is an unknown value
R10=0x0000000000000001 is an unknown value
R11=0x0000000000000002 is an unknown value
R12=0x00007febe080a800 is a thread
R13=0x547265626d754e65 is an unknown value
R14=0x547265626d754e65 is an unknown value
R15=0x00007febdf901d80 is an unknown value


Stack: [0x000070000664e000,0x000070000674e000],  sp=0x000070000674d9d0,  free space=1022k
Native frames: (J=compiled Java code, j=interpreted, Vv=VM code, C=native code)
V  [libjvm.dylib+0x446914]  Method::checked_resolve_jmethod_id(_jmethodID*)+0xe
V  [libjvm.dylib+0x355a0e]  jvmti_IsMethodSynthetic+0xb2
C  [libjdwp.dylib+0x20780]  isMethodSynthetic+0x63
C  [libjdwp.dylib+0x51f3]  methods1+0x10b
C  [libjdwp.dylib+0x52ec]  methodsWithGeneric+0xe
C  [libjdwp.dylib+0xe898]  debugLoop_run+0x1ce
C  [libjdwp.dylib+0x1f6ba]  attachThread+0x4d
V  [libjvm.dylib+0x396d6c]  JvmtiAgentThread::call_start_function()+0x38
V  [libjvm.dylib+0x5612d3]  JavaThread::thread_main_inner()+0x9b
V  [libjvm.dylib+0x5629ce]  JavaThread::run()+0x1c2
V  [libjvm.dylib+0x48343a]  java_start(Thread*)+0xf6
C  [libsystem_pthread.dylib+0x393b]  _pthread_body+0xb4
C  [libsystem_pthread.dylib+0x3887]  _pthread_body+0x0
C  [libsystem_pthread.dylib+0x308d]  thread_start+0xd
C  0x0000000000000000


---------------  P R O C E S S  ---------------

Java Threads: ( => current thread )
  0x00007febe0021000 JavaThread "DestroyJavaVM" [_thread_blocked, id=7171, stack(0x0000700005927000,0x0000700005a27000)]
  0x00007febdead9800 JavaThread "http-nio-8090-AsyncTimeout" daemon [_thread_blocked, id=36611, stack(0x0000700008aba000,0x0000700008bba000)]
  0x00007febdead9000 JavaThread "http-nio-8090-Acceptor-0" daemon [_thread_in_native, id=36099, stack(0x00007000089b7000,0x0000700008ab7000)]
  0x00007febe018a000 JavaThread "http-nio-8090-ClientPoller-1" daemon [_thread_in_native, id=35587, stack(0x00007000088b4000,0x00007000089b4000)]
  0x00007febe0187800 JavaThread "http-nio-8090-ClientPoller-0" daemon [_thread_in_native, id=35075, stack(0x00007000087b1000,0x00007000088b1000)]
  0x00007febe0171800 JavaThread "http-nio-8090-exec-10" daemon [_thread_blocked, id=34563, stack(0x00007000086ae000,0x00007000087ae000)]
  0x00007febe0cc2800 JavaThread "http-nio-8090-exec-9" daemon [_thread_blocked, id=34051, stack(0x00007000085ab000,0x00007000086ab000)]
  0x00007febe0170800 JavaThread "http-nio-8090-exec-8" daemon [_thread_blocked, id=33539, stack(0x00007000084a8000,0x00007000085a8000)]
  0x00007febe0170000 JavaThread "http-nio-8090-exec-7" daemon [_thread_blocked, id=33027, stack(0x00007000083a5000,0x00007000084a5000)]
  0x00007febe13f1000 JavaThread "http-nio-8090-exec-6" daemon [_thread_blocked, id=32515, stack(0x00007000082a2000,0x00007000083a2000)]
  0x00007febe016f000 JavaThread "http-nio-8090-exec-5" daemon [_thread_blocked, id=32003, stack(0x000070000819f000,0x000070000829f000)]
  0x00007febe0309800 JavaThread "http-nio-8090-exec-4" daemon [_thread_blocked, id=31491, stack(0x000070000809c000,0x000070000819c000)]
  0x00007febdead8000 JavaThread "http-nio-8090-exec-3" daemon [_thread_blocked, id=30979, stack(0x0000700007f99000,0x0000700008099000)]
  0x00007febdead7800 JavaThread "http-nio-8090-exec-2" daemon [_thread_blocked, id=30483, stack(0x0000700007e96000,0x0000700007f96000)]
  0x00007febdeacd800 JavaThread "http-nio-8090-exec-1" daemon [_thread_blocked, id=4103, stack(0x0000700007d93000,0x0000700007e93000)]
  0x00007febe030a800 JavaThread "NioBlockingSelector.BlockPoller-1" daemon [_thread_in_native, id=5139, stack(0x0000700007c90000,0x0000700007d90000)]
  0x00007febe137c800 JavaThread "Tomcat JDBC Pool Cleaner[349885916:1514408496998]" daemon [_thread_blocked, id=29955, stack(0x0000700007b8d000,0x0000700007c8d000)]
  0x00007febde9b9800 JavaThread "container-0" [_thread_blocked, id=29443, stack(0x0000700007a8a000,0x0000700007b8a000)]
  0x00007febe0ba8800 JavaThread "ContainerBackgroundProcessor[StandardEngine[Tomcat]]" daemon [_thread_blocked, id=28935, stack(0x0000700007987000,0x0000700007a87000)]
  0x00007febe1246000 JavaThread "RMI Scheduler(0)" daemon [_thread_blocked, id=25859, stack(0x0000700007375000,0x0000700007475000)]
  0x00007febe11be000 JavaThread "RMI TCP Accept-0" daemon [_thread_in_native, id=24323, stack(0x000070000706c000,0x000070000716c000)]
  0x00007febde90a000 JavaThread "RMI TCP Accept-50864" daemon [_thread_in_native, id=23811, stack(0x0000700006f69000,0x0000700007069000)]
  0x00007febde90b000 JavaThread "RMI TCP Accept-0" daemon [_thread_in_native, id=23299, stack(0x0000700006e66000,0x0000700006f66000)]
  0x00007febe0029800 JavaThread "Service Thread" daemon [_thread_blocked, id=22787, stack(0x0000700006d63000,0x0000700006e63000)]
  0x00007febe083a800 JavaThread "C1 CompilerThread3" daemon [_thread_blocked, id=22275, stack(0x0000700006c60000,0x0000700006d60000)]
  0x00007febe2806000 JavaThread "C2 CompilerThread2" daemon [_thread_blocked, id=21763, stack(0x0000700006b5d000,0x0000700006c5d000)]
  0x00007febe2804800 JavaThread "C2 CompilerThread1" daemon [_thread_blocked, id=21251, stack(0x0000700006a5a000,0x0000700006b5a000)]
  0x00007febe0839800 JavaThread "C2 CompilerThread0" daemon [_thread_blocked, id=20739, stack(0x0000700006957000,0x0000700006a57000)]
  0x00007febe082d800 JavaThread "JDWP Command Reader" daemon [_thread_in_native, id=20227, stack(0x0000700006854000,0x0000700006954000)]
  0x00007febe082c800 JavaThread "JDWP Event Helper Thread" daemon [_thread_blocked, id=19715, stack(0x0000700006751000,0x0000700006851000)]
=>0x00007febe080a800 JavaThread "JDWP Transport Listener: dt_socket" daemon [_thread_in_vm, id=19203, stack(0x000070000664e000,0x000070000674e000)]
  0x00007febe0809000 JavaThread "Signal Dispatcher" daemon [_thread_blocked, id=18691, stack(0x000070000654b000,0x000070000664b000)]
  0x00007febde810000 JavaThread "Finalizer" daemon [_thread_blocked, id=14595, stack(0x0000700006448000,0x0000700006548000)]
  0x00007febe0800800 JavaThread "Reference Handler" daemon [_thread_blocked, id=14083, stack(0x0000700006345000,0x0000700006445000)]

Other Threads:
  0x00007febde80d800 VMThread [stack: 0x0000700006242000,0x0000700006342000] [id=13571]
  0x00007febe11be800 WatcherThread [stack: 0x000070000716f000,0x000070000726f000] [id=24835]

VM state:not at safepoint (normal execution)

VM Mutex/Monitor currently owned by a thread: None

Heap:
 PSYoungGen      total 302080K, used 259892K [0x000000076ab00000, 0x000000077ed80000, 0x00000007c0000000)
  eden space 288768K, 85% used [0x000000076ab00000,0x0000000779bd1a48,0x000000077c500000)
  from space 13312K, 99% used [0x000000077e080000,0x000000077ed7b800,0x000000077ed80000)
  to   space 18432K, 0% used [0x000000077c980000,0x000000077c980000,0x000000077db80000)
 ParOldGen       total 165888K, used 24045K [0x00000006c0000000, 0x00000006ca200000, 0x000000076ab00000)
  object space 165888K, 14% used [0x00000006c0000000,0x00000006c177b698,0x00000006ca200000)
 Metaspace       used 50035K, capacity 50742K, committed 50944K, reserved 1093632K
  class space    used 6430K, capacity 6595K, committed 6656K, reserved 1048576K

Card table byte_map: [0x0000000109d49000,0x000000010a54a000] byte_map_base: 0x0000000106749000

Marking Bits: (ParMarkBitMap*) 0x00000001092dee20
 Begin Bits: [0x000000010aaa0000, 0x000000010eaa0000)
 End Bits:   [0x000000010eaa0000, 0x0000000112aa0000)

Polling page: 0x000000010790c000

CodeCache: size=245760Kb used=11617Kb max_used=11617Kb free=234142Kb
 bounds [0x0000000116ac6000, 0x0000000117626000, 0x0000000125ac6000]
 total_blobs=5961 nmethods=5223 adapters=658
 compilation: enabled

Compilation events (10 events):
Event: 1037.102 Thread 0x00007febe083a800 5326       1       java.util.TreeMap::keyIterator (13 bytes)
Event: 1037.103 Thread 0x00007febe083a800 nmethod 5326 0x00000001176201d0 code [0x0000000117620340, 0x0000000117620550]
Event: 1037.103 Thread 0x00007febe083a800 5327       1       java.util.TreeMap$KeyIterator::<init> (12 bytes)
Event: 1037.103 Thread 0x00007febe083a800 nmethod 5327 0x0000000117620690 code [0x00000001176207e0, 0x0000000117620950]
Event: 1097.108 Thread 0x00007febe083a800 5328       1       org.apache.catalina.core.StandardPipeline::getFirst (17 bytes)
Event: 1097.108 Thread 0x00007febe083a800 nmethod 5328 0x0000000117620a10 code [0x0000000117620b60, 0x0000000117620c90]
Event: 1157.116 Thread 0x00007febe083a800 5329       1       org.apache.catalina.valves.ValveBase::backgroundProcess (1 bytes)
Event: 1157.117 Thread 0x00007febe083a800 nmethod 5329 0x0000000117620d10 code [0x0000000117620e60, 0x0000000117620f70]
Event: 1221.019 Thread 0x00007febe083a800 5330       1       org.apache.tomcat.jdbc.pool.FairBlockingQueue::size (8 bytes)
Event: 1221.020 Thread 0x00007febe083a800 nmethod 5330 0x0000000117620fd0 code [0x0000000117621120, 0x0000000117621230]

GC Heap History (10 events):
Event: 2.553 GC heap before
{Heap before GC invocations=6 (full 1):
 PSYoungGen      total 141824K, used 131072K [0x000000076ab00000, 0x0000000774000000, 0x00000007c0000000)
  eden space 131072K, 100% used [0x000000076ab00000,0x0000000772b00000,0x0000000772b00000)
  from space 10752K, 0% used [0x0000000773580000,0x0000000773580000,0x0000000774000000)
  to   space 10752K, 0% used [0x0000000772b00000,0x0000000772b00000,0x0000000773580000)
 ParOldGen       total 103424K, used 8932K [0x00000006c0000000, 0x00000006c6500000, 0x000000076ab00000)
  object space 103424K, 8% used [0x00000006c0000000,0x00000006c08b9280,0x00000006c6500000)
 Metaspace       used 26995K, capacity 27422K, committed 27648K, reserved 1073152K
  class space    used 3421K, capacity 3546K, committed 3584K, reserved 1048576K
Event: 2.563 GC heap after
Heap after GC invocations=6 (full 1):
 PSYoungGen      total 141824K, used 10746K [0x000000076ab00000, 0x0000000778900000, 0x00000007c0000000)
  eden space 131072K, 0% used [0x000000076ab00000,0x000000076ab00000,0x0000000772b00000)
  from space 10752K, 99% used [0x0000000772b00000,0x000000077357e948,0x0000000773580000)
  to   space 13824K, 0% used [0x0000000777b80000,0x0000000777b80000,0x0000000778900000)
 ParOldGen       total 103424K, used 11402K [0x00000006c0000000, 0x00000006c6500000, 0x000000076ab00000)
  object space 103424K, 11% used [0x00000006c0000000,0x00000006c0b22b48,0x00000006c6500000)
 Metaspace       used 26995K, capacity 27422K, committed 27648K, reserved 1073152K
  class space    used 3421K, capacity 3546K, committed 3584K, reserved 1048576K
}
Event: 3.151 GC heap before
{Heap before GC invocations=7 (full 1):
 PSYoungGen      total 141824K, used 141818K [0x000000076ab00000, 0x0000000778900000, 0x00000007c0000000)
  eden space 131072K, 100% used [0x000000076ab00000,0x0000000772b00000,0x0000000772b00000)
  from space 10752K, 99% used [0x0000000772b00000,0x000000077357e948,0x0000000773580000)
  to   space 13824K, 0% used [0x0000000777b80000,0x0000000777b80000,0x0000000778900000)
 ParOldGen       total 103424K, used 11402K [0x00000006c0000000, 0x00000006c6500000, 0x000000076ab00000)
  object space 103424K, 11% used [0x00000006c0000000,0x00000006c0b22b48,0x00000006c6500000)
 Metaspace       used 31003K, capacity 31428K, committed 31744K, reserved 1077248K
  class space    used 3911K, capacity 4027K, committed 4096K, reserved 1048576K
Event: 3.163 GC heap after
Heap after GC invocations=7 (full 1):
 PSYoungGen      total 210944K, used 13820K [0x000000076ab00000, 0x0000000778b80000, 0x00000007c0000000)
  eden space 197120K, 0% used [0x000000076ab00000,0x000000076ab00000,0x0000000776b80000)
  from space 13824K, 99% used [0x0000000777b80000,0x00000007788ff178,0x0000000778900000)
  to   space 16384K, 0% used [0x0000000776b80000,0x0000000776b80000,0x0000000777b80000)
 ParOldGen       total 103424K, used 12806K [0x00000006c0000000, 0x00000006c6500000, 0x000000076ab00000)
  object space 103424K, 12% used [0x00000006c0000000,0x00000006c0c818d8,0x00000006c6500000)
 Metaspace       used 31003K, capacity 31428K, committed 31744K, reserved 1077248K
  class space    used 3911K, capacity 4027K, committed 4096K, reserved 1048576K
}
Event: 3.547 GC heap before
{Heap before GC invocations=8 (full 1):
 PSYoungGen      total 210944K, used 63934K [0x000000076ab00000, 0x0000000778b80000, 0x00000007c0000000)
  eden space 197120K, 25% used [0x000000076ab00000,0x000000076dbf07e0,0x0000000776b80000)
  from space 13824K, 99% used [0x0000000777b80000,0x00000007788ff178,0x0000000778900000)
  to   space 16384K, 0% used [0x0000000776b80000,0x0000000776b80000,0x0000000777b80000)
 ParOldGen       total 103424K, used 12806K [0x00000006c0000000, 0x00000006c6500000, 0x000000076ab00000)
  object space 103424K, 12% used [0x00000006c0000000,0x00000006c0c818d8,0x00000006c6500000)
 Metaspace       used 34944K, capacity 35338K, committed 35496K, reserved 1081344K
  class space    used 4506K, capacity 4604K, committed 4608K, reserved 1048576K
Event: 3.559 GC heap after
Heap after GC invocations=8 (full 1):
 PSYoungGen      total 213504K, used 16360K [0x000000076ab00000, 0x000000077f280000, 0x00000007c0000000)
  eden space 197120K, 0% used [0x000000076ab00000,0x000000076ab00000,0x0000000776b80000)
  from space 16384K, 99% used [0x0000000776b80000,0x0000000777b7a310,0x0000000777b80000)
  to   space 18432K, 0% used [0x000000077e080000,0x000000077e080000,0x000000077f280000)
 ParOldGen       total 103424K, used 13054K [0x00000006c0000000, 0x00000006c6500000, 0x000000076ab00000)
  object space 103424K, 12% used [0x00000006c0000000,0x00000006c0cbfb20,0x00000006c6500000)
 Metaspace       used 34944K, capacity 35338K, committed 35496K, reserved 1081344K
  class space    used 4506K, capacity 4604K, committed 4608K, reserved 1048576K
}
Event: 3.559 GC heap before
{Heap before GC invocations=9 (full 2):
 PSYoungGen      total 213504K, used 16360K [0x000000076ab00000, 0x000000077f280000, 0x00000007c0000000)
  eden space 197120K, 0% used [0x000000076ab00000,0x000000076ab00000,0x0000000776b80000)
  from space 16384K, 99% used [0x0000000776b80000,0x0000000777b7a310,0x0000000777b80000)
  to   space 18432K, 0% used [0x000000077e080000,0x000000077e080000,0x000000077f280000)
 ParOldGen       total 103424K, used 13054K [0x00000006c0000000, 0x00000006c6500000, 0x000000076ab00000)
  object space 103424K, 12% used [0x00000006c0000000,0x00000006c0cbfb20,0x00000006c6500000)
 Metaspace       used 34944K, capacity 35338K, committed 35496K, reserved 1081344K
  class space    used 4506K, capacity 4604K, committed 4608K, reserved 1048576K
Event: 3.604 GC heap after
Heap after GC invocations=9 (full 2):
 PSYoungGen      total 213504K, used 0K [0x000000076ab00000, 0x000000077f280000, 0x00000007c0000000)
  eden space 197120K, 0% used [0x000000076ab00000,0x000000076ab00000,0x0000000776b80000)
  from space 16384K, 0% used [0x0000000776b80000,0x0000000776b80000,0x0000000777b80000)
  to   space 18432K, 0% used [0x000000077e080000,0x000000077e080000,0x000000077f280000)
 ParOldGen       total 165888K, used 24037K [0x00000006c0000000, 0x00000006ca200000, 0x000000076ab00000)
  object space 165888K, 14% used [0x00000006c0000000,0x00000006c1779698,0x00000006ca200000)
 Metaspace       used 34944K, capacity 35338K, committed 35496K, reserved 1081344K
  class space    used 4506K, capacity 4604K, committed 4608K, reserved 1048576K
}
Event: 5.427 GC heap before
{Heap before GC invocations=10 (full 2):
 PSYoungGen      total 213504K, used 197120K [0x000000076ab00000, 0x000000077f280000, 0x00000007c0000000)
  eden space 197120K, 100% used [0x000000076ab00000,0x0000000776b80000,0x0000000776b80000)
  from space 16384K, 0% used [0x0000000776b80000,0x0000000776b80000,0x0000000777b80000)
  to   space 18432K, 0% used [0x000000077e080000,0x000000077e080000,0x000000077f280000)
 ParOldGen       total 165888K, used 24037K [0x00000006c0000000, 0x00000006ca200000, 0x000000076ab00000)
  object space 165888K, 14% used [0x00000006c0000000,0x00000006c1779698,0x00000006ca200000)
 Metaspace       used 41865K, capacity 42346K, committed 42752K, reserved 1087488K
  class space    used 5469K, capacity 5580K, committed 5632K, reserved 1048576K
Event: 5.438 GC heap after
Heap after GC invocations=10 (full 2):
 PSYoungGen      total 302080K, used 13294K [0x000000076ab00000, 0x000000077ed80000, 0x00000007c0000000)
  eden space 288768K, 0% used [0x000000076ab00000,0x000000076ab00000,0x000000077c500000)
  from space 13312K, 99% used [0x000000077e080000,0x000000077ed7b800,0x000000077ed80000)
  to   space 18432K, 0% used [0x000000077c980000,0x000000077c980000,0x000000077db80000)
 ParOldGen       total 165888K, used 24045K [0x00000006c0000000, 0x00000006ca200000, 0x000000076ab00000)
  object space 165888K, 14% used [0x00000006c0000000,0x00000006c177b698,0x00000006ca200000)
 Metaspace       used 41865K, capacity 42346K, committed 42752K, reserved 1087488K
  class space    used 5469K, capacity 5580K, committed 5632K, reserved 1048576K
}

Deoptimization events (0 events):
No events

Internal exceptions (10 events):
Event: 9.875 Thread 0x00007febdeacd800 Exception <a 'java/lang/ArrayIndexOutOfBoundsException'> (0x0000000775babc90) thrown at [/Users/java_re/workspace/8-2-build-macosx-x86_64/jdk8u60/4407/hotspot/src/share/vm/runtime/sharedRuntime.cpp, line 605]
Event: 9.876 Thread 0x00007febdeacd800 Exception <a 'java/lang/ClassNotFoundException': org/springframework/web/servlet/ViewCustomizer> (0x0000000775bcf7a8) thrown at [/Users/java_re/workspace/8-2-build-macosx-x86_64/jdk8u60/4407/hotspot/src/share/vm/classfile/systemDictionary.cpp, line 210]
Event: 9.876 Thread 0x00007febdeacd800 Exception <a 'java/lang/ArrayIndexOutOfBoundsException'> (0x0000000775bd1220) thrown at [/Users/java_re/workspace/8-2-build-macosx-x86_64/jdk8u60/4407/hotspot/src/share/vm/runtime/sharedRuntime.cpp, line 605]
Event: 9.876 Thread 0x00007febdeacd800 Exception <a 'java/lang/ClassNotFoundException': org/springframework/beans/factory/BeanNameAwareCustomizer> (0x0000000775bee800) thrown at [/Users/java_re/workspace/8-2-build-macosx-x86_64/jdk8u60/4407/hotspot/src/share/vm/classfile/systemDictionary.cpp, 
Event: 9.877 Thread 0x00007febdeacd800 Exception <a 'java/lang/ClassNotFoundException': org/springframework/web/context/ServletContextAwareCustomizer> (0x0000000775c0c930) thrown at [/Users/java_re/workspace/8-2-build-macosx-x86_64/jdk8u60/4407/hotspot/src/share/vm/classfile/systemDictionary.c
Event: 9.878 Thread 0x00007febdeacd800 Exception <a 'java/lang/ClassNotFoundException': org/springframework/context/ApplicationContextAwareCustomizer> (0x0000000775c2a930) thrown at [/Users/java_re/workspace/8-2-build-macosx-x86_64/jdk8u60/4407/hotspot/src/share/vm/classfile/systemDictionary.c
Event: 13.400 Thread 0x00007febe0170000 Exception <a 'java/lang/ArrayIndexOutOfBoundsException'> (0x0000000778281dd8) thrown at [/Users/java_re/workspace/8-2-build-macosx-x86_64/jdk8u60/4407/hotspot/src/share/vm/runtime/sharedRuntime.cpp, line 605]
Event: 21.439 Thread 0x00007febe0170800 Exception <a 'java/lang/ArrayIndexOutOfBoundsException'> (0x000000077872db88) thrown at [/Users/java_re/workspace/8-2-build-macosx-x86_64/jdk8u60/4407/hotspot/src/share/vm/runtime/sharedRuntime.cpp, line 605]
Event: 546.818 Thread 0x00007febe0170000 Exception <a 'java/lang/ArrayIndexOutOfBoundsException'> (0x00000007797bbd88) thrown at [/Users/java_re/workspace/8-2-build-macosx-x86_64/jdk8u60/4407/hotspot/src/share/vm/runtime/sharedRuntime.cpp, line 605]
Event: 560.509 Thread 0x00007febe0309800 Exception <a 'java/lang/ArrayIndexOutOfBoundsException'> (0x0000000779a03f98) thrown at [/Users/java_re/workspace/8-2-build-macosx-x86_64/jdk8u60/4407/hotspot/src/share/vm/runtime/sharedRuntime.cpp, line 605]

Events (10 events):
Event: 565.000 Thread 0x00007febe13f1000 DEOPT PACKING pc=0x00000001175c6fde sp=0x000070000839e800
Event: 565.000 Thread 0x00007febe13f1000 DEOPT UNPACKING pc=0x0000000116b0d633 sp=0x000070000839e538 mode 1
Event: 565.000 Thread 0x00007febe13f1000 DEOPT PACKING pc=0x0000000116d6b9c4 sp=0x000070000839e860
Event: 565.000 Thread 0x00007febe13f1000 DEOPT UNPACKING pc=0x0000000116b0d633 sp=0x000070000839e5d0 mode 1
Event: 607.079 Executing VM operation: RevokeBias
Event: 607.079 Executing VM operation: RevokeBias done
Event: 607.133 Executing VM operation: RevokeBias
Event: 607.133 Executing VM operation: RevokeBias done
Event: 1244.400 Executing VM operation: RedefineClasses
Event: 1244.440 Executing VM operation: RedefineClasses done


Dynamic libraries:
0x000000000940a000 	/System/Library/Frameworks/Cocoa.framework/Versions/A/Cocoa
0x000000000940a000 	/System/Library/Frameworks/Security.framework/Versions/A/Security
0x000000000940a000 	/System/Library/Frameworks/ApplicationServices.framework/Versions/A/ApplicationServices
0x000000000940a000 	/usr/lib/libz.1.dylib
0x000000000940a000 	/usr/lib/libSystem.B.dylib
0x000000000940a000 	/usr/lib/libobjc.A.dylib
0x000000000940a000 	/System/Library/Frameworks/CoreFoundation.framework/Versions/A/CoreFoundation
0x000000000940a000 	/System/Library/Frameworks/Foundation.framework/Versions/C/Foundation
0x000000000940a000 	/System/Library/Frameworks/AppKit.framework/Versions/C/AppKit
0x000000000940a000 	/System/Library/Frameworks/CoreData.framework/Versions/A/CoreData
0x000000000940a000 	/System/Library/PrivateFrameworks/RemoteViewServices.framework/Versions/A/RemoteViewServices
0x000000000940a000 	/System/Library/PrivateFrameworks/UIFoundation.framework/Versions/A/UIFoundation
0x000000000940a000 	/System/Library/PrivateFrameworks/DFRFoundation.framework/Versions/A/DFRFoundation
0x000000000940a000 	/usr/lib/libenergytrace.dylib
0x000000000940a000 	/System/Library/PrivateFrameworks/SkyLight.framework/Versions/A/SkyLight
0x000000000940a000 	/System/Library/Frameworks/CoreGraphics.framework/Versions/A/CoreGraphics
0x000000000940a000 	/usr/lib/libScreenReader.dylib
0x000000000940a000 	/System/Library/Frameworks/Accelerate.framework/Versions/A/Accelerate
0x000000000940a000 	/System/Library/Frameworks/IOSurface.framework/Versions/A/IOSurface
0x000000000940a000 	/System/Library/Frameworks/AudioToolbox.framework/Versions/A/AudioToolbox
0x000000000940a000 	/System/Library/Frameworks/AudioUnit.framework/Versions/A/AudioUnit
0x000000000940a000 	/System/Library/PrivateFrameworks/DataDetectorsCore.framework/Versions/A/DataDetectorsCore
0x000000000940a000 	/System/Library/PrivateFrameworks/DesktopServicesPriv.framework/Versions/A/DesktopServicesPriv
0x000000000940a000 	/System/Library/Frameworks/Carbon.framework/Versions/A/Frameworks/HIToolbox.framework/Versions/A/HIToolbox
0x000000000940a000 	/usr/lib/libicucore.A.dylib
0x000000000940a000 	/System/Library/Frameworks/QuartzCore.framework/Versions/A/QuartzCore
0x000000000940a000 	/System/Library/Frameworks/Carbon.framework/Versions/A/Frameworks/SpeechRecognition.framework/Versions/A/SpeechRecognition
0x000000000940a000 	/usr/lib/libauto.dylib
0x000000000940a000 	/usr/lib/libxml2.2.dylib
0x000000000940a000 	/System/Library/PrivateFrameworks/CoreUI.framework/Versions/A/CoreUI
0x000000000940a000 	/System/Library/Frameworks/CoreAudio.framework/Versions/A/CoreAudio
0x000000000940a000 	/System/Library/Frameworks/DiskArbitration.framework/Versions/A/DiskArbitration
0x000000000940a000 	/usr/lib/liblangid.dylib
0x000000000940a000 	/System/Library/PrivateFrameworks/MultitouchSupport.framework/Versions/A/MultitouchSupport
0x000000000940a000 	/System/Library/Frameworks/IOKit.framework/Versions/A/IOKit
0x000000000940a000 	/usr/lib/libDiagnosticMessagesClient.dylib
0x000000000940a000 	/System/Library/Frameworks/CoreServices.framework/Versions/A/CoreServices
0x000000000940a000 	/System/Library/PrivateFrameworks/PerformanceAnalysis.framework/Versions/A/PerformanceAnalysis
0x000000000940a000 	/System/Library/PrivateFrameworks/GenerationalStorage.framework/Versions/A/GenerationalStorage
0x000000000940a000 	/System/Library/Frameworks/OpenGL.framework/Versions/A/OpenGL
0x000000000940a000 	/System/Library/Frameworks/CoreImage.framework/Versions/A/CoreImage
0x000000000940a000 	/System/Library/Frameworks/CoreText.framework/Versions/A/CoreText
0x000000000940a000 	/System/Library/Frameworks/ImageIO.framework/Versions/A/ImageIO
0x000000000940a000 	/System/Library/PrivateFrameworks/Backup.framework/Versions/A/Backup
0x000000000940a000 	/usr/lib/libarchive.2.dylib
0x000000000940a000 	/System/Library/Frameworks/CFNetwork.framework/Versions/A/CFNetwork
0x000000000940a000 	/System/Library/Frameworks/SystemConfiguration.framework/Versions/A/SystemConfiguration
0x000000000940a000 	/usr/lib/libCRFSuite.dylib
0x000000000940a000 	/usr/lib/libc++.1.dylib
0x000000000940a000 	/usr/lib/libc++abi.dylib
0x000000000940a000 	/usr/lib/system/libcache.dylib
0x000000000940a000 	/usr/lib/system/libcommonCrypto.dylib
0x000000000940a000 	/usr/lib/system/libcompiler_rt.dylib
0x000000000940a000 	/usr/lib/system/libcopyfile.dylib
0x000000000940a000 	/usr/lib/system/libcorecrypto.dylib
0x000000000940a000 	/usr/lib/system/libdispatch.dylib
0x000000000940a000 	/usr/lib/system/libdyld.dylib
0x000000000940a000 	/usr/lib/system/libkeymgr.dylib
0x000000000940a000 	/usr/lib/system/liblaunch.dylib
0x000000000940a000 	/usr/lib/system/libmacho.dylib
0x000000000940a000 	/usr/lib/system/libquarantine.dylib
0x000000000940a000 	/usr/lib/system/libremovefile.dylib
0x000000000940a000 	/usr/lib/system/libsystem_asl.dylib
0x000000000940a000 	/usr/lib/system/libsystem_blocks.dylib
0x000000000940a000 	/usr/lib/system/libsystem_c.dylib
0x000000000940a000 	/usr/lib/system/libsystem_configuration.dylib
0x000000000940a000 	/usr/lib/system/libsystem_coreservices.dylib
0x000000000940a000 	/usr/lib/system/libsystem_coretls.dylib
0x000000000940a000 	/usr/lib/system/libsystem_dnssd.dylib
0x000000000940a000 	/usr/lib/system/libsystem_info.dylib
0x000000000940a000 	/usr/lib/system/libsystem_kernel.dylib
0x000000000940a000 	/usr/lib/system/libsystem_m.dylib
0x000000000940a000 	/usr/lib/system/libsystem_malloc.dylib
0x000000000940a000 	/usr/lib/system/libsystem_network.dylib
0x000000000940a000 	/usr/lib/system/libsystem_networkextension.dylib
0x000000000940a000 	/usr/lib/system/libsystem_notify.dylib
0x000000000940a000 	/usr/lib/system/libsystem_platform.dylib
0x000000000940a000 	/usr/lib/system/libsystem_pthread.dylib
0x000000000940a000 	/usr/lib/system/libsystem_sandbox.dylib
0x000000000940a000 	/usr/lib/system/libsystem_secinit.dylib
0x000000000940a000 	/usr/lib/system/libsystem_symptoms.dylib
0x000000000940a000 	/usr/lib/system/libsystem_trace.dylib
0x000000000940a000 	/usr/lib/system/libunwind.dylib
0x000000000940a000 	/usr/lib/system/libxpc.dylib
0x000000000940a000 	/usr/lib/libbsm.0.dylib
0x000000000940a000 	/usr/lib/system/libkxld.dylib
0x000000000940a000 	/usr/lib/libcoretls.dylib
0x000000000940a000 	/usr/lib/libcoretls_cfhelpers.dylib
0x000000000940a000 	/usr/lib/libOpenScriptingUtil.dylib
0x000000000940a000 	/usr/lib/libpam.2.dylib
0x000000000940a000 	/usr/lib/libsqlite3.dylib
0x000000000940a000 	/usr/lib/libxar.1.dylib
0x000000000940a000 	/usr/lib/libbz2.1.0.dylib
0x000000000940a000 	/usr/lib/liblzma.5.dylib
0x000000000940a000 	/usr/lib/libnetwork.dylib
0x000000000940a000 	/usr/lib/libpcap.A.dylib
0x000000000940a000 	/System/Library/Frameworks/CoreServices.framework/Versions/A/Frameworks/FSEvents.framework/Versions/A/FSEvents
0x000000000940a000 	/System/Library/Frameworks/CoreServices.framework/Versions/A/Frameworks/CarbonCore.framework/Versions/A/CarbonCore
0x000000000940a000 	/System/Library/Frameworks/CoreServices.framework/Versions/A/Frameworks/Metadata.framework/Versions/A/Metadata
0x000000000940a000 	/System/Library/Frameworks/CoreServices.framework/Versions/A/Frameworks/OSServices.framework/Versions/A/OSServices
0x000000000940a000 	/System/Library/Frameworks/CoreServices.framework/Versions/A/Frameworks/SearchKit.framework/Versions/A/SearchKit
0x000000000940a000 	/System/Library/Frameworks/CoreServices.framework/Versions/A/Frameworks/AE.framework/Versions/A/AE
0x000000000940a000 	/System/Library/Frameworks/CoreServices.framework/Versions/A/Frameworks/LaunchServices.framework/Versions/A/LaunchServices
0x000000000940a000 	/System/Library/Frameworks/CoreServices.framework/Versions/A/Frameworks/DictionaryServices.framework/Versions/A/DictionaryServices
0x000000000940a000 	/System/Library/Frameworks/CoreServices.framework/Versions/A/Frameworks/SharedFileList.framework/Versions/A/SharedFileList
0x000000000940a000 	/System/Library/Frameworks/NetFS.framework/Versions/A/NetFS
0x000000000940a000 	/System/Library/PrivateFrameworks/NetAuth.framework/Versions/A/NetAuth
0x000000000940a000 	/System/Library/PrivateFrameworks/login.framework/Versions/A/Frameworks/loginsupport.framework/Versions/A/loginsupport
0x000000000940a000 	/System/Library/PrivateFrameworks/TCC.framework/Versions/A/TCC
0x000000000940a000 	/usr/lib/libmecabra.dylib
0x000000000940a000 	/System/Library/Frameworks/ApplicationServices.framework/Versions/A/Frameworks/ATS.framework/Versions/A/ATS
0x000000000940a000 	/System/Library/Frameworks/ApplicationServices.framework/Versions/A/Frameworks/ColorSync.framework/Versions/A/ColorSync
0x000000000940a000 	/System/Library/Frameworks/ApplicationServices.framework/Versions/A/Frameworks/HIServices.framework/Versions/A/HIServices
0x000000000940a000 	/System/Library/Frameworks/ApplicationServices.framework/Versions/A/Frameworks/LangAnalysis.framework/Versions/A/LangAnalysis
0x000000000940a000 	/System/Library/Frameworks/ApplicationServices.framework/Versions/A/Frameworks/PrintCore.framework/Versions/A/PrintCore
0x000000000940a000 	/System/Library/Frameworks/ApplicationServices.framework/Versions/A/Frameworks/QD.framework/Versions/A/QD
0x000000000940a000 	/System/Library/Frameworks/ApplicationServices.framework/Versions/A/Frameworks/SpeechSynthesis.framework/Versions/A/SpeechSynthesis
0x000000000940a000 	/System/Library/Frameworks/Accelerate.framework/Versions/A/Frameworks/vImage.framework/Versions/A/vImage
0x000000000940a000 	/System/Library/Frameworks/Accelerate.framework/Versions/A/Frameworks/vecLib.framework/Versions/A/vecLib
0x000000000940a000 	/System/Library/Frameworks/Accelerate.framework/Versions/A/Frameworks/vecLib.framework/Versions/A/libvDSP.dylib
0x000000000940a000 	/System/Library/Frameworks/Accelerate.framework/Versions/A/Frameworks/vecLib.framework/Versions/A/libBNNS.dylib
0x000000000940a000 	/System/Library/Frameworks/Accelerate.framework/Versions/A/Frameworks/vecLib.framework/Versions/A/libQuadrature.dylib
0x000000000940a000 	/System/Library/Frameworks/Accelerate.framework/Versions/A/Frameworks/vecLib.framework/Versions/A/libvMisc.dylib
0x000000000940a000 	/System/Library/Frameworks/Accelerate.framework/Versions/A/Frameworks/vecLib.framework/Versions/A/libLAPACK.dylib
0x000000000940a000 	/System/Library/Frameworks/Accelerate.framework/Versions/A/Frameworks/vecLib.framework/Versions/A/libBLAS.dylib
0x000000000940a000 	/System/Library/Frameworks/Accelerate.framework/Versions/A/Frameworks/vecLib.framework/Versions/A/libLinearAlgebra.dylib
0x000000000940a000 	/System/Library/Frameworks/Accelerate.framework/Versions/A/Frameworks/vecLib.framework/Versions/A/libSparseBLAS.dylib
0x000000000940a000 	/System/Library/Frameworks/ApplicationServices.framework/Versions/A/Frameworks/ATS.framework/Versions/A/Resources/libFontParser.dylib
0x000000000940a000 	/System/Library/Frameworks/ApplicationServices.framework/Versions/A/Frameworks/ATS.framework/Versions/A/Resources/libFontRegistry.dylib
0x000000000940a000 	/System/Library/Frameworks/ImageIO.framework/Versions/A/Resources/libJPEG.dylib
0x000000000940a000 	/System/Library/Frameworks/ImageIO.framework/Versions/A/Resources/libTIFF.dylib
0x000000000940a000 	/System/Library/Frameworks/ImageIO.framework/Versions/A/Resources/libPng.dylib
0x000000000940a000 	/System/Library/Frameworks/ImageIO.framework/Versions/A/Resources/libGIF.dylib
0x000000000940a000 	/System/Library/Frameworks/ImageIO.framework/Versions/A/Resources/libJP2.dylib
0x000000000940a000 	/System/Library/Frameworks/ImageIO.framework/Versions/A/Resources/libRadiance.dylib
0x000000000940a000 	/usr/lib/libcompression.dylib
0x000000000940a000 	/System/Library/PrivateFrameworks/AppleJPEG.framework/Versions/A/AppleJPEG
0x000000000940a000 	/usr/lib/libcups.2.dylib
0x000000000940a000 	/System/Library/Frameworks/Kerberos.framework/Versions/A/Kerberos
0x000000000940a000 	/System/Library/Frameworks/GSS.framework/Versions/A/GSS
0x000000000940a000 	/usr/lib/libresolv.9.dylib
0x000000000940a000 	/usr/lib/libiconv.2.dylib
0x000000000940a000 	/System/Library/PrivateFrameworks/Heimdal.framework/Versions/A/Heimdal
0x000000000940a000 	/usr/lib/libheimdal-asn1.dylib
0x000000000940a000 	/System/Library/Frameworks/OpenDirectory.framework/Versions/A/OpenDirectory
0x000000000940a000 	/System/Library/PrivateFrameworks/CommonAuth.framework/Versions/A/CommonAuth
0x000000000940a000 	/System/Library/Frameworks/OpenDirectory.framework/Versions/A/Frameworks/CFOpenDirectory.framework/Versions/A/CFOpenDirectory
0x000000000940a000 	/System/Library/Frameworks/SecurityFoundation.framework/Versions/A/SecurityFoundation
0x000000000940a000 	/System/Library/PrivateFrameworks/LanguageModeling.framework/Versions/A/LanguageModeling
0x000000000940a000 	/usr/lib/libmarisa.dylib
0x000000000940a000 	/usr/lib/libChineseTokenizer.dylib
0x000000000940a000 	/usr/lib/libcmph.dylib
0x000000000940a000 	/System/Library/PrivateFrameworks/CoreEmoji.framework/Versions/A/CoreEmoji
0x000000000940a000 	/System/Library/Frameworks/ServiceManagement.framework/Versions/A/ServiceManagement
0x000000000940a000 	/usr/lib/libxslt.1.dylib
0x000000000940a000 	/System/Library/Frameworks/Carbon.framework/Versions/A/Frameworks/Ink.framework/Versions/A/Ink
0x000000000940a000 	/System/Library/PrivateFrameworks/TextureIO.framework/Versions/A/TextureIO
0x000000000940a000 	/System/Library/Frameworks/Metal.framework/Versions/A/Metal
0x000000000940a000 	/usr/lib/libate.dylib
0x000000000940a000 	/System/Library/PrivateFrameworks/GPUCompiler.framework/libmetal_timestamp.dylib
0x000000000940a000 	/System/Library/Frameworks/OpenGL.framework/Versions/A/Libraries/libCoreFSCache.dylib
0x000000000940a000 	/System/Library/PrivateFrameworks/IOAccelerator.framework/Versions/A/IOAccelerator
0x000000000940a000 	/System/Library/Frameworks/CoreVideo.framework/Versions/A/CoreVideo
0x000000000940a000 	/usr/lib/libFosl_dynamic.dylib
0x000000000940a000 	/System/Library/PrivateFrameworks/MetalPerformanceShaders.framework/Versions/A/MetalPerformanceShaders
0x000000000940a000 	/System/Library/PrivateFrameworks/FaceCore.framework/Versions/A/FaceCore
0x000000000940a000 	/System/Library/Frameworks/OpenCL.framework/Versions/A/OpenCL
0x000000000940a000 	/System/Library/Frameworks/OpenGL.framework/Versions/A/Libraries/libGLU.dylib
0x000000000940a000 	/System/Library/Frameworks/OpenGL.framework/Versions/A/Libraries/libGFXShared.dylib
0x000000000940a000 	/System/Library/Frameworks/OpenGL.framework/Versions/A/Libraries/libGL.dylib
0x000000000940a000 	/System/Library/Frameworks/OpenGL.framework/Versions/A/Libraries/libGLImage.dylib
0x000000000940a000 	/System/Library/Frameworks/OpenGL.framework/Versions/A/Libraries/libCVMSPluginSupport.dylib
0x000000000940a000 	/System/Library/Frameworks/OpenGL.framework/Versions/A/Libraries/libCoreVMClient.dylib
0x000000000940a000 	/System/Library/PrivateFrameworks/CrashReporterSupport.framework/Versions/A/CrashReporterSupport
0x000000000940a000 	/System/Library/PrivateFrameworks/Sharing.framework/Versions/A/Sharing
0x000000000940a000 	/System/Library/PrivateFrameworks/IconServices.framework/Versions/A/IconServices
0x000000000940a000 	/System/Library/PrivateFrameworks/ProtocolBuffer.framework/Versions/A/ProtocolBuffer
0x000000000940a000 	/System/Library/PrivateFrameworks/Apple80211.framework/Versions/A/Apple80211
0x000000000940a000 	/System/Library/Frameworks/CoreWLAN.framework/Versions/A/CoreWLAN
0x000000000940a000 	/System/Library/PrivateFrameworks/CoreUtils.framework/Versions/A/CoreUtils
0x000000000940a000 	/System/Library/Frameworks/IOBluetooth.framework/Versions/A/IOBluetooth
0x000000000940a000 	/System/Library/PrivateFrameworks/CoreWiFi.framework/Versions/A/CoreWiFi
0x000000000940a000 	/System/Library/Frameworks/CoreBluetooth.framework/Versions/A/CoreBluetooth
0x000000000940a000 	/System/Library/Frameworks/CoreDisplay.framework/Versions/A/CoreDisplay
0x000000000940a000 	/System/Library/PrivateFrameworks/IOPresentment.framework/Versions/A/IOPresentment
0x000000000940a000 	/System/Library/PrivateFrameworks/DSExternalDisplay.framework/Versions/A/DSExternalDisplay
0x000000000940a000 	/System/Library/PrivateFrameworks/DebugSymbols.framework/Versions/A/DebugSymbols
0x000000000940a000 	/System/Library/PrivateFrameworks/CoreSymbolication.framework/Versions/A/CoreSymbolication
0x000000000940a000 	/System/Library/PrivateFrameworks/Symbolication.framework/Versions/A/Symbolication
0x000000000940a000 	/System/Library/PrivateFrameworks/AppleFSCompression.framework/Versions/A/AppleFSCompression
0x000000000940a000 	/System/Library/PrivateFrameworks/SpeechRecognitionCore.framework/Versions/A/SpeechRecognitionCore
0x000000000940a000 	/System/Library/PrivateFrameworks/ChunkingLibrary.framework/Versions/A/ChunkingLibrary
0x0000000108a00000 	/Library/Java/JavaVirtualMachines/jdk1.8.0_60.jdk/Contents/Home/jre/lib/server/libjvm.dylib
0x000000000940a000 	/usr/lib/libstdc++.6.dylib
0x00000001078c9000 	/Library/Java/JavaVirtualMachines/jdk1.8.0_60.jdk/Contents/Home/jre/lib/libverify.dylib
0x00000001078d7000 	/Library/Java/JavaVirtualMachines/jdk1.8.0_60.jdk/Contents/Home/jre/lib/libjava.dylib
0x000000010790d000 	/Library/Java/JavaVirtualMachines/jdk1.8.0_60.jdk/Contents/Home/jre/lib/libjdwp.dylib
0x0000000107958000 	/Library/Java/JavaVirtualMachines/jdk1.8.0_60.jdk/Contents/Home/jre/lib/libnpt.dylib
0x0000000107965000 	/Library/Java/JavaVirtualMachines/jdk1.8.0_60.jdk/Contents/Home/jre/lib/libzip.dylib
0x00000001159c6000 	/System/Library/Frameworks/JavaVM.framework/Frameworks/JavaRuntimeSupport.framework/JavaRuntimeSupport
0x00000001079e7000 	/System/Library/Frameworks/JavaVM.framework/Versions/A/Frameworks/JavaNativeFoundation.framework/Versions/A/JavaNativeFoundation
0x00000001159e0000 	/System/Library/Frameworks/JavaVM.framework/Versions/A/JavaVM
0x000000000940a000 	/System/Library/Frameworks/Carbon.framework/Versions/A/Carbon
0x00000001159ed000 	/System/Library/PrivateFrameworks/JavaLaunching.framework/Versions/A/JavaLaunching
0x000000000940a000 	/System/Library/Frameworks/Carbon.framework/Versions/A/Frameworks/CommonPanels.framework/Versions/A/CommonPanels
0x000000000940a000 	/System/Library/Frameworks/Carbon.framework/Versions/A/Frameworks/Help.framework/Versions/A/Help
0x000000000940a000 	/System/Library/Frameworks/Carbon.framework/Versions/A/Frameworks/ImageCapture.framework/Versions/A/ImageCapture
0x000000000940a000 	/System/Library/Frameworks/Carbon.framework/Versions/A/Frameworks/OpenScripting.framework/Versions/A/OpenScripting
0x000000000940a000 	/System/Library/Frameworks/Carbon.framework/Versions/A/Frameworks/Print.framework/Versions/A/Print
0x000000000940a000 	/System/Library/Frameworks/Carbon.framework/Versions/A/Frameworks/SecurityHI.framework/Versions/A/SecurityHI
0x0000000115a43000 	/Library/Java/JavaVirtualMachines/jdk1.8.0_60.jdk/Contents/Home/jre/lib/libdt_socket.dylib
0x0000000115a4a000 	/Library/Java/JavaVirtualMachines/jdk1.8.0_60.jdk/Contents/Home/jre/lib/libmanagement.dylib
0x0000000115a58000 	/Library/Java/JavaVirtualMachines/jdk1.8.0_60.jdk/Contents/Home/jre/lib/libnet.dylib
0x0000000115ab7000 	/Library/Java/JavaVirtualMachines/jdk1.8.0_60.jdk/Contents/Home/jre/lib/libnio.dylib

VM Arguments:
jvm_args: -agentlib:jdwp=transport=dt_socket,address=127.0.0.1:50865,suspend=y,server=n -XX:TieredStopAtLevel=1 -Xverify:none -Dspring.output.ansi.enabled=always -Dcom.sun.management.jmxremote -Dcom.sun.management.jmxremote.port=50864 -Dcom.sun.management.jmxremote.authenticate=false -Dcom.sun.management.jmxremote.ssl=false -Dspring.liveBeansView.mbeanDomain -Dspring.application.admin.enabled=true -Dfile.encoding=UTF-8 
java_command: YoklamaApplication
java_class_path (initial): /Library/Java/JavaVirtualMachines/jdk1.8.0_60.jdk/Contents/Home/jre/lib/charsets.jar:/Library/Java/JavaVirtualMachines/jdk1.8.0_60.jdk/Contents/Home/jre/lib/deploy.jar:/Library/Java/JavaVirtualMachines/jdk1.8.0_60.jdk/Contents/Home/jre/lib/ext/cldrdata.jar:/Library/Java/JavaVirtualMachines/jdk1.8.0_60.jdk/Contents/Home/jre/lib/ext/dnsns.jar:/Library/Java/JavaVirtualMachines/jdk1.8.0_60.jdk/Contents/Home/jre/lib/ext/jaccess.jar:/Library/Java/JavaVirtualMachines/jdk1.8.0_60.jdk/Contents/Home/jre/lib/ext/jfxrt.jar:/Library/Java/JavaVirtualMachines/jdk1.8.0_60.jdk/Contents/Home/jre/lib/ext/localedata.jar:/Library/Java/JavaVirtualMachines/jdk1.8.0_60.jdk/Contents/Home/jre/lib/ext/nashorn.jar:/Library/Java/JavaVirtualMachines/jdk1.8.0_60.jdk/Contents/Home/jre/lib/ext/sunec.jar:/Library/Java/JavaVirtualMachines/jdk1.8.0_60.jdk/Contents/Home/jre/lib/ext/sunjce_provider.jar:/Library/Java/JavaVirtualMachines/jdk1.8.0_60.jdk/Contents/Home/jre/lib/ext/sunpkcs11.jar:/Library/Java/JavaVirtualMachines/jdk1.8.0_60.jdk/Contents/Home/jre/lib/ext/zipfs.jar:/Library/Java/JavaVirtualMachines/jdk1.8.0_60.jdk/Contents/Home/jre/lib/javaws.jar:/Library/Java/JavaVirtualMachines/jdk1.8.0_60.jdk/Contents/Home/jre/lib/jce.jar:/Library/Java/JavaVirtualMachines/jdk1.8.0_60.jdk/Contents/Home/jre/lib/jfr.jar:/Library/Java/JavaVirtualMachines/jdk1.8.0_60.jdk/Contents/Home/jre/lib/jfxswt.jar:/Library/Java/JavaVirtualMachines/jdk1.8.0_60.jdk/Contents/Home/jre/lib/jsse.jar:/Library/Java/JavaVirtualMachines/jdk1.8.0_60.jdk/Contents/Home/jre/lib/management-agent.jar:/Library/Java/JavaVirtualMachines/jdk1.8.0_60.jdk/Contents/Home/jre/lib/plugin.jar:/Library/Java/JavaVirtualMachines/jdk1.8.0_60.jdk/Contents/Home/jre/lib/resources.jar:/Library/Java/JavaVirtualMachines/jdk1.8.0_60.jdk/Contents/Home/jre/lib/rt.jar:/Library/Java/JavaVirtualMachines/jdk1.8.0_60.jdk/Contents/Home/lib/ant-javafx.jar:/Library/Java/JavaVirtualMachines/jdk1.8.0_60.jdk/Contents/Home/lib/dt.jar:/Library/Ja
Launcher Type: SUN_STANDARD

Environment Variables:
JAVA_HOME=/Library/Java/JavaVirtualMachines/jdk1.8.0_60.jdk/Contents/Home
PATH=/Users/Dogan/.sdkman/candidates/springboot/current/bin:/usr/bin:/bin:/usr/sbin:/sbin:/usr/local/bin:/etc/mongod.conf:../Users/Dogan/Etops/activator:/opt/X11/bin:/usr/local/git/bin:/Users/Dogan/Etops/activator/:/Library/PostgreSQL/9.3/bin:/Users/Dogan/.node/bin:/Applications/Couchbase Server.app/Contents/Resources/couchbase-core/bin/
SHELL=/bin/bash
DISPLAY=/private/tmp/com.apple.launchd.gTO0Fqo7Pk/org.macosforge.xquartz:0

Signal Handlers:
SIGSEGV: [libjvm.dylib+0x5a6d31], sa_mask[0]=11111111011111110111111111111111, sa_flags=SA_ONSTACK|SA_RESTART|SA_SIGINFO
SIGBUS: [libjvm.dylib+0x5a6d31], sa_mask[0]=11111111011111110111111111111111, sa_flags=SA_RESTART|SA_SIGINFO
SIGFPE: [libjvm.dylib+0x480a4c], sa_mask[0]=11111111011111110111111111111111, sa_flags=SA_RESTART|SA_SIGINFO
SIGPIPE: [libjvm.dylib+0x480a4c], sa_mask[0]=11111111011111110111111111111111, sa_flags=SA_RESTART|SA_SIGINFO
SIGXFSZ: [libjvm.dylib+0x480a4c], sa_mask[0]=11111111011111110111111111111111, sa_flags=SA_RESTART|SA_SIGINFO
SIGILL: [libjvm.dylib+0x480a4c], sa_mask[0]=11111111011111110111111111111111, sa_flags=SA_RESTART|SA_SIGINFO
SIGUSR1: SIG_DFL, sa_mask[0]=00000000000000000000000000000000, sa_flags=none
SIGUSR2: [libjvm.dylib+0x48056a], sa_mask[0]=00100000000000000000000000000000, sa_flags=SA_RESTART|SA_SIGINFO
SIGHUP: [libjvm.dylib+0x47eb41], sa_mask[0]=11111111011111110111111111111111, sa_flags=SA_RESTART|SA_SIGINFO
SIGINT: [libjvm.dylib+0x47eb41], sa_mask[0]=11111111011111110111111111111111, sa_flags=SA_RESTART|SA_SIGINFO
SIGTERM: [libjvm.dylib+0x47eb41], sa_mask[0]=11111111011111110111111111111111, sa_flags=SA_RESTART|SA_SIGINFO
SIGQUIT: [libjvm.dylib+0x47eb41], sa_mask[0]=11111111011111110111111111111111, sa_flags=SA_RESTART|SA_SIGINFO


---------------  S Y S T E M  ---------------

OS:Bsduname:Darwin 16.7.0 Darwin Kernel Version 16.7.0: Thu Jun 15 17:36:27 PDT 2017; root:xnu-3789.70.16~2/RELEASE_X86_64 x86_64
rlimit: STACK 8192k, CORE 0k, NPROC 709, NOFILE 10240, AS infinity
load average:2.61 2.72 3.00

CPU:total 8 (4 cores per cpu, 2 threads per core) family 6 model 58 stepping 9, cmov, cx8, fxsr, mmx, sse, sse2, sse3, ssse3, sse4.1, sse4.2, popcnt, avx, aes, clmul, erms, ht, tsc, tscinvbit, tscinv

Memory: 4k page, physical 16777216k(1702200k free)

/proc/meminfo:


vm_info: Java HotSpot(TM) 64-Bit Server VM (25.60-b23) for bsd-amd64 JRE (1.8.0_60-b27), built on Aug  4 2015 10:47:24 by "java_re" with gcc 4.2.1 (Based on Apple Inc. build 5658) (LLVM build 2336.11.00)

time: Thu Dec 28 03:16:12 2017
elapsed time: 1249 seconds (0d 0h 20m 49s)

