#
# A fatal error has been detected by the Java Runtime Environment:
#
#  SIGSEGV (0xb) at pc=0x0000000104a46914, pid=63477, tid=19203
#
# JRE version: Java(TM) SE Runtime Environment (8.0_60-b27) (build 1.8.0_60-b27)
# Java VM: Java HotSpot(TM) 64-Bit Server VM (25.60-b23 mixed mode bsd-amd64 compressed oops)
# Problematic frame:
# V  [libjvm.dylib+0x446914]  Method::checked_resolve_jmethod_id(_jmethodID*)+0xe
#
# Failed to write core dump. Core dumps have been disabled. To enable core dumping, try "ulimit -c unlimited" before starting Java again
#
# If you would like to submit a bug report, please visit:
#   http://bugreport.java.com/bugreport/crash.jsp
#

---------------  T H R E A D  ---------------

Current thread (0x00007f84d5827000):  JavaThread "JDWP Transport Listener: dt_socket" daemon [_thread_in_vm, id=19203, stack(0x0000700009e60000,0x0000700009f60000)]

siginfo: si_signo: 11 (SIGSEGV), si_code: 0 (unknown), si_addr: 0x0000000000000000

Registers:
RAX=0x0000000000000001, RBX=0x0000700009f5fa8b, RCX=0x0000000104e15310, RDX=0x0000700009f5fa8b
RSP=0x0000700009f5f9d0, RBP=0x0000700009f5f9e0, RSI=0x00007f84d5827000, RDI=0x000307f84d633655
R8 =0x0000000000000009, R9 =0x0000000000000000, R10=0x0000000000000001, R11=0x000000000000000a
R12=0x00007f84d5827000, R13=0x000307f84d633655, R14=0x000307f84d633655, R15=0x00007f84d1503110
RIP=0x0000000104a46914, EFLAGS=0x0000000000010206, ERR=0x0000000000000000
  TRAPNO=0x000000000000000d

Top of Stack: (sp=0x0000700009f5f9d0)
0x0000700009f5f9d0:   0000700009f5fa8b 0000700009f5fa8b
0x0000700009f5f9e0:   0000700009f5fa40 0000000104955a0e
0x0000700009f5f9f0:   00007f84d5827000 0000000000000000
0x0000700009f5fa00:   0000000000000000 0000000000000000
0x0000700009f5fa10:   00007f84d5827000 00007f84d5827000
0x0000700009f5fa20:   0000700009f5fa8b 0000700009f5fa90
0x0000700009f5fa30:   000307f84d633655 0000000000000005
0x0000700009f5fa40:   0000700009f5fa60 00000001055ec780
0x0000700009f5fa50:   0000000000000001 0000700009f5fb08
0x0000700009f5fa60:   0000700009f5fad0 00000001055d11f3
0x0000700009f5fa70:   0000700009f5faa0 00007f84d6336120
0x0000700009f5fa80:   0000000600000032 f000100a01f5fb08
0x0000700009f5fa90:   0000000000000000 0000000000000000
0x0000700009f5faa0:   0000000000000000 0000700009f5fc90
0x0000700009f5fab0:   00000001055f3e7a 00007f84d2eaa9d0
0x0000700009f5fac0:   0000700009f5fb08 00000001055ff598
0x0000700009f5fad0:   0000700009f5fae0 00000001055d12ec
0x0000700009f5fae0:   0000700009f5fd00 00000001055da898
0x0000700009f5faf0:   0010e10800000013 00000000000f0200
0x0000700009f5fb00:   00007f84d6334c10 00007f84d6338e14
0x0000700009f5fb10:   00007f8400000114 00007f84d2e48770
0x0000700009f5fb20:   00007f840000012c 0000700009f5fb58
0x0000700009f5fb30:   00007f84d2e48770 0000000000000000
0x0000700009f5fb40:   0010e1080000000f 00007f840000d380
0x0000700009f5fb50:   0000700009f5fb58 847f000006000000
0x0000700009f5fb60:   06000000e88063d1 00003e74696e693c
0x0000700009f5fb70:   0000005629280300 7f00000100000000
0x0000700009f5fb80:   000000f08063d184 746341776f685316
0x0000700009f5fb90:   7474417974697669 0065636e61646e65
0x0000700009f5fba0:   6f4c4a4a28340000 6e697270732f6772
0x0000700009f5fbb0:   6f77656d61726667 6f4d2f69752f6b72
0x0000700009f5fbc0:   616a4c293b6c6564 2f676e616c2f6176 

Instructions: (pc=0x0000000104a46914)
0x0000000104a468f4:   40 48 48 85 c0 75 e0 30 c0 0f b6 c0 5d c3 31 c0
0x0000000104a46904:   5d c3 55 48 89 e5 53 48 83 ec 08 48 85 ff 74 24
0x0000000104a46914:   48 8b 1f 48 85 db 74 1c 48 83 fb 37 74 16 48 8b
0x0000000104a46924:   03 48 89 df ff 50 10 84 c0 b8 00 00 00 00 48 0f 

Register to memory mapping:

RAX=0x0000000000000001 is an unknown value
RBX=0x0000700009f5fa8b is pointing into the stack for thread: 0x00007f84d5827000
RCX=0x0000000104e15310: UseMembar+0 in /Library/Java/JavaVirtualMachines/jdk1.8.0_60.jdk/Contents/Home/jre/lib/server/libjvm.dylib at 0x0000000104600000
RDX=0x0000700009f5fa8b is pointing into the stack for thread: 0x00007f84d5827000
RSP=0x0000700009f5f9d0 is pointing into the stack for thread: 0x00007f84d5827000
RBP=0x0000700009f5f9e0 is pointing into the stack for thread: 0x00007f84d5827000
RSI=0x00007f84d5827000 is a thread
RDI=0x000307f84d633655 is an unknown value
R8 =0x0000000000000009 is an unknown value
R9 =0x0000000000000000 is an unknown value
R10=0x0000000000000001 is an unknown value
R11=0x000000000000000a is an unknown value
R12=0x00007f84d5827000 is a thread
R13=0x000307f84d633655 is an unknown value
R14=0x000307f84d633655 is an unknown value
R15=0x00007f84d1503110 is an unknown value


Stack: [0x0000700009e60000,0x0000700009f60000],  sp=0x0000700009f5f9d0,  free space=1022k
Native frames: (J=compiled Java code, j=interpreted, Vv=VM code, C=native code)
V  [libjvm.dylib+0x446914]  Method::checked_resolve_jmethod_id(_jmethodID*)+0xe
V  [libjvm.dylib+0x355a0e]  jvmti_IsMethodSynthetic+0xb2
C  [libjdwp.dylib+0x20780]  isMethodSynthetic+0x63
C  [libjdwp.dylib+0x51f3]  methods1+0x10b
C  [libjdwp.dylib+0x52ec]  methodsWithGeneric+0xe
C  [libjdwp.dylib+0xe898]  debugLoop_run+0x1ce
C  [libjdwp.dylib+0x1f6ba]  attachThread+0x4d
V  [libjvm.dylib+0x396d6c]  JvmtiAgentThread::call_start_function()+0x38
V  [libjvm.dylib+0x5612d3]  JavaThread::thread_main_inner()+0x9b
V  [libjvm.dylib+0x5629ce]  JavaThread::run()+0x1c2
V  [libjvm.dylib+0x48343a]  java_start(Thread*)+0xf6
C  [libsystem_pthread.dylib+0x393b]  _pthread_body+0xb4
C  [libsystem_pthread.dylib+0x3887]  _pthread_body+0x0
C  [libsystem_pthread.dylib+0x308d]  thread_start+0xd
C  0x0000000000000000


---------------  P R O C E S S  ---------------

Java Threads: ( => current thread )
  0x00007f84d180b000 JavaThread "DestroyJavaVM" [_thread_blocked, id=7171, stack(0x0000700009139000,0x0000700009239000)]
  0x00007f84d1b97800 JavaThread "http-nio-8090-AsyncTimeout" daemon [_thread_blocked, id=35587, stack(0x000070000c0c6000,0x000070000c1c6000)]
  0x00007f84d1b96800 JavaThread "http-nio-8090-Acceptor-0" daemon [_thread_in_native, id=35075, stack(0x000070000bfc3000,0x000070000c0c3000)]
  0x00007f84d4b53800 JavaThread "http-nio-8090-ClientPoller-1" daemon [_thread_blocked, id=34563, stack(0x000070000bec0000,0x000070000bfc0000)]
  0x00007f84d4b4e000 JavaThread "http-nio-8090-ClientPoller-0" daemon [_thread_blocked, id=34051, stack(0x000070000bdbd000,0x000070000bebd000)]
  0x00007f84d1b8c800 JavaThread "http-nio-8090-exec-10" daemon [_thread_blocked, id=33539, stack(0x000070000bcba000,0x000070000bdba000)]
  0x00007f84d2144800 JavaThread "http-nio-8090-exec-9" daemon [_thread_blocked, id=33027, stack(0x000070000bbb7000,0x000070000bcb7000)]
  0x00007f84d4b4d000 JavaThread "http-nio-8090-exec-8" daemon [_thread_blocked, id=32515, stack(0x000070000bab4000,0x000070000bbb4000)]
  0x00007f84d4b4c800 JavaThread "http-nio-8090-exec-7" daemon [_thread_blocked, id=32003, stack(0x000070000b9b1000,0x000070000bab1000)]
  0x00007f84d18e2000 JavaThread "http-nio-8090-exec-6" daemon [_thread_blocked, id=31491, stack(0x000070000b8ae000,0x000070000b9ae000)]
  0x00007f84d5c18800 JavaThread "http-nio-8090-exec-5" daemon [_thread_blocked, id=30979, stack(0x000070000b7ab000,0x000070000b8ab000)]
  0x00007f84d5c15000 JavaThread "http-nio-8090-exec-4" daemon [_thread_blocked, id=30467, stack(0x000070000b6a8000,0x000070000b7a8000)]
  0x00007f84d5c1a000 JavaThread "http-nio-8090-exec-3" daemon [_thread_blocked, id=29955, stack(0x000070000b5a5000,0x000070000b6a5000)]
  0x00007f84d2141800 JavaThread "http-nio-8090-exec-2" daemon [_thread_blocked, id=29459, stack(0x000070000b4a2000,0x000070000b5a2000)]
  0x00007f84d21ba800 JavaThread "http-nio-8090-exec-1" daemon [_thread_blocked, id=4103, stack(0x000070000b39f000,0x000070000b49f000)]
  0x00007f84d2139000 JavaThread "NioBlockingSelector.BlockPoller-1" daemon [_thread_blocked, id=5139, stack(0x000070000b29c000,0x000070000b39c000)]
  0x00007f84d5c74800 JavaThread "Tomcat JDBC Pool Cleaner[349885916:1514580030855]" daemon [_thread_blocked, id=28931, stack(0x000070000b199000,0x000070000b299000)]
  0x00007f84d1a06000 JavaThread "container-0" [_thread_blocked, id=28419, stack(0x000070000b096000,0x000070000b196000)]
  0x00007f84d1a14000 JavaThread "ContainerBackgroundProcessor[StandardEngine[Tomcat]]" daemon [_thread_blocked, id=27911, stack(0x000070000af93000,0x000070000b093000)]
  0x00007f84d50e3000 JavaThread "RMI Scheduler(0)" daemon [_thread_blocked, id=25859, stack(0x000070000ab87000,0x000070000ac87000)]
  0x00007f84d183e800 JavaThread "RMI TCP Accept-0" daemon [_thread_in_native, id=24323, stack(0x000070000a87e000,0x000070000a97e000)]
  0x00007f84d18d6000 JavaThread "RMI TCP Accept-50212" daemon [_thread_in_native, id=23811, stack(0x000070000a77b000,0x000070000a87b000)]
  0x00007f84d48c1800 JavaThread "RMI TCP Accept-0" daemon [_thread_in_native, id=23299, stack(0x000070000a678000,0x000070000a778000)]
  0x00007f84d203e800 JavaThread "Service Thread" daemon [_thread_blocked, id=22787, stack(0x000070000a575000,0x000070000a675000)]
  0x00007f84d202b800 JavaThread "C1 CompilerThread3" daemon [_thread_blocked, id=22275, stack(0x000070000a472000,0x000070000a572000)]
  0x00007f84d202a800 JavaThread "C2 CompilerThread2" daemon [_thread_blocked, id=21763, stack(0x000070000a36f000,0x000070000a46f000)]
  0x00007f84d202a000 JavaThread "C2 CompilerThread1" daemon [_thread_blocked, id=21251, stack(0x000070000a26c000,0x000070000a36c000)]
  0x00007f84d2028000 JavaThread "C2 CompilerThread0" daemon [_thread_blocked, id=20739, stack(0x000070000a169000,0x000070000a269000)]
  0x00007f84d5009000 JavaThread "JDWP Command Reader" daemon [_thread_in_native, id=20227, stack(0x000070000a066000,0x000070000a166000)]
  0x00007f84d5803000 JavaThread "JDWP Event Helper Thread" daemon [_thread_blocked, id=19715, stack(0x0000700009f63000,0x000070000a063000)]
=>0x00007f84d5827000 JavaThread "JDWP Transport Listener: dt_socket" daemon [_thread_in_vm, id=19203, stack(0x0000700009e60000,0x0000700009f60000)]
  0x00007f84d2025000 JavaThread "Signal Dispatcher" daemon [_thread_blocked, id=18691, stack(0x0000700009d5d000,0x0000700009e5d000)]
  0x00007f84d4803000 JavaThread "Finalizer" daemon [_thread_blocked, id=14595, stack(0x0000700009c5a000,0x0000700009d5a000)]
  0x00007f84d4802000 JavaThread "Reference Handler" daemon [_thread_blocked, id=14083, stack(0x0000700009b57000,0x0000700009c57000)]

Other Threads:
  0x00007f84d1863000 VMThread [stack: 0x0000700009a54000,0x0000700009b54000] [id=13571]
  0x00007f84d183f800 WatcherThread [stack: 0x000070000a981000,0x000070000aa81000] [id=24835]

VM state:not at safepoint (normal execution)

VM Mutex/Monitor currently owned by a thread: None

Heap:
 PSYoungGen      total 285696K, used 194953K [0x000000076ab00000, 0x0000000782900000, 0x00000007c0000000)
  eden space 265216K, 66% used [0x000000076ab00000,0x0000000775746760,0x000000077ae00000)
  from space 20480K, 90% used [0x000000077c480000,0x000000077d69bd90,0x000000077d880000)
  to   space 23040K, 0% used [0x000000077ae00000,0x000000077ae00000,0x000000077c480000)
 ParOldGen       total 201728K, used 26520K [0x00000006c0000000, 0x00000006cc500000, 0x000000076ab00000)
  object space 201728K, 13% used [0x00000006c0000000,0x00000006c19e6248,0x00000006cc500000)
 Metaspace       used 49450K, capacity 50146K, committed 50432K, reserved 1093632K
  class space    used 6409K, capacity 6569K, committed 6656K, reserved 1048576K

Card table byte_map: [0x00000001059e8000,0x00000001061e9000] byte_map_base: 0x00000001023e8000

Marking Bits: (ParMarkBitMap*) 0x0000000104edee20
 Begin Bits: [0x00000001193ab000, 0x000000011d3ab000)
 End Bits:   [0x000000011d3ab000, 0x00000001213ab000)

Polling page: 0x00000001035f8000

CodeCache: size=245760Kb used=11435Kb max_used=11435Kb free=234324Kb
 bounds [0x000000010a3ab000, 0x000000010aedb000, 0x00000001193ab000]
 total_blobs=5947 nmethods=5207 adapters=661
 compilation: enabled

Compilation events (10 events):
Event: 138.690 Thread 0x00007f84d202b800 5307   !   1       org.hibernate.property.access.spi.GetterFieldImpl::get (62 bytes)
Event: 138.691 Thread 0x00007f84d202b800 nmethod 5307 0x000000010aed6a50 code [0x000000010aed6c60, 0x000000010aed7458]
Event: 138.691 Thread 0x00007f84d202b800 5309       1       org.hibernate.tuple.BaselineAttributeInformation::isDirtyCheckable (5 bytes)
Event: 138.691 Thread 0x00007f84d202b800 nmethod 5309 0x000000010aed7bd0 code [0x000000010aed7d20, 0x000000010aed7e30]
Event: 138.691 Thread 0x00007f84d202b800 5308       1       org.hibernate.engine.internal.StatefulPersistenceContext::getSession (5 bytes)
Event: 138.691 Thread 0x00007f84d202b800 nmethod 5308 0x000000010aed7e90 code [0x000000010aed7fe0, 0x000000010aed80f0]
Event: 138.691 Thread 0x00007f84d202b800 5310       1       org.hibernate.bytecode.internal.javassist.BytecodeProviderImpl$EntityInstrumentationMetadataImpl::isInstrumented (5 bytes)
Event: 138.691 Thread 0x00007f84d202b800 nmethod 5310 0x000000010aed8150 code [0x000000010aed82a0, 0x000000010aed83b0]
Event: 138.691 Thread 0x00007f84d202b800 5311       1       org.hibernate.engine.jdbc.batch.internal.AbstractBatchImpl::getStatements (5 bytes)
Event: 138.691 Thread 0x00007f84d202b800 nmethod 5311 0x000000010aed8410 code [0x000000010aed8560, 0x000000010aed8670]

GC Heap History (10 events):
Event: 1.642 GC heap before
{Heap before GC invocations=4 (full 1):
 PSYoungGen      total 141824K, used 10745K [0x000000076ab00000, 0x000000077c000000, 0x00000007c0000000)
  eden space 131072K, 0% used [0x000000076ab00000,0x000000076ab00000,0x0000000772b00000)
  from space 10752K, 99% used [0x0000000772b00000,0x000000077357e708,0x0000000773580000)
  to   space 10752K, 0% used [0x000000077b580000,0x000000077b580000,0x000000077c000000)
 ParOldGen       total 175104K, used 1401K [0x00000006c0000000, 0x00000006cab00000, 0x000000076ab00000)
  object space 175104K, 0% used [0x00000006c0000000,0x00000006c015e7b8,0x00000006cab00000)
 Metaspace       used 20803K, capacity 21156K, committed 21296K, reserved 1069056K
  class space    used 2573K, capacity 2667K, committed 2688K, reserved 1048576K
Event: 1.678 GC heap after
Heap after GC invocations=4 (full 1):
 PSYoungGen      total 141824K, used 0K [0x000000076ab00000, 0x000000077c000000, 0x00000007c0000000)
  eden space 131072K, 0% used [0x000000076ab00000,0x000000076ab00000,0x0000000772b00000)
  from space 10752K, 0% used [0x0000000772b00000,0x0000000772b00000,0x0000000773580000)
  to   space 10752K, 0% used [0x000000077b580000,0x000000077b580000,0x000000077c000000)
 ParOldGen       total 114688K, used 11754K [0x00000006c0000000, 0x00000006c7000000, 0x000000076ab00000)
  object space 114688K, 10% used [0x00000006c0000000,0x00000006c0b7a918,0x00000006c7000000)
 Metaspace       used 20803K, capacity 21156K, committed 21296K, reserved 1069056K
  class space    used 2573K, capacity 2667K, committed 2688K, reserved 1048576K
}
Event: 2.576 GC heap before
{Heap before GC invocations=5 (full 1):
 PSYoungGen      total 141824K, used 131072K [0x000000076ab00000, 0x000000077c000000, 0x00000007c0000000)
  eden space 131072K, 100% used [0x000000076ab00000,0x0000000772b00000,0x0000000772b00000)
  from space 10752K, 0% used [0x0000000772b00000,0x0000000772b00000,0x0000000773580000)
  to   space 10752K, 0% used [0x000000077b580000,0x000000077b580000,0x000000077c000000)
 ParOldGen       total 114688K, used 11754K [0x00000006c0000000, 0x00000006c7000000, 0x000000076ab00000)
  object space 114688K, 10% used [0x00000006c0000000,0x00000006c0b7a918,0x00000006c7000000)
 Metaspace       used 27151K, capacity 27550K, committed 27648K, reserved 1073152K
  class space    used 3449K, capacity 3546K, committed 3584K, reserved 1048576K
Event: 2.586 GC heap after
Heap after GC invocations=5 (full 1):
 PSYoungGen      total 198656K, used 10738K [0x000000076ab00000, 0x000000077c000000, 0x00000007c0000000)
  eden space 187904K, 0% used [0x000000076ab00000,0x000000076ab00000,0x0000000776280000)
  from space 10752K, 99% used [0x000000077b580000,0x000000077bffc9d8,0x000000077c000000)
  to   space 10752K, 0% used [0x000000077ab00000,0x000000077ab00000,0x000000077b580000)
 ParOldGen       total 114688K, used 14483K [0x00000006c0000000, 0x00000006c7000000, 0x000000076ab00000)
  object space 114688K, 12% used [0x00000006c0000000,0x00000006c0e24d18,0x00000006c7000000)
 Metaspace       used 27151K, capacity 27550K, committed 27648K, reserved 1073152K
  class space    used 3449K, capacity 3546K, committed 3584K, reserved 1048576K
}
Event: 3.544 GC heap before
{Heap before GC invocations=6 (full 1):
 PSYoungGen      total 198656K, used 190329K [0x000000076ab00000, 0x000000077c000000, 0x00000007c0000000)
  eden space 187904K, 95% used [0x000000076ab00000,0x0000000775a61d48,0x0000000776280000)
  from space 10752K, 99% used [0x000000077b580000,0x000000077bffc9d8,0x000000077c000000)
  to   space 10752K, 0% used [0x000000077ab00000,0x000000077ab00000,0x000000077b580000)
 ParOldGen       total 114688K, used 14483K [0x00000006c0000000, 0x00000006c7000000, 0x000000076ab00000)
  object space 114688K, 12% used [0x00000006c0000000,0x00000006c0e24d18,0x00000006c7000000)
 Metaspace       used 34942K, capacity 35338K, committed 35496K, reserved 1081344K
  class space    used 4507K, capacity 4604K, committed 4608K, reserved 1048576K
Event: 3.558 GC heap after
Heap after GC invocations=6 (full 1):
 PSYoungGen      total 272896K, used 10733K [0x000000076ab00000, 0x000000077d880000, 0x00000007c0000000)
  eden space 262144K, 0% used [0x000000076ab00000,0x000000076ab00000,0x000000077ab00000)
  from space 10752K, 99% used [0x000000077ab00000,0x000000077b57b720,0x000000077b580000)
  to   space 20480K, 0% used [0x000000077c480000,0x000000077c480000,0x000000077d880000)
 ParOldGen       total 114688K, used 22996K [0x00000006c0000000, 0x00000006c7000000, 0x000000076ab00000)
  object space 114688K, 20% used [0x00000006c0000000,0x00000006c1675058,0x00000006c7000000)
 Metaspace       used 34942K, capacity 35338K, committed 35496K, reserved 1081344K
  class space    used 4507K, capacity 4604K, committed 4608K, reserved 1048576K
}
Event: 3.558 GC heap before
{Heap before GC invocations=7 (full 2):
 PSYoungGen      total 272896K, used 10733K [0x000000076ab00000, 0x000000077d880000, 0x00000007c0000000)
  eden space 262144K, 0% used [0x000000076ab00000,0x000000076ab00000,0x000000077ab00000)
  from space 10752K, 99% used [0x000000077ab00000,0x000000077b57b720,0x000000077b580000)
  to   space 20480K, 0% used [0x000000077c480000,0x000000077c480000,0x000000077d880000)
 ParOldGen       total 114688K, used 22996K [0x00000006c0000000, 0x00000006c7000000, 0x000000076ab00000)
  object space 114688K, 20% used [0x00000006c0000000,0x00000006c1675058,0x00000006c7000000)
 Metaspace       used 34942K, capacity 35338K, committed 35496K, reserved 1081344K
  class space    used 4507K, capacity 4604K, committed 4608K, reserved 1048576K
Event: 3.632 GC heap after
Heap after GC invocations=7 (full 2):
 PSYoungGen      total 272896K, used 0K [0x000000076ab00000, 0x000000077d880000, 0x00000007c0000000)
  eden space 262144K, 0% used [0x000000076ab00000,0x000000076ab00000,0x000000077ab00000)
  from space 10752K, 0% used [0x000000077ab00000,0x000000077ab00000,0x000000077b580000)
  to   space 20480K, 0% used [0x000000077c480000,0x000000077c480000,0x000000077d880000)
 ParOldGen       total 201728K, used 26512K [0x00000006c0000000, 0x00000006cc500000, 0x000000076ab00000)
  object space 201728K, 13% used [0x00000006c0000000,0x00000006c19e4248,0x00000006cc500000)
 Metaspace       used 34942K, capacity 35338K, committed 35496K, reserved 1081344K
  class space    used 4507K, capacity 4604K, committed 4608K, reserved 1048576K
}
Event: 5.848 GC heap before
{Heap before GC invocations=8 (full 2):
 PSYoungGen      total 272896K, used 262144K [0x000000076ab00000, 0x000000077d880000, 0x00000007c0000000)
  eden space 262144K, 100% used [0x000000076ab00000,0x000000077ab00000,0x000000077ab00000)
  from space 10752K, 0% used [0x000000077ab00000,0x000000077ab00000,0x000000077b580000)
  to   space 20480K, 0% used [0x000000077c480000,0x000000077c480000,0x000000077d880000)
 ParOldGen       total 201728K, used 26512K [0x00000006c0000000, 0x00000006cc500000, 0x000000076ab00000)
  object space 201728K, 13% used [0x00000006c0000000,0x00000006c19e4248,0x00000006cc500000)
 Metaspace       used 44170K, capacity 44718K, committed 45056K, reserved 1089536K
  class space    used 5709K, capacity 5867K, committed 5888K, reserved 1048576K
Event: 5.864 GC heap after
Heap after GC invocations=8 (full 2):
 PSYoungGen      total 285696K, used 18543K [0x000000076ab00000, 0x0000000782900000, 0x00000007c0000000)
  eden space 265216K, 0% used [0x000000076ab00000,0x000000076ab00000,0x000000077ae00000)
  from space 20480K, 90% used [0x000000077c480000,0x000000077d69bd90,0x000000077d880000)
  to   space 23040K, 0% used [0x000000077ae00000,0x000000077ae00000,0x000000077c480000)
 ParOldGen       total 201728K, used 26520K [0x00000006c0000000, 0x00000006cc500000, 0x000000076ab00000)
  object space 201728K, 13% used [0x00000006c0000000,0x00000006c19e6248,0x00000006cc500000)
 Metaspace       used 44170K, capacity 44718K, committed 45056K, reserved 1089536K
  class space    used 5709K, capacity 5867K, committed 5888K, reserved 1048576K
}

Deoptimization events (0 events):
No events

Internal exceptions (10 events):
Event: 10.082 Thread 0x00007f84d21ba800 Exception <a 'java/lang/ClassNotFoundException': ch/cemil/info/yoklama/domain/entity/AttendanceCustomizer> (0x00000007740a0a40) thrown at [/Users/java_re/workspace/8-2-build-macosx-x86_64/jdk8u60/4407/hotspot/src/share/vm/classfile/systemDictionary.cpp, l
Event: 10.083 Thread 0x00007f84d21ba800 Exception <a 'java/lang/ClassNotFoundException': java/io/SerializableCustomizer> (0x00000007740bdb40) thrown at [/Users/java_re/workspace/8-2-build-macosx-x86_64/jdk8u60/4407/hotspot/src/share/vm/classfile/systemDictionary.cpp, line 210]
Event: 10.084 Thread 0x00007f84d21ba800 Exception <a 'java/lang/ArrayIndexOutOfBoundsException'> (0x00000007740e3680) thrown at [/Users/java_re/workspace/8-2-build-macosx-x86_64/jdk8u60/4407/hotspot/src/share/vm/runtime/sharedRuntime.cpp, line 605]
Event: 13.515 Thread 0x00007f84d2141800 Exception <a 'java/lang/ArrayIndexOutOfBoundsException'> (0x0000000774599b10) thrown at [/Users/java_re/workspace/8-2-build-macosx-x86_64/jdk8u60/4407/hotspot/src/share/vm/runtime/sharedRuntime.cpp, line 605]
Event: 13.527 Thread 0x00007f84d2141800 Exception <a 'java/lang/ClassNotFoundException': java/lang/ObjectCustomizer> (0x00000007745bc990) thrown at [/Users/java_re/workspace/8-2-build-macosx-x86_64/jdk8u60/4407/hotspot/src/share/vm/classfile/systemDictionary.cpp, line 210]
Event: 13.528 Thread 0x00007f84d2141800 Exception <a 'java/lang/ClassNotFoundException': ch/cemil/info/yoklama/ui/controller/activity/view/ActivityMemberCustomizer> (0x00000007745e1180) thrown at [/Users/java_re/workspace/8-2-build-macosx-x86_64/jdk8u60/4407/hotspot/src/share/vm/classfile/syste
Event: 13.539 Thread 0x00007f84d2141800 Exception <a 'java/lang/ArrayIndexOutOfBoundsException'> (0x0000000774693ca0) thrown at [/Users/java_re/workspace/8-2-build-macosx-x86_64/jdk8u60/4407/hotspot/src/share/vm/runtime/sharedRuntime.cpp, line 605]
Event: 13.595 Thread 0x00007f84d5c1a000 Exception <a 'java/lang/ArrayIndexOutOfBoundsException'> (0x0000000774ada160) thrown at [/Users/java_re/workspace/8-2-build-macosx-x86_64/jdk8u60/4407/hotspot/src/share/vm/runtime/sharedRuntime.cpp, line 605]
Event: 82.252 Thread 0x00007f84d5c18800 Exception <a 'java/lang/ArrayIndexOutOfBoundsException'> (0x0000000774fb01b0) thrown at [/Users/java_re/workspace/8-2-build-macosx-x86_64/jdk8u60/4407/hotspot/src/share/vm/runtime/sharedRuntime.cpp, line 605]
Event: 86.029 Thread 0x00007f84d4b4c800 Exception <a 'java/lang/ArrayIndexOutOfBoundsException'> (0x000000077529e740) thrown at [/Users/java_re/workspace/8-2-build-macosx-x86_64/jdk8u60/4407/hotspot/src/share/vm/runtime/sharedRuntime.cpp, line 605]

Events (10 events):
Event: 161.478 Executing VM operation: ChangeBreakpoints
Event: 161.478 Executing VM operation: ChangeBreakpoints done
Event: 161.481 Executing VM operation: ChangeBreakpoints
Event: 161.483 Executing VM operation: ChangeBreakpoints done
Event: 172.687 Executing VM operation: ChangeBreakpoints
Event: 172.688 Executing VM operation: ChangeBreakpoints done
Event: 605.443 Executing VM operation: RedefineClasses
Event: 605.469 Executing VM operation: RedefineClasses done
Event: 605.470 Executing VM operation: GetOrSetLocal
Event: 605.470 Executing VM operation: GetOrSetLocal done


Dynamic libraries:
0x000000000940a000 	/System/Library/Frameworks/Cocoa.framework/Versions/A/Cocoa
0x000000000940a000 	/System/Library/Frameworks/Security.framework/Versions/A/Security
0x000000000940a000 	/System/Library/Frameworks/ApplicationServices.framework/Versions/A/ApplicationServices
0x000000000940a000 	/usr/lib/libz.1.dylib
0x000000000940a000 	/usr/lib/libSystem.B.dylib
0x000000000940a000 	/usr/lib/libobjc.A.dylib
0x000000000940a000 	/System/Library/Frameworks/CoreFoundation.framework/Versions/A/CoreFoundation
0x000000000940a000 	/System/Library/Frameworks/Foundation.framework/Versions/C/Foundation
0x000000000940a000 	/System/Library/Frameworks/AppKit.framework/Versions/C/AppKit
0x000000000940a000 	/System/Library/Frameworks/CoreData.framework/Versions/A/CoreData
0x000000000940a000 	/System/Library/PrivateFrameworks/RemoteViewServices.framework/Versions/A/RemoteViewServices
0x000000000940a000 	/System/Library/PrivateFrameworks/UIFoundation.framework/Versions/A/UIFoundation
0x000000000940a000 	/System/Library/PrivateFrameworks/DFRFoundation.framework/Versions/A/DFRFoundation
0x000000000940a000 	/usr/lib/libenergytrace.dylib
0x000000000940a000 	/System/Library/PrivateFrameworks/SkyLight.framework/Versions/A/SkyLight
0x000000000940a000 	/System/Library/Frameworks/CoreGraphics.framework/Versions/A/CoreGraphics
0x000000000940a000 	/usr/lib/libScreenReader.dylib
0x000000000940a000 	/System/Library/Frameworks/Accelerate.framework/Versions/A/Accelerate
0x000000000940a000 	/System/Library/Frameworks/IOSurface.framework/Versions/A/IOSurface
0x000000000940a000 	/System/Library/Frameworks/AudioToolbox.framework/Versions/A/AudioToolbox
0x000000000940a000 	/System/Library/Frameworks/AudioUnit.framework/Versions/A/AudioUnit
0x000000000940a000 	/System/Library/PrivateFrameworks/DataDetectorsCore.framework/Versions/A/DataDetectorsCore
0x000000000940a000 	/System/Library/PrivateFrameworks/DesktopServicesPriv.framework/Versions/A/DesktopServicesPriv
0x000000000940a000 	/System/Library/Frameworks/Carbon.framework/Versions/A/Frameworks/HIToolbox.framework/Versions/A/HIToolbox
0x000000000940a000 	/usr/lib/libicucore.A.dylib
0x000000000940a000 	/System/Library/Frameworks/QuartzCore.framework/Versions/A/QuartzCore
0x000000000940a000 	/System/Library/Frameworks/Carbon.framework/Versions/A/Frameworks/SpeechRecognition.framework/Versions/A/SpeechRecognition
0x000000000940a000 	/usr/lib/libauto.dylib
0x000000000940a000 	/usr/lib/libxml2.2.dylib
0x000000000940a000 	/System/Library/PrivateFrameworks/CoreUI.framework/Versions/A/CoreUI
0x000000000940a000 	/System/Library/Frameworks/CoreAudio.framework/Versions/A/CoreAudio
0x000000000940a000 	/System/Library/Frameworks/DiskArbitration.framework/Versions/A/DiskArbitration
0x000000000940a000 	/usr/lib/liblangid.dylib
0x000000000940a000 	/System/Library/PrivateFrameworks/MultitouchSupport.framework/Versions/A/MultitouchSupport
0x000000000940a000 	/System/Library/Frameworks/IOKit.framework/Versions/A/IOKit
0x000000000940a000 	/usr/lib/libDiagnosticMessagesClient.dylib
0x000000000940a000 	/System/Library/Frameworks/CoreServices.framework/Versions/A/CoreServices
0x000000000940a000 	/System/Library/PrivateFrameworks/PerformanceAnalysis.framework/Versions/A/PerformanceAnalysis
0x000000000940a000 	/System/Library/PrivateFrameworks/GenerationalStorage.framework/Versions/A/GenerationalStorage
0x000000000940a000 	/System/Library/Frameworks/OpenGL.framework/Versions/A/OpenGL
0x000000000940a000 	/System/Library/Frameworks/CoreImage.framework/Versions/A/CoreImage
0x000000000940a000 	/System/Library/Frameworks/CoreText.framework/Versions/A/CoreText
0x000000000940a000 	/System/Library/Frameworks/ImageIO.framework/Versions/A/ImageIO
0x000000000940a000 	/System/Library/PrivateFrameworks/Backup.framework/Versions/A/Backup
0x000000000940a000 	/usr/lib/libarchive.2.dylib
0x000000000940a000 	/System/Library/Frameworks/CFNetwork.framework/Versions/A/CFNetwork
0x000000000940a000 	/System/Library/Frameworks/SystemConfiguration.framework/Versions/A/SystemConfiguration
0x000000000940a000 	/usr/lib/libCRFSuite.dylib
0x000000000940a000 	/usr/lib/libc++.1.dylib
0x000000000940a000 	/usr/lib/libc++abi.dylib
0x000000000940a000 	/usr/lib/system/libcache.dylib
0x000000000940a000 	/usr/lib/system/libcommonCrypto.dylib
0x000000000940a000 	/usr/lib/system/libcompiler_rt.dylib
0x000000000940a000 	/usr/lib/system/libcopyfile.dylib
0x000000000940a000 	/usr/lib/system/libcorecrypto.dylib
0x000000000940a000 	/usr/lib/system/libdispatch.dylib
0x000000000940a000 	/usr/lib/system/libdyld.dylib
0x000000000940a000 	/usr/lib/system/libkeymgr.dylib
0x000000000940a000 	/usr/lib/system/liblaunch.dylib
0x000000000940a000 	/usr/lib/system/libmacho.dylib
0x000000000940a000 	/usr/lib/system/libquarantine.dylib
0x000000000940a000 	/usr/lib/system/libremovefile.dylib
0x000000000940a000 	/usr/lib/system/libsystem_asl.dylib
0x000000000940a000 	/usr/lib/system/libsystem_blocks.dylib
0x000000000940a000 	/usr/lib/system/libsystem_c.dylib
0x000000000940a000 	/usr/lib/system/libsystem_configuration.dylib
0x000000000940a000 	/usr/lib/system/libsystem_coreservices.dylib
0x000000000940a000 	/usr/lib/system/libsystem_coretls.dylib
0x000000000940a000 	/usr/lib/system/libsystem_dnssd.dylib
0x000000000940a000 	/usr/lib/system/libsystem_info.dylib
0x000000000940a000 	/usr/lib/system/libsystem_kernel.dylib
0x000000000940a000 	/usr/lib/system/libsystem_m.dylib
0x000000000940a000 	/usr/lib/system/libsystem_malloc.dylib
0x000000000940a000 	/usr/lib/system/libsystem_network.dylib
0x000000000940a000 	/usr/lib/system/libsystem_networkextension.dylib
0x000000000940a000 	/usr/lib/system/libsystem_notify.dylib
0x000000000940a000 	/usr/lib/system/libsystem_platform.dylib
0x000000000940a000 	/usr/lib/system/libsystem_pthread.dylib
0x000000000940a000 	/usr/lib/system/libsystem_sandbox.dylib
0x000000000940a000 	/usr/lib/system/libsystem_secinit.dylib
0x000000000940a000 	/usr/lib/system/libsystem_symptoms.dylib
0x000000000940a000 	/usr/lib/system/libsystem_trace.dylib
0x000000000940a000 	/usr/lib/system/libunwind.dylib
0x000000000940a000 	/usr/lib/system/libxpc.dylib
0x000000000940a000 	/usr/lib/libbsm.0.dylib
0x000000000940a000 	/usr/lib/system/libkxld.dylib
0x000000000940a000 	/usr/lib/libcoretls.dylib
0x000000000940a000 	/usr/lib/libcoretls_cfhelpers.dylib
0x000000000940a000 	/usr/lib/libOpenScriptingUtil.dylib
0x000000000940a000 	/usr/lib/libpam.2.dylib
0x000000000940a000 	/usr/lib/libsqlite3.dylib
0x000000000940a000 	/usr/lib/libxar.1.dylib
0x000000000940a000 	/usr/lib/libbz2.1.0.dylib
0x000000000940a000 	/usr/lib/liblzma.5.dylib
0x000000000940a000 	/usr/lib/libnetwork.dylib
0x000000000940a000 	/usr/lib/libpcap.A.dylib
0x000000000940a000 	/System/Library/Frameworks/CoreServices.framework/Versions/A/Frameworks/FSEvents.framework/Versions/A/FSEvents
0x000000000940a000 	/System/Library/Frameworks/CoreServices.framework/Versions/A/Frameworks/CarbonCore.framework/Versions/A/CarbonCore
0x000000000940a000 	/System/Library/Frameworks/CoreServices.framework/Versions/A/Frameworks/Metadata.framework/Versions/A/Metadata
0x000000000940a000 	/System/Library/Frameworks/CoreServices.framework/Versions/A/Frameworks/OSServices.framework/Versions/A/OSServices
0x000000000940a000 	/System/Library/Frameworks/CoreServices.framework/Versions/A/Frameworks/SearchKit.framework/Versions/A/SearchKit
0x000000000940a000 	/System/Library/Frameworks/CoreServices.framework/Versions/A/Frameworks/AE.framework/Versions/A/AE
0x000000000940a000 	/System/Library/Frameworks/CoreServices.framework/Versions/A/Frameworks/LaunchServices.framework/Versions/A/LaunchServices
0x000000000940a000 	/System/Library/Frameworks/CoreServices.framework/Versions/A/Frameworks/DictionaryServices.framework/Versions/A/DictionaryServices
0x000000000940a000 	/System/Library/Frameworks/CoreServices.framework/Versions/A/Frameworks/SharedFileList.framework/Versions/A/SharedFileList
0x000000000940a000 	/System/Library/Frameworks/NetFS.framework/Versions/A/NetFS
0x000000000940a000 	/System/Library/PrivateFrameworks/NetAuth.framework/Versions/A/NetAuth
0x000000000940a000 	/System/Library/PrivateFrameworks/login.framework/Versions/A/Frameworks/loginsupport.framework/Versions/A/loginsupport
0x000000000940a000 	/System/Library/PrivateFrameworks/TCC.framework/Versions/A/TCC
0x000000000940a000 	/usr/lib/libmecabra.dylib
0x000000000940a000 	/System/Library/Frameworks/ApplicationServices.framework/Versions/A/Frameworks/ATS.framework/Versions/A/ATS
0x000000000940a000 	/System/Library/Frameworks/ApplicationServices.framework/Versions/A/Frameworks/ColorSync.framework/Versions/A/ColorSync
0x000000000940a000 	/System/Library/Frameworks/ApplicationServices.framework/Versions/A/Frameworks/HIServices.framework/Versions/A/HIServices
0x000000000940a000 	/System/Library/Frameworks/ApplicationServices.framework/Versions/A/Frameworks/LangAnalysis.framework/Versions/A/LangAnalysis
0x000000000940a000 	/System/Library/Frameworks/ApplicationServices.framework/Versions/A/Frameworks/PrintCore.framework/Versions/A/PrintCore
0x000000000940a000 	/System/Library/Frameworks/ApplicationServices.framework/Versions/A/Frameworks/QD.framework/Versions/A/QD
0x000000000940a000 	/System/Library/Frameworks/ApplicationServices.framework/Versions/A/Frameworks/SpeechSynthesis.framework/Versions/A/SpeechSynthesis
0x000000000940a000 	/System/Library/Frameworks/Accelerate.framework/Versions/A/Frameworks/vImage.framework/Versions/A/vImage
0x000000000940a000 	/System/Library/Frameworks/Accelerate.framework/Versions/A/Frameworks/vecLib.framework/Versions/A/vecLib
0x000000000940a000 	/System/Library/Frameworks/Accelerate.framework/Versions/A/Frameworks/vecLib.framework/Versions/A/libvDSP.dylib
0x000000000940a000 	/System/Library/Frameworks/Accelerate.framework/Versions/A/Frameworks/vecLib.framework/Versions/A/libBNNS.dylib
0x000000000940a000 	/System/Library/Frameworks/Accelerate.framework/Versions/A/Frameworks/vecLib.framework/Versions/A/libQuadrature.dylib
0x000000000940a000 	/System/Library/Frameworks/Accelerate.framework/Versions/A/Frameworks/vecLib.framework/Versions/A/libvMisc.dylib
0x000000000940a000 	/System/Library/Frameworks/Accelerate.framework/Versions/A/Frameworks/vecLib.framework/Versions/A/libLAPACK.dylib
0x000000000940a000 	/System/Library/Frameworks/Accelerate.framework/Versions/A/Frameworks/vecLib.framework/Versions/A/libBLAS.dylib
0x000000000940a000 	/System/Library/Frameworks/Accelerate.framework/Versions/A/Frameworks/vecLib.framework/Versions/A/libLinearAlgebra.dylib
0x000000000940a000 	/System/Library/Frameworks/Accelerate.framework/Versions/A/Frameworks/vecLib.framework/Versions/A/libSparseBLAS.dylib
0x000000000940a000 	/System/Library/Frameworks/ApplicationServices.framework/Versions/A/Frameworks/ATS.framework/Versions/A/Resources/libFontParser.dylib
0x000000000940a000 	/System/Library/Frameworks/ApplicationServices.framework/Versions/A/Frameworks/ATS.framework/Versions/A/Resources/libFontRegistry.dylib
0x000000000940a000 	/System/Library/Frameworks/ImageIO.framework/Versions/A/Resources/libJPEG.dylib
0x000000000940a000 	/System/Library/Frameworks/ImageIO.framework/Versions/A/Resources/libTIFF.dylib
0x000000000940a000 	/System/Library/Frameworks/ImageIO.framework/Versions/A/Resources/libPng.dylib
0x000000000940a000 	/System/Library/Frameworks/ImageIO.framework/Versions/A/Resources/libGIF.dylib
0x000000000940a000 	/System/Library/Frameworks/ImageIO.framework/Versions/A/Resources/libJP2.dylib
0x000000000940a000 	/System/Library/Frameworks/ImageIO.framework/Versions/A/Resources/libRadiance.dylib
0x000000000940a000 	/usr/lib/libcompression.dylib
0x000000000940a000 	/System/Library/PrivateFrameworks/AppleJPEG.framework/Versions/A/AppleJPEG
0x000000000940a000 	/usr/lib/libcups.2.dylib
0x000000000940a000 	/System/Library/Frameworks/Kerberos.framework/Versions/A/Kerberos
0x000000000940a000 	/System/Library/Frameworks/GSS.framework/Versions/A/GSS
0x000000000940a000 	/usr/lib/libresolv.9.dylib
0x000000000940a000 	/usr/lib/libiconv.2.dylib
0x000000000940a000 	/System/Library/PrivateFrameworks/Heimdal.framework/Versions/A/Heimdal
0x000000000940a000 	/usr/lib/libheimdal-asn1.dylib
0x000000000940a000 	/System/Library/Frameworks/OpenDirectory.framework/Versions/A/OpenDirectory
0x000000000940a000 	/System/Library/PrivateFrameworks/CommonAuth.framework/Versions/A/CommonAuth
0x000000000940a000 	/System/Library/Frameworks/OpenDirectory.framework/Versions/A/Frameworks/CFOpenDirectory.framework/Versions/A/CFOpenDirectory
0x000000000940a000 	/System/Library/Frameworks/SecurityFoundation.framework/Versions/A/SecurityFoundation
0x000000000940a000 	/System/Library/PrivateFrameworks/LanguageModeling.framework/Versions/A/LanguageModeling
0x000000000940a000 	/usr/lib/libmarisa.dylib
0x000000000940a000 	/usr/lib/libChineseTokenizer.dylib
0x000000000940a000 	/usr/lib/libcmph.dylib
0x000000000940a000 	/System/Library/PrivateFrameworks/CoreEmoji.framework/Versions/A/CoreEmoji
0x000000000940a000 	/System/Library/Frameworks/ServiceManagement.framework/Versions/A/ServiceManagement
0x000000000940a000 	/usr/lib/libxslt.1.dylib
0x000000000940a000 	/System/Library/Frameworks/Carbon.framework/Versions/A/Frameworks/Ink.framework/Versions/A/Ink
0x000000000940a000 	/System/Library/PrivateFrameworks/TextureIO.framework/Versions/A/TextureIO
0x000000000940a000 	/System/Library/Frameworks/Metal.framework/Versions/A/Metal
0x000000000940a000 	/usr/lib/libate.dylib
0x000000000940a000 	/System/Library/PrivateFrameworks/GPUCompiler.framework/libmetal_timestamp.dylib
0x000000000940a000 	/System/Library/Frameworks/OpenGL.framework/Versions/A/Libraries/libCoreFSCache.dylib
0x000000000940a000 	/System/Library/PrivateFrameworks/IOAccelerator.framework/Versions/A/IOAccelerator
0x000000000940a000 	/System/Library/Frameworks/CoreVideo.framework/Versions/A/CoreVideo
0x000000000940a000 	/usr/lib/libFosl_dynamic.dylib
0x000000000940a000 	/System/Library/PrivateFrameworks/MetalPerformanceShaders.framework/Versions/A/MetalPerformanceShaders
0x000000000940a000 	/System/Library/PrivateFrameworks/FaceCore.framework/Versions/A/FaceCore
0x000000000940a000 	/System/Library/Frameworks/OpenCL.framework/Versions/A/OpenCL
0x000000000940a000 	/System/Library/Frameworks/OpenGL.framework/Versions/A/Libraries/libGLU.dylib
0x000000000940a000 	/System/Library/Frameworks/OpenGL.framework/Versions/A/Libraries/libGFXShared.dylib
0x000000000940a000 	/System/Library/Frameworks/OpenGL.framework/Versions/A/Libraries/libGL.dylib
0x000000000940a000 	/System/Library/Frameworks/OpenGL.framework/Versions/A/Libraries/libGLImage.dylib
0x000000000940a000 	/System/Library/Frameworks/OpenGL.framework/Versions/A/Libraries/libCVMSPluginSupport.dylib
0x000000000940a000 	/System/Library/Frameworks/OpenGL.framework/Versions/A/Libraries/libCoreVMClient.dylib
0x000000000940a000 	/System/Library/PrivateFrameworks/CrashReporterSupport.framework/Versions/A/CrashReporterSupport
0x000000000940a000 	/System/Library/PrivateFrameworks/Sharing.framework/Versions/A/Sharing
0x000000000940a000 	/System/Library/PrivateFrameworks/IconServices.framework/Versions/A/IconServices
0x000000000940a000 	/System/Library/PrivateFrameworks/ProtocolBuffer.framework/Versions/A/ProtocolBuffer
0x000000000940a000 	/System/Library/PrivateFrameworks/Apple80211.framework/Versions/A/Apple80211
0x000000000940a000 	/System/Library/Frameworks/CoreWLAN.framework/Versions/A/CoreWLAN
0x000000000940a000 	/System/Library/PrivateFrameworks/CoreUtils.framework/Versions/A/CoreUtils
0x000000000940a000 	/System/Library/Frameworks/IOBluetooth.framework/Versions/A/IOBluetooth
0x000000000940a000 	/System/Library/PrivateFrameworks/CoreWiFi.framework/Versions/A/CoreWiFi
0x000000000940a000 	/System/Library/Frameworks/CoreBluetooth.framework/Versions/A/CoreBluetooth
0x000000000940a000 	/System/Library/Frameworks/CoreDisplay.framework/Versions/A/CoreDisplay
0x000000000940a000 	/System/Library/PrivateFrameworks/IOPresentment.framework/Versions/A/IOPresentment
0x000000000940a000 	/System/Library/PrivateFrameworks/DSExternalDisplay.framework/Versions/A/DSExternalDisplay
0x000000000940a000 	/System/Library/PrivateFrameworks/DebugSymbols.framework/Versions/A/DebugSymbols
0x000000000940a000 	/System/Library/PrivateFrameworks/CoreSymbolication.framework/Versions/A/CoreSymbolication
0x000000000940a000 	/System/Library/PrivateFrameworks/Symbolication.framework/Versions/A/Symbolication
0x000000000940a000 	/System/Library/PrivateFrameworks/AppleFSCompression.framework/Versions/A/AppleFSCompression
0x000000000940a000 	/System/Library/PrivateFrameworks/SpeechRecognitionCore.framework/Versions/A/SpeechRecognitionCore
0x000000000940a000 	/System/Library/PrivateFrameworks/ChunkingLibrary.framework/Versions/A/ChunkingLibrary
0x0000000104600000 	/Library/Java/JavaVirtualMachines/jdk1.8.0_60.jdk/Contents/Home/jre/lib/server/libjvm.dylib
0x000000000940a000 	/usr/lib/libstdc++.6.dylib
0x0000000105589000 	/Library/Java/JavaVirtualMachines/jdk1.8.0_60.jdk/Contents/Home/jre/lib/libverify.dylib
0x0000000105597000 	/Library/Java/JavaVirtualMachines/jdk1.8.0_60.jdk/Contents/Home/jre/lib/libjava.dylib
0x00000001055cc000 	/Library/Java/JavaVirtualMachines/jdk1.8.0_60.jdk/Contents/Home/jre/lib/libjdwp.dylib
0x00000001035f9000 	/Library/Java/JavaVirtualMachines/jdk1.8.0_60.jdk/Contents/Home/jre/lib/libnpt.dylib
0x000000010561f000 	/Library/Java/JavaVirtualMachines/jdk1.8.0_60.jdk/Contents/Home/jre/lib/libzip.dylib
0x00000001096dd000 	/System/Library/Frameworks/JavaVM.framework/Frameworks/JavaRuntimeSupport.framework/JavaRuntimeSupport
0x00000001096f7000 	/System/Library/Frameworks/JavaVM.framework/Versions/A/Frameworks/JavaNativeFoundation.framework/Versions/A/JavaNativeFoundation
0x000000010970c000 	/System/Library/Frameworks/JavaVM.framework/Versions/A/JavaVM
0x000000000940a000 	/System/Library/Frameworks/Carbon.framework/Versions/A/Carbon
0x0000000109719000 	/System/Library/PrivateFrameworks/JavaLaunching.framework/Versions/A/JavaLaunching
0x000000000940a000 	/System/Library/Frameworks/Carbon.framework/Versions/A/Frameworks/CommonPanels.framework/Versions/A/CommonPanels
0x000000000940a000 	/System/Library/Frameworks/Carbon.framework/Versions/A/Frameworks/Help.framework/Versions/A/Help
0x000000000940a000 	/System/Library/Frameworks/Carbon.framework/Versions/A/Frameworks/ImageCapture.framework/Versions/A/ImageCapture
0x000000000940a000 	/System/Library/Frameworks/Carbon.framework/Versions/A/Frameworks/OpenScripting.framework/Versions/A/OpenScripting
0x000000000940a000 	/System/Library/Frameworks/Carbon.framework/Versions/A/Frameworks/Print.framework/Versions/A/Print
0x000000000940a000 	/System/Library/Frameworks/Carbon.framework/Versions/A/Frameworks/SecurityHI.framework/Versions/A/SecurityHI
0x0000000109773000 	/Library/Java/JavaVirtualMachines/jdk1.8.0_60.jdk/Contents/Home/jre/lib/libdt_socket.dylib
0x000000010977a000 	/Library/Java/JavaVirtualMachines/jdk1.8.0_60.jdk/Contents/Home/jre/lib/libmanagement.dylib
0x0000000109788000 	/Library/Java/JavaVirtualMachines/jdk1.8.0_60.jdk/Contents/Home/jre/lib/libnet.dylib
0x00000001097e7000 	/Library/Java/JavaVirtualMachines/jdk1.8.0_60.jdk/Contents/Home/jre/lib/libnio.dylib

VM Arguments:
jvm_args: -agentlib:jdwp=transport=dt_socket,address=127.0.0.1:50213,suspend=y,server=n -XX:TieredStopAtLevel=1 -Xverify:none -Dspring.output.ansi.enabled=always -Dcom.sun.management.jmxremote -Dcom.sun.management.jmxremote.port=50212 -Dcom.sun.management.jmxremote.authenticate=false -Dcom.sun.management.jmxremote.ssl=false -Dspring.liveBeansView.mbeanDomain -Dspring.application.admin.enabled=true -Dfile.encoding=UTF-8 
java_command: ch.cemil.info.yoklama.YoklamaApplication
java_class_path (initial): /Library/Java/JavaVirtualMachines/jdk1.8.0_60.jdk/Contents/Home/jre/lib/charsets.jar:/Library/Java/JavaVirtualMachines/jdk1.8.0_60.jdk/Contents/Home/jre/lib/deploy.jar:/Library/Java/JavaVirtualMachines/jdk1.8.0_60.jdk/Contents/Home/jre/lib/ext/cldrdata.jar:/Library/Java/JavaVirtualMachines/jdk1.8.0_60.jdk/Contents/Home/jre/lib/ext/dnsns.jar:/Library/Java/JavaVirtualMachines/jdk1.8.0_60.jdk/Contents/Home/jre/lib/ext/jaccess.jar:/Library/Java/JavaVirtualMachines/jdk1.8.0_60.jdk/Contents/Home/jre/lib/ext/jfxrt.jar:/Library/Java/JavaVirtualMachines/jdk1.8.0_60.jdk/Contents/Home/jre/lib/ext/localedata.jar:/Library/Java/JavaVirtualMachines/jdk1.8.0_60.jdk/Contents/Home/jre/lib/ext/nashorn.jar:/Library/Java/JavaVirtualMachines/jdk1.8.0_60.jdk/Contents/Home/jre/lib/ext/sunec.jar:/Library/Java/JavaVirtualMachines/jdk1.8.0_60.jdk/Contents/Home/jre/lib/ext/sunjce_provider.jar:/Library/Java/JavaVirtualMachines/jdk1.8.0_60.jdk/Contents/Home/jre/lib/ext/sunpkcs11.jar:/Library/Java/JavaVirtualMachines/jdk1.8.0_60.jdk/Contents/Home/jre/lib/ext/zipfs.jar:/Library/Java/JavaVirtualMachines/jdk1.8.0_60.jdk/Contents/Home/jre/lib/javaws.jar:/Library/Java/JavaVirtualMachines/jdk1.8.0_60.jdk/Contents/Home/jre/lib/jce.jar:/Library/Java/JavaVirtualMachines/jdk1.8.0_60.jdk/Contents/Home/jre/lib/jfr.jar:/Library/Java/JavaVirtualMachines/jdk1.8.0_60.jdk/Contents/Home/jre/lib/jfxswt.jar:/Library/Java/JavaVirtualMachines/jdk1.8.0_60.jdk/Contents/Home/jre/lib/jsse.jar:/Library/Java/JavaVirtualMachines/jdk1.8.0_60.jdk/Contents/Home/jre/lib/management-agent.jar:/Library/Java/JavaVirtualMachines/jdk1.8.0_60.jdk/Contents/Home/jre/lib/plugin.jar:/Library/Java/JavaVirtualMachines/jdk1.8.0_60.jdk/Contents/Home/jre/lib/resources.jar:/Library/Java/JavaVirtualMachines/jdk1.8.0_60.jdk/Contents/Home/jre/lib/rt.jar:/Library/Java/JavaVirtualMachines/jdk1.8.0_60.jdk/Contents/Home/lib/ant-javafx.jar:/Library/Java/JavaVirtualMachines/jdk1.8.0_60.jdk/Contents/Home/lib/dt.jar:/Library/Ja
Launcher Type: SUN_STANDARD

Environment Variables:
JAVA_HOME=/Library/Java/JavaVirtualMachines/jdk1.8.0_60.jdk/Contents/Home
PATH=/Users/Dogan/.sdkman/candidates/springboot/current/bin:/usr/bin:/bin:/usr/sbin:/sbin:/usr/local/bin:/etc/mongod.conf:../Users/Dogan/Etops/activator:/opt/X11/bin:/usr/local/git/bin:/Users/Dogan/Etops/activator/:/Library/PostgreSQL/9.3/bin:/Users/Dogan/.node/bin:/Applications/Couchbase Server.app/Contents/Resources/couchbase-core/bin/
SHELL=/bin/bash
DISPLAY=/private/tmp/com.apple.launchd.gTO0Fqo7Pk/org.macosforge.xquartz:0

Signal Handlers:
SIGSEGV: [libjvm.dylib+0x5a6d31], sa_mask[0]=11111111011111110111111111111111, sa_flags=SA_ONSTACK|SA_RESTART|SA_SIGINFO
SIGBUS: [libjvm.dylib+0x5a6d31], sa_mask[0]=11111111011111110111111111111111, sa_flags=SA_RESTART|SA_SIGINFO
SIGFPE: [libjvm.dylib+0x480a4c], sa_mask[0]=11111111011111110111111111111111, sa_flags=SA_RESTART|SA_SIGINFO
SIGPIPE: [libjvm.dylib+0x480a4c], sa_mask[0]=11111111011111110111111111111111, sa_flags=SA_RESTART|SA_SIGINFO
SIGXFSZ: [libjvm.dylib+0x480a4c], sa_mask[0]=11111111011111110111111111111111, sa_flags=SA_RESTART|SA_SIGINFO
SIGILL: [libjvm.dylib+0x480a4c], sa_mask[0]=11111111011111110111111111111111, sa_flags=SA_RESTART|SA_SIGINFO
SIGUSR1: SIG_DFL, sa_mask[0]=00000000000000000000000000000000, sa_flags=none
SIGUSR2: [libjvm.dylib+0x48056a], sa_mask[0]=00100000000000000000000000000000, sa_flags=SA_RESTART|SA_SIGINFO
SIGHUP: [libjvm.dylib+0x47eb41], sa_mask[0]=11111111011111110111111111111111, sa_flags=SA_RESTART|SA_SIGINFO
SIGINT: [libjvm.dylib+0x47eb41], sa_mask[0]=11111111011111110111111111111111, sa_flags=SA_RESTART|SA_SIGINFO
SIGTERM: [libjvm.dylib+0x47eb41], sa_mask[0]=11111111011111110111111111111111, sa_flags=SA_RESTART|SA_SIGINFO
SIGQUIT: [libjvm.dylib+0x47eb41], sa_mask[0]=11111111011111110111111111111111, sa_flags=SA_RESTART|SA_SIGINFO


---------------  S Y S T E M  ---------------

OS:Bsduname:Darwin 16.7.0 Darwin Kernel Version 16.7.0: Thu Jun 15 17:36:27 PDT 2017; root:xnu-3789.70.16~2/RELEASE_X86_64 x86_64
rlimit: STACK 8192k, CORE 0k, NPROC 709, NOFILE 10240, AS infinity
load average:5.12 4.84 4.62

CPU:total 8 (4 cores per cpu, 2 threads per core) family 6 model 58 stepping 9, cmov, cx8, fxsr, mmx, sse, sse2, sse3, ssse3, sse4.1, sse4.2, popcnt, avx, aes, clmul, erms, ht, tsc, tscinvbit, tscinv

Memory: 4k page, physical 16777216k(604696k free)

/proc/meminfo:


vm_info: Java HotSpot(TM) 64-Bit Server VM (25.60-b23) for bsd-amd64 JRE (1.8.0_60-b27), built on Aug  4 2015 10:47:24 by "java_re" with gcc 4.2.1 (Based on Apple Inc. build 5658) (LLVM build 2336.11.00)

time: Fri Dec 29 21:50:33 2017
elapsed time: 605 seconds (0d 0h 10m 5s)

