#
# A fatal error has been detected by the Java Runtime Environment:
#
#  SIGSEGV (0xb) at pc=0x0000000108c46914, pid=64914, tid=19203
#
# JRE version: Java(TM) SE Runtime Environment (8.0_60-b27) (build 1.8.0_60-b27)
# Java VM: Java HotSpot(TM) 64-Bit Server VM (25.60-b23 mixed mode bsd-amd64 compressed oops)
# Problematic frame:
# V  [libjvm.dylib+0x446914]  Method::checked_resolve_jmethod_id(_jmethodID*)+0xe
#
# Failed to write core dump. Core dumps have been disabled. To enable core dumping, try "ulimit -c unlimited" before starting Java again
#
# If you would like to submit a bug report, please visit:
#   http://bugreport.java.com/bugreport/crash.jsp
#

---------------  T H R E A D  ---------------

Current thread (0x00007fd3ef811000):  JavaThread "JDWP Transport Listener: dt_socket" daemon [_thread_in_vm, id=19203, stack(0x000070000dc8b000,0x000070000dd8b000)]

siginfo: si_signo: 11 (SIGSEGV), si_code: 0 (unknown), si_addr: 0x0000000000000000

Registers:
RAX=0x0000000000000001, RBX=0x000070000dd8aa8b, RCX=0x0000000109015310, RDX=0x000070000dd8aa8b
RSP=0x000070000dd8a9d0, RBP=0x000070000dd8a9e0, RSI=0x00007fd3ef811000, RDI=0x0003000000000000
R8 =0x0000000000000001, R9 =0x00007fd3eded96d0, R10=0x0000000000000001, R11=0x0000000000000002
R12=0x00007fd3ef811000, R13=0x0003000000000000, R14=0x0003000000000000, R15=0x00007fd3edf02b60
RIP=0x0000000108c46914, EFLAGS=0x0000000000010206, ERR=0x0000000000000000
  TRAPNO=0x000000000000000d

Top of Stack: (sp=0x000070000dd8a9d0)
0x000070000dd8a9d0:   000070000dd8aa8b 000070000dd8aa8b
0x000070000dd8a9e0:   000070000dd8aa40 0000000108b55a0e
0x000070000dd8a9f0:   00007fd3ef811000 0000000000000000
0x000070000dd8aa00:   0000000000000000 0000000000000000
0x000070000dd8aa10:   00007fd3ef811000 00007fd3ef811000
0x000070000dd8aa20:   000070000dd8aa8b 000070000dd8aa90
0x000070000dd8aa30:   0003000000000000 0000000000000005
0x000070000dd8aa40:   000070000dd8aa60 0000000107764780
0x000070000dd8aa50:   0000000000000001 000070000dd8ab08
0x000070000dd8aa60:   000070000dd8aad0 00000001077491f3
0x000070000dd8aa70:   000070000dd8aaa0 00007fd3f28ac4e0
0x000070000dd8aa80:   0000000600000032 f000100a01d8ab08
0x000070000dd8aa90:   0000000000000000 0000000000000000
0x000070000dd8aaa0:   0000000000000000 000070000dd8ac90
0x000070000dd8aab0:   000000010776be7a 00007fd3f2a25410
0x000070000dd8aac0:   000070000dd8ab08 0000000107777598
0x000070000dd8aad0:   000070000dd8aae0 00000001077492ec
0x000070000dd8aae0:   000070000dd8ad00 0000000107752898
0x000070000dd8aaf0:   001233c900000013 00000000000f0200
0x000070000dd8ab00:   00007fd3f2a34270 00007fd3f28b0543
0x000070000dd8ab10:   00007fd3000000c5 00007fd3f288c780
0x000070000dd8ab20:   00007fd30000012c 000070000dd8ab58
0x000070000dd8ab30:   00007fd3f288c780 0000000000000000
0x000070000dd8ab40:   001233c90000000f 00007fd30000c280
0x000070000dd8ab50:   000070000dd8ab58 d37f000006000000
0x000070000dd8ab60:   06000000f86a33ef 00003e74696e693c
0x000070000dd8ab70:   0000005629280300 7f00000100000000
0x000070000dd8ab80:   00000090f7a9f2d3 246164626d616c18
0x000070000dd8ab90:   7474416b63656863 2465636e61646e65
0x000070000dd8aba0:   634c28a400000032 2f6c696d65632f68
0x000070000dd8abb0:   6b6f792f6f666e69 2f69752f616d616c
0x000070000dd8abc0:   6c6c6f72746e6f63 76697463612f7265 

Instructions: (pc=0x0000000108c46914)
0x0000000108c468f4:   40 48 48 85 c0 75 e0 30 c0 0f b6 c0 5d c3 31 c0
0x0000000108c46904:   5d c3 55 48 89 e5 53 48 83 ec 08 48 85 ff 74 24
0x0000000108c46914:   48 8b 1f 48 85 db 74 1c 48 83 fb 37 74 16 48 8b
0x0000000108c46924:   03 48 89 df ff 50 10 84 c0 b8 00 00 00 00 48 0f 

Register to memory mapping:

RAX=0x0000000000000001 is an unknown value
RBX=0x000070000dd8aa8b is pointing into the stack for thread: 0x00007fd3ef811000
RCX=0x0000000109015310: UseMembar+0 in /Library/Java/JavaVirtualMachines/jdk1.8.0_60.jdk/Contents/Home/jre/lib/server/libjvm.dylib at 0x0000000108800000
RDX=0x000070000dd8aa8b is pointing into the stack for thread: 0x00007fd3ef811000
RSP=0x000070000dd8a9d0 is pointing into the stack for thread: 0x00007fd3ef811000
RBP=0x000070000dd8a9e0 is pointing into the stack for thread: 0x00007fd3ef811000
RSI=0x00007fd3ef811000 is a thread
RDI=0x0003000000000000 is an unknown value
R8 =0x0000000000000001 is an unknown value
R9 =0x00007fd3eded96d0 is an unknown value
R10=0x0000000000000001 is an unknown value
R11=0x0000000000000002 is an unknown value
R12=0x00007fd3ef811000 is a thread
R13=0x0003000000000000 is an unknown value
R14=0x0003000000000000 is an unknown value
R15=0x00007fd3edf02b60 is an unknown value


Stack: [0x000070000dc8b000,0x000070000dd8b000],  sp=0x000070000dd8a9d0,  free space=1022k
Native frames: (J=compiled Java code, j=interpreted, Vv=VM code, C=native code)
V  [libjvm.dylib+0x446914]  Method::checked_resolve_jmethod_id(_jmethodID*)+0xe
V  [libjvm.dylib+0x355a0e]  jvmti_IsMethodSynthetic+0xb2
C  [libjdwp.dylib+0x20780]  isMethodSynthetic+0x63
C  [libjdwp.dylib+0x51f3]  methods1+0x10b
C  [libjdwp.dylib+0x52ec]  methodsWithGeneric+0xe
C  [libjdwp.dylib+0xe898]  debugLoop_run+0x1ce
C  [libjdwp.dylib+0x1f6ba]  attachThread+0x4d
V  [libjvm.dylib+0x396d6c]  JvmtiAgentThread::call_start_function()+0x38
V  [libjvm.dylib+0x5612d3]  JavaThread::thread_main_inner()+0x9b
V  [libjvm.dylib+0x5629ce]  JavaThread::run()+0x1c2
V  [libjvm.dylib+0x48343a]  java_start(Thread*)+0xf6
C  [libsystem_pthread.dylib+0x393b]  _pthread_body+0xb4
C  [libsystem_pthread.dylib+0x3887]  _pthread_body+0x0
C  [libsystem_pthread.dylib+0x308d]  thread_start+0xd
C  0x0000000000000000


---------------  P R O C E S S  ---------------

Java Threads: ( => current thread )
  0x00007fd3f008d800 JavaThread "RMI TCP Connection(5)-127.0.0.1" daemon [_thread_in_Java, id=26895, stack(0x000070000ebb8000,0x000070000ecb8000)]
  0x00007fd3f1c27800 JavaThread "RMI TCP Connection(idle)" daemon [_thread_blocked, id=37123, stack(0x00007000100f7000,0x00007000101f7000)]
  0x00007fd3f208a800 JavaThread "RMI TCP Connection(idle)" daemon [_thread_blocked, id=36103, stack(0x000070000fef1000,0x000070000fff1000)]
  0x00007fd3f1274000 JavaThread "DestroyJavaVM" [_thread_blocked, id=6915, stack(0x000070000cee1000,0x000070000cfe1000)]
  0x00007fd3f039b800 JavaThread "http-nio-8090-AsyncTimeout" daemon [_thread_blocked, id=35587, stack(0x000070000fdee000,0x000070000feee000)]
  0x00007fd3f039a800 JavaThread "http-nio-8090-Acceptor-0" daemon [_thread_in_native, id=35075, stack(0x000070000fceb000,0x000070000fdeb000)]
  0x00007fd3efbf7000 JavaThread "http-nio-8090-ClientPoller-1" daemon [_thread_blocked, id=34563, stack(0x000070000fbe8000,0x000070000fce8000)]
  0x00007fd3efbfd800 JavaThread "http-nio-8090-ClientPoller-0" daemon [_thread_blocked, id=34051, stack(0x000070000fae5000,0x000070000fbe5000)]
  0x00007fd3efbfe000 JavaThread "http-nio-8090-exec-10" daemon [_thread_blocked, id=33539, stack(0x000070000f9e2000,0x000070000fae2000)]
  0x00007fd3f1c04000 JavaThread "http-nio-8090-exec-9" daemon [_thread_blocked, id=33027, stack(0x000070000f8df000,0x000070000f9df000)]
  0x00007fd3f1c05000 JavaThread "http-nio-8090-exec-8" daemon [_thread_blocked, id=32515, stack(0x000070000f7dc000,0x000070000f8dc000)]
  0x00007fd3f039a000 JavaThread "http-nio-8090-exec-7" daemon [_thread_blocked, id=32003, stack(0x000070000f6d9000,0x000070000f7d9000)]
  0x00007fd3efbec800 JavaThread "http-nio-8090-exec-6" daemon [_thread_blocked, id=31491, stack(0x000070000f5d6000,0x000070000f6d6000)]
  0x00007fd3efb8b000 JavaThread "http-nio-8090-exec-5" daemon [_thread_blocked, id=30979, stack(0x000070000f4d3000,0x000070000f5d3000)]
  0x00007fd3efbe9800 JavaThread "http-nio-8090-exec-4" daemon [_thread_blocked, id=30467, stack(0x000070000f3d0000,0x000070000f4d0000)]
  0x00007fd3ef86a800 JavaThread "http-nio-8090-exec-3" daemon [_thread_blocked, id=29955, stack(0x000070000f2cd000,0x000070000f3cd000)]
  0x00007fd3f0397000 JavaThread "http-nio-8090-exec-2" daemon [_thread_blocked, id=29463, stack(0x000070000f1ca000,0x000070000f2ca000)]
  0x00007fd3f0396000 JavaThread "http-nio-8090-exec-1" daemon [_thread_blocked, id=4359, stack(0x000070000f0c7000,0x000070000f1c7000)]
  0x00007fd3f038c000 JavaThread "NioBlockingSelector.BlockPoller-1" daemon [_thread_blocked, id=4111, stack(0x000070000cddb000,0x000070000cedb000)]
  0x00007fd3efb18800 JavaThread "Tomcat JDBC Pool Cleaner[349885916:1514597719921]" daemon [_thread_blocked, id=28931, stack(0x000070000efc4000,0x000070000f0c4000)]
  0x00007fd3f1baa800 JavaThread "container-0" [_thread_blocked, id=28419, stack(0x000070000eec1000,0x000070000efc1000)]
  0x00007fd3f05bf000 JavaThread "ContainerBackgroundProcessor[StandardEngine[Tomcat]]" daemon [_thread_blocked, id=27907, stack(0x000070000edbe000,0x000070000eebe000)]
  0x00007fd3ef8b5800 JavaThread "RMI TCP Connection(idle)" daemon [_thread_blocked, id=26371, stack(0x000070000eab5000,0x000070000ebb5000)]
  0x00007fd3ef8b4800 JavaThread "RMI Scheduler(0)" daemon [_thread_blocked, id=25859, stack(0x000070000e9b2000,0x000070000eab2000)]
  0x00007fd3f1a41000 JavaThread "RMI TCP Connection(1)-127.0.0.1" daemon [_thread_blocked, id=25347, stack(0x000070000e8af000,0x000070000e9af000)]
  0x00007fd3f1841000 JavaThread "RMI TCP Accept-0" daemon [_thread_in_native, id=24323, stack(0x000070000e6a9000,0x000070000e7a9000)]
  0x00007fd3f02e8000 JavaThread "RMI TCP Accept-62477" daemon [_thread_in_native, id=23811, stack(0x000070000e5a6000,0x000070000e6a6000)]
  0x00007fd3f1020800 JavaThread "RMI TCP Accept-0" daemon [_thread_in_native, id=23299, stack(0x000070000e4a3000,0x000070000e5a3000)]
  0x00007fd3f0050000 JavaThread "Service Thread" daemon [_thread_blocked, id=22787, stack(0x000070000e3a0000,0x000070000e4a0000)]
  0x00007fd3f2003000 JavaThread "C1 CompilerThread3" daemon [_thread_blocked, id=22275, stack(0x000070000e29d000,0x000070000e39d000)]
  0x00007fd3f2002000 JavaThread "C2 CompilerThread2" daemon [_thread_blocked, id=21763, stack(0x000070000e19a000,0x000070000e29a000)]
  0x00007fd3ef80b800 JavaThread "C2 CompilerThread1" daemon [_thread_blocked, id=21251, stack(0x000070000e097000,0x000070000e197000)]
  0x00007fd3f0819000 JavaThread "C2 CompilerThread0" daemon [_thread_blocked, id=20739, stack(0x000070000df94000,0x000070000e094000)]
  0x00007fd3ef80a000 JavaThread "JDWP Command Reader" daemon [_thread_in_native, id=20227, stack(0x000070000de91000,0x000070000df91000)]
  0x00007fd3ef809000 JavaThread "JDWP Event Helper Thread" daemon [_thread_blocked, id=19715, stack(0x000070000dd8e000,0x000070000de8e000)]
=>0x00007fd3ef811000 JavaThread "JDWP Transport Listener: dt_socket" daemon [_thread_in_vm, id=19203, stack(0x000070000dc8b000,0x000070000dd8b000)]
  0x00007fd3f004a800 JavaThread "Signal Dispatcher" daemon [_thread_blocked, id=18691, stack(0x000070000db88000,0x000070000dc88000)]
  0x00007fd3f1003000 JavaThread "Finalizer" daemon [_thread_blocked, id=14339, stack(0x000070000da02000,0x000070000db02000)]
  0x00007fd3f1002000 JavaThread "Reference Handler" daemon [_thread_blocked, id=13827, stack(0x000070000d8ff000,0x000070000d9ff000)]

Other Threads:
  0x00007fd3f004a000 VMThread [stack: 0x000070000d7fc000,0x000070000d8fc000] [id=13315]
  0x00007fd3f02f8000 WatcherThread [stack: 0x000070000e7ac000,0x000070000e8ac000] [id=24835]

VM state:not at safepoint (normal execution)

VM Mutex/Monitor currently owned by a thread: None

Heap:
 PSYoungGen      total 302592K, used 212426K [0x000000076ab00000, 0x000000077f480000, 0x00000007c0000000)
  eden space 288256K, 68% used [0x000000076ab00000,0x0000000776cda728,0x000000077c480000)
  from space 14336K, 97% used [0x000000077e680000,0x000000077f418210,0x000000077f480000)
  to   space 18432K, 0% used [0x000000077d080000,0x000000077d080000,0x000000077e280000)
 ParOldGen       total 166912K, used 24178K [0x00000006c0000000, 0x00000006ca300000, 0x000000076ab00000)
  object space 166912K, 14% used [0x00000006c0000000,0x00000006c179c9b0,0x00000006ca300000)
 Metaspace       used 47123K, capacity 47758K, committed 48000K, reserved 1091584K
  class space    used 6102K, capacity 6269K, committed 6272K, reserved 1048576K

Card table byte_map: [0x0000000109b49000,0x000000010a34a000] byte_map_base: 0x0000000106549000

Marking Bits: (ParMarkBitMap*) 0x00000001090dee20
 Begin Bits: [0x000000010a8a0000, 0x000000010e8a0000)
 End Bits:   [0x000000010e8a0000, 0x00000001128a0000)

Polling page: 0x0000000107743000

CodeCache: size=245760Kb used=10851Kb max_used=10851Kb free=234909Kb
 bounds [0x0000000112c6e000, 0x000000011370e000, 0x0000000121c6e000]
 total_blobs=5436 nmethods=4707 adapters=650
 compilation: enabled

Compilation events (10 events):
Event: 15.178 Thread 0x00007fd3f2003000 4769       1       org.jboss.logging.Logger::isTraceEnabled (8 bytes)
Event: 15.179 Thread 0x00007fd3f2003000 nmethod 4769 0x0000000113704fd0 code [0x0000000113705140, 0x0000000113705288]
Event: 15.179 Thread 0x00007fd3f2003000 4770       1       org.hibernate.internal.AbstractSessionImpl::errorIfClosed (18 bytes)
Event: 15.179 Thread 0x00007fd3f2003000 nmethod 4770 0x0000000113705310 code [0x0000000113705480, 0x0000000113705648]
Event: 200.379 Thread 0x00007fd3f2003000 4771       1       java.io.ObjectInputStream::defaultReadFields (199 bytes)
Event: 200.381 Thread 0x00007fd3f2003000 nmethod 4771 0x0000000113705750 code [0x0000000113705940, 0x0000000113705fa8]
Event: 200.381 Thread 0x00007fd3f2003000 4773       1       java.io.ObjectStreamClass$FieldReflector::setPrimFieldValues (329 bytes)
Event: 200.382 Thread 0x00007fd3f2003000 nmethod 4773 0x0000000113706650 code [0x0000000113706840, 0x0000000113706e18]
Event: 200.382 Thread 0x00007fd3f2003000 4772       1       java.io.ObjectStreamClass::setPrimFieldValues (10 bytes)
Event: 200.382 Thread 0x00007fd3f2003000 nmethod 4772 0x00000001137076d0 code [0x0000000113707840, 0x00000001137079a8]

GC Heap History (10 events):
Event: 2.674 GC heap before
{Heap before GC invocations=6 (full 1):
 PSYoungGen      total 141824K, used 131072K [0x000000076ab00000, 0x0000000774000000, 0x00000007c0000000)
  eden space 131072K, 100% used [0x000000076ab00000,0x0000000772b00000,0x0000000772b00000)
  from space 10752K, 0% used [0x0000000773580000,0x0000000773580000,0x0000000774000000)
  to   space 10752K, 0% used [0x0000000772b00000,0x0000000772b00000,0x0000000773580000)
 ParOldGen       total 103424K, used 9184K [0x00000006c0000000, 0x00000006c6500000, 0x000000076ab00000)
  object space 103424K, 8% used [0x00000006c0000000,0x00000006c08f81c8,0x00000006c6500000)
 Metaspace       used 27112K, capacity 27550K, committed 27648K, reserved 1073152K
  class space    used 3440K, capacity 3546K, committed 3584K, reserved 1048576K
Event: 2.684 GC heap after
Heap after GC invocations=6 (full 1):
 PSYoungGen      total 141824K, used 10726K [0x000000076ab00000, 0x0000000778b00000, 0x00000007c0000000)
  eden space 131072K, 0% used [0x000000076ab00000,0x000000076ab00000,0x0000000772b00000)
  from space 10752K, 99% used [0x0000000772b00000,0x0000000773579888,0x0000000773580000)
  to   space 14336K, 0% used [0x0000000777d00000,0x0000000777d00000,0x0000000778b00000)
 ParOldGen       total 103424K, used 11899K [0x00000006c0000000, 0x00000006c6500000, 0x000000076ab00000)
  object space 103424K, 11% used [0x00000006c0000000,0x00000006c0b9eee8,0x00000006c6500000)
 Metaspace       used 27112K, capacity 27550K, committed 27648K, reserved 1073152K
  class space    used 3440K, capacity 3546K, committed 3584K, reserved 1048576K
}
Event: 3.251 GC heap before
{Heap before GC invocations=7 (full 1):
 PSYoungGen      total 141824K, used 141798K [0x000000076ab00000, 0x0000000778b00000, 0x00000007c0000000)
  eden space 131072K, 100% used [0x000000076ab00000,0x0000000772b00000,0x0000000772b00000)
  from space 10752K, 99% used [0x0000000772b00000,0x0000000773579888,0x0000000773580000)
  to   space 14336K, 0% used [0x0000000777d00000,0x0000000777d00000,0x0000000778b00000)
 ParOldGen       total 103424K, used 11899K [0x00000006c0000000, 0x00000006c6500000, 0x000000076ab00000)
  object space 103424K, 11% used [0x00000006c0000000,0x00000006c0b9eee8,0x00000006c6500000)
 Metaspace       used 30963K, capacity 31428K, committed 31744K, reserved 1077248K
  class space    used 3914K, capacity 4027K, committed 4096K, reserved 1048576K
Event: 3.262 GC heap after
Heap after GC invocations=7 (full 1):
 PSYoungGen      total 212992K, used 14333K [0x000000076ab00000, 0x0000000778d00000, 0x00000007c0000000)
  eden space 198656K, 0% used [0x000000076ab00000,0x000000076ab00000,0x0000000776d00000)
  from space 14336K, 99% used [0x0000000777d00000,0x0000000778aff7f0,0x0000000778b00000)
  to   space 16384K, 0% used [0x0000000776d00000,0x0000000776d00000,0x0000000777d00000)
 ParOldGen       total 103424K, used 12743K [0x00000006c0000000, 0x00000006c6500000, 0x000000076ab00000)
  object space 103424K, 12% used [0x00000006c0000000,0x00000006c0c71e50,0x00000006c6500000)
 Metaspace       used 30963K, capacity 31428K, committed 31744K, reserved 1077248K
  class space    used 3914K, capacity 4027K, committed 4096K, reserved 1048576K
}
Event: 3.630 GC heap before
{Heap before GC invocations=8 (full 1):
 PSYoungGen      total 212992K, used 62844K [0x000000076ab00000, 0x0000000778d00000, 0x00000007c0000000)
  eden space 198656K, 24% used [0x000000076ab00000,0x000000076da5fa60,0x0000000776d00000)
  from space 14336K, 99% used [0x0000000777d00000,0x0000000778aff7f0,0x0000000778b00000)
  to   space 16384K, 0% used [0x0000000776d00000,0x0000000776d00000,0x0000000777d00000)
 ParOldGen       total 103424K, used 12743K [0x00000006c0000000, 0x00000006c6500000, 0x000000076ab00000)
  object space 103424K, 12% used [0x00000006c0000000,0x00000006c0c71e50,0x00000006c6500000)
 Metaspace       used 34928K, capacity 35338K, committed 35496K, reserved 1081344K
  class space    used 4509K, capacity 4604K, committed 4608K, reserved 1048576K
Event: 3.642 GC heap after
Heap after GC invocations=8 (full 1):
 PSYoungGen      total 215040K, used 16367K [0x000000076ab00000, 0x000000077f880000, 0x00000007c0000000)
  eden space 198656K, 0% used [0x000000076ab00000,0x000000076ab00000,0x0000000776d00000)
  from space 16384K, 99% used [0x0000000776d00000,0x0000000777cfbff0,0x0000000777d00000)
  to   space 18432K, 0% used [0x000000077e680000,0x000000077e680000,0x000000077f880000)
 ParOldGen       total 103424K, used 12955K [0x00000006c0000000, 0x00000006c6500000, 0x000000076ab00000)
  object space 103424K, 12% used [0x00000006c0000000,0x00000006c0ca6f40,0x00000006c6500000)
 Metaspace       used 34928K, capacity 35338K, committed 35496K, reserved 1081344K
  class space    used 4509K, capacity 4604K, committed 4608K, reserved 1048576K
}
Event: 3.642 GC heap before
{Heap before GC invocations=9 (full 2):
 PSYoungGen      total 215040K, used 16367K [0x000000076ab00000, 0x000000077f880000, 0x00000007c0000000)
  eden space 198656K, 0% used [0x000000076ab00000,0x000000076ab00000,0x0000000776d00000)
  from space 16384K, 99% used [0x0000000776d00000,0x0000000777cfbff0,0x0000000777d00000)
  to   space 18432K, 0% used [0x000000077e680000,0x000000077e680000,0x000000077f880000)
 ParOldGen       total 103424K, used 12955K [0x00000006c0000000, 0x00000006c6500000, 0x000000076ab00000)
  object space 103424K, 12% used [0x00000006c0000000,0x00000006c0ca6f40,0x00000006c6500000)
 Metaspace       used 34928K, capacity 35338K, committed 35496K, reserved 1081344K
  class space    used 4509K, capacity 4604K, committed 4608K, reserved 1048576K
Event: 3.694 GC heap after
Heap after GC invocations=9 (full 2):
 PSYoungGen      total 215040K, used 0K [0x000000076ab00000, 0x000000077f880000, 0x00000007c0000000)
  eden space 198656K, 0% used [0x000000076ab00000,0x000000076ab00000,0x0000000776d00000)
  from space 16384K, 0% used [0x0000000776d00000,0x0000000776d00000,0x0000000777d00000)
  to   space 18432K, 0% used [0x000000077e680000,0x000000077e680000,0x000000077f880000)
 ParOldGen       total 166912K, used 24170K [0x00000006c0000000, 0x00000006ca300000, 0x000000076ab00000)
  object space 166912K, 14% used [0x00000006c0000000,0x00000006c179a9b0,0x00000006ca300000)
 Metaspace       used 34928K, capacity 35338K, committed 35496K, reserved 1081344K
  class space    used 4509K, capacity 4604K, committed 4608K, reserved 1048576K
}
Event: 5.373 GC heap before
{Heap before GC invocations=10 (full 2):
 PSYoungGen      total 215040K, used 198656K [0x000000076ab00000, 0x000000077f880000, 0x00000007c0000000)
  eden space 198656K, 100% used [0x000000076ab00000,0x0000000776d00000,0x0000000776d00000)
  from space 16384K, 0% used [0x0000000776d00000,0x0000000776d00000,0x0000000777d00000)
  to   space 18432K, 0% used [0x000000077e680000,0x000000077e680000,0x000000077f880000)
 ParOldGen       total 166912K, used 24170K [0x00000006c0000000, 0x00000006ca300000, 0x000000076ab00000)
  object space 166912K, 14% used [0x00000006c0000000,0x00000006c179a9b0,0x00000006ca300000)
 Metaspace       used 42056K, capacity 42530K, committed 42752K, reserved 1087488K
  class space    used 5512K, capacity 5616K, committed 5632K, reserved 1048576K
Event: 5.384 GC heap after
Heap after GC invocations=10 (full 2):
 PSYoungGen      total 302592K, used 13920K [0x000000076ab00000, 0x000000077f480000, 0x00000007c0000000)
  eden space 288256K, 0% used [0x000000076ab00000,0x000000076ab00000,0x000000077c480000)
  from space 14336K, 97% used [0x000000077e680000,0x000000077f418210,0x000000077f480000)
  to   space 18432K, 0% used [0x000000077d080000,0x000000077d080000,0x000000077e280000)
 ParOldGen       total 166912K, used 24178K [0x00000006c0000000, 0x00000006ca300000, 0x000000076ab00000)
  object space 166912K, 14% used [0x00000006c0000000,0x00000006c179c9b0,0x00000006ca300000)
 Metaspace       used 42056K, capacity 42530K, committed 42752K, reserved 1087488K
  class space    used 5512K, capacity 5616K, committed 5632K, reserved 1048576K
}

Deoptimization events (0 events):
No events

Internal exceptions (10 events):
Event: 15.120 Thread 0x00007fd3f0396000 Exception <a 'java/lang/ClassNotFoundException': java/lang/ObjectCustomizer> (0x000000077606e5d0) thrown at [/Users/java_re/workspace/8-2-build-macosx-x86_64/jdk8u60/4407/hotspot/src/share/vm/classfile/systemDictionary.cpp, line 210]
Event: 15.120 Thread 0x00007fd3f0396000 Exception <a 'java/lang/ClassNotFoundException': ch/cemil/info/yoklama/ui/controller/activity/view/ActivityMembersWrapperCustomizer> (0x00000007760954e0) thrown at [/Users/java_re/workspace/8-2-build-macosx-x86_64/jdk8u60/4407/hotspot/src/share/vm/classfi
Event: 15.121 Thread 0x00007fd3f0396000 Exception <a 'java/lang/ArrayIndexOutOfBoundsException'> (0x0000000776097b50) thrown at [/Users/java_re/workspace/8-2-build-macosx-x86_64/jdk8u60/4407/hotspot/src/share/vm/runtime/sharedRuntime.cpp, line 605]
Event: 15.121 Thread 0x00007fd3f0396000 Exception <a 'java/lang/ArrayIndexOutOfBoundsException'> (0x00000007760a0438) thrown at [/Users/java_re/workspace/8-2-build-macosx-x86_64/jdk8u60/4407/hotspot/src/share/vm/runtime/sharedRuntime.cpp, line 605]
Event: 15.121 Thread 0x00007fd3f0396000 Exception <a 'java/lang/ArrayIndexOutOfBoundsException'> (0x00000007760a2ea8) thrown at [/Users/java_re/workspace/8-2-build-macosx-x86_64/jdk8u60/4407/hotspot/src/share/vm/runtime/sharedRuntime.cpp, line 605]
Event: 15.121 Thread 0x00007fd3f0396000 Exception <a 'java/lang/ArrayIndexOutOfBoundsException'> (0x00000007760a4de0) thrown at [/Users/java_re/workspace/8-2-build-macosx-x86_64/jdk8u60/4407/hotspot/src/share/vm/runtime/sharedRuntime.cpp, line 605]
Event: 15.152 Thread 0x00007fd3f0396000 Exception <a 'java/lang/ArrayIndexOutOfBoundsException'> (0x0000000776476c28) thrown at [/Users/java_re/workspace/8-2-build-macosx-x86_64/jdk8u60/4407/hotspot/src/share/vm/runtime/sharedRuntime.cpp, line 605]
Event: 15.154 Thread 0x00007fd3f0396000 Exception <a 'java/lang/ClassNotFoundException': java/lang/ObjectCustomizer> (0x0000000776494d88) thrown at [/Users/java_re/workspace/8-2-build-macosx-x86_64/jdk8u60/4407/hotspot/src/share/vm/classfile/systemDictionary.cpp, line 210]
Event: 15.155 Thread 0x00007fd3f0396000 Exception <a 'java/lang/ClassNotFoundException': ch/cemil/info/yoklama/ui/controller/activity/view/ActivityMemberCustomizer> (0x00000007764b9578) thrown at [/Users/java_re/workspace/8-2-build-macosx-x86_64/jdk8u60/4407/hotspot/src/share/vm/classfile/syste
Event: 15.171 Thread 0x00007fd3f0396000 Exception <a 'java/lang/ArrayIndexOutOfBoundsException'> (0x00000007766a6740) thrown at [/Users/java_re/workspace/8-2-build-macosx-x86_64/jdk8u60/4407/hotspot/src/share/vm/runtime/sharedRuntime.cpp, line 605]

Events (10 events):
Event: 212.655 Executing VM operation: ChangeBreakpoints
Event: 212.657 Executing VM operation: ChangeBreakpoints done
Event: 222.669 Executing VM operation: ChangeBreakpoints
Event: 222.669 Executing VM operation: ChangeBreakpoints done
Event: 222.669 Executing VM operation: ChangeBreakpoints
Event: 222.669 Executing VM operation: ChangeBreakpoints done
Event: 222.672 Executing VM operation: RedefineClasses
Event: 222.693 Executing VM operation: RedefineClasses done
Event: 222.693 Executing VM operation: GetOrSetLocal
Event: 222.694 Executing VM operation: GetOrSetLocal done


Dynamic libraries:
0x000000000940a000 	/System/Library/Frameworks/Cocoa.framework/Versions/A/Cocoa
0x000000000940a000 	/System/Library/Frameworks/Security.framework/Versions/A/Security
0x000000000940a000 	/System/Library/Frameworks/ApplicationServices.framework/Versions/A/ApplicationServices
0x000000000940a000 	/usr/lib/libz.1.dylib
0x000000000940a000 	/usr/lib/libSystem.B.dylib
0x000000000940a000 	/usr/lib/libobjc.A.dylib
0x000000000940a000 	/System/Library/Frameworks/CoreFoundation.framework/Versions/A/CoreFoundation
0x000000000940a000 	/System/Library/Frameworks/Foundation.framework/Versions/C/Foundation
0x000000000940a000 	/System/Library/Frameworks/AppKit.framework/Versions/C/AppKit
0x000000000940a000 	/System/Library/Frameworks/CoreData.framework/Versions/A/CoreData
0x000000000940a000 	/System/Library/PrivateFrameworks/RemoteViewServices.framework/Versions/A/RemoteViewServices
0x000000000940a000 	/System/Library/PrivateFrameworks/UIFoundation.framework/Versions/A/UIFoundation
0x000000000940a000 	/System/Library/PrivateFrameworks/DFRFoundation.framework/Versions/A/DFRFoundation
0x000000000940a000 	/usr/lib/libenergytrace.dylib
0x000000000940a000 	/System/Library/PrivateFrameworks/SkyLight.framework/Versions/A/SkyLight
0x000000000940a000 	/System/Library/Frameworks/CoreGraphics.framework/Versions/A/CoreGraphics
0x000000000940a000 	/usr/lib/libScreenReader.dylib
0x000000000940a000 	/System/Library/Frameworks/Accelerate.framework/Versions/A/Accelerate
0x000000000940a000 	/System/Library/Frameworks/IOSurface.framework/Versions/A/IOSurface
0x000000000940a000 	/System/Library/Frameworks/AudioToolbox.framework/Versions/A/AudioToolbox
0x000000000940a000 	/System/Library/Frameworks/AudioUnit.framework/Versions/A/AudioUnit
0x000000000940a000 	/System/Library/PrivateFrameworks/DataDetectorsCore.framework/Versions/A/DataDetectorsCore
0x000000000940a000 	/System/Library/PrivateFrameworks/DesktopServicesPriv.framework/Versions/A/DesktopServicesPriv
0x000000000940a000 	/System/Library/Frameworks/Carbon.framework/Versions/A/Frameworks/HIToolbox.framework/Versions/A/HIToolbox
0x000000000940a000 	/usr/lib/libicucore.A.dylib
0x000000000940a000 	/System/Library/Frameworks/QuartzCore.framework/Versions/A/QuartzCore
0x000000000940a000 	/System/Library/Frameworks/Carbon.framework/Versions/A/Frameworks/SpeechRecognition.framework/Versions/A/SpeechRecognition
0x000000000940a000 	/usr/lib/libauto.dylib
0x000000000940a000 	/usr/lib/libxml2.2.dylib
0x000000000940a000 	/System/Library/PrivateFrameworks/CoreUI.framework/Versions/A/CoreUI
0x000000000940a000 	/System/Library/Frameworks/CoreAudio.framework/Versions/A/CoreAudio
0x000000000940a000 	/System/Library/Frameworks/DiskArbitration.framework/Versions/A/DiskArbitration
0x000000000940a000 	/usr/lib/liblangid.dylib
0x000000000940a000 	/System/Library/PrivateFrameworks/MultitouchSupport.framework/Versions/A/MultitouchSupport
0x000000000940a000 	/System/Library/Frameworks/IOKit.framework/Versions/A/IOKit
0x000000000940a000 	/usr/lib/libDiagnosticMessagesClient.dylib
0x000000000940a000 	/System/Library/Frameworks/CoreServices.framework/Versions/A/CoreServices
0x000000000940a000 	/System/Library/PrivateFrameworks/PerformanceAnalysis.framework/Versions/A/PerformanceAnalysis
0x000000000940a000 	/System/Library/PrivateFrameworks/GenerationalStorage.framework/Versions/A/GenerationalStorage
0x000000000940a000 	/System/Library/Frameworks/OpenGL.framework/Versions/A/OpenGL
0x000000000940a000 	/System/Library/Frameworks/CoreImage.framework/Versions/A/CoreImage
0x000000000940a000 	/System/Library/Frameworks/CoreText.framework/Versions/A/CoreText
0x000000000940a000 	/System/Library/Frameworks/ImageIO.framework/Versions/A/ImageIO
0x000000000940a000 	/System/Library/PrivateFrameworks/Backup.framework/Versions/A/Backup
0x000000000940a000 	/usr/lib/libarchive.2.dylib
0x000000000940a000 	/System/Library/Frameworks/CFNetwork.framework/Versions/A/CFNetwork
0x000000000940a000 	/System/Library/Frameworks/SystemConfiguration.framework/Versions/A/SystemConfiguration
0x000000000940a000 	/usr/lib/libCRFSuite.dylib
0x000000000940a000 	/usr/lib/libc++.1.dylib
0x000000000940a000 	/usr/lib/libc++abi.dylib
0x000000000940a000 	/usr/lib/system/libcache.dylib
0x000000000940a000 	/usr/lib/system/libcommonCrypto.dylib
0x000000000940a000 	/usr/lib/system/libcompiler_rt.dylib
0x000000000940a000 	/usr/lib/system/libcopyfile.dylib
0x000000000940a000 	/usr/lib/system/libcorecrypto.dylib
0x000000000940a000 	/usr/lib/system/libdispatch.dylib
0x000000000940a000 	/usr/lib/system/libdyld.dylib
0x000000000940a000 	/usr/lib/system/libkeymgr.dylib
0x000000000940a000 	/usr/lib/system/liblaunch.dylib
0x000000000940a000 	/usr/lib/system/libmacho.dylib
0x000000000940a000 	/usr/lib/system/libquarantine.dylib
0x000000000940a000 	/usr/lib/system/libremovefile.dylib
0x000000000940a000 	/usr/lib/system/libsystem_asl.dylib
0x000000000940a000 	/usr/lib/system/libsystem_blocks.dylib
0x000000000940a000 	/usr/lib/system/libsystem_c.dylib
0x000000000940a000 	/usr/lib/system/libsystem_configuration.dylib
0x000000000940a000 	/usr/lib/system/libsystem_coreservices.dylib
0x000000000940a000 	/usr/lib/system/libsystem_coretls.dylib
0x000000000940a000 	/usr/lib/system/libsystem_dnssd.dylib
0x000000000940a000 	/usr/lib/system/libsystem_info.dylib
0x000000000940a000 	/usr/lib/system/libsystem_kernel.dylib
0x000000000940a000 	/usr/lib/system/libsystem_m.dylib
0x000000000940a000 	/usr/lib/system/libsystem_malloc.dylib
0x000000000940a000 	/usr/lib/system/libsystem_network.dylib
0x000000000940a000 	/usr/lib/system/libsystem_networkextension.dylib
0x000000000940a000 	/usr/lib/system/libsystem_notify.dylib
0x000000000940a000 	/usr/lib/system/libsystem_platform.dylib
0x000000000940a000 	/usr/lib/system/libsystem_pthread.dylib
0x000000000940a000 	/usr/lib/system/libsystem_sandbox.dylib
0x000000000940a000 	/usr/lib/system/libsystem_secinit.dylib
0x000000000940a000 	/usr/lib/system/libsystem_symptoms.dylib
0x000000000940a000 	/usr/lib/system/libsystem_trace.dylib
0x000000000940a000 	/usr/lib/system/libunwind.dylib
0x000000000940a000 	/usr/lib/system/libxpc.dylib
0x000000000940a000 	/usr/lib/libbsm.0.dylib
0x000000000940a000 	/usr/lib/system/libkxld.dylib
0x000000000940a000 	/usr/lib/libcoretls.dylib
0x000000000940a000 	/usr/lib/libcoretls_cfhelpers.dylib
0x000000000940a000 	/usr/lib/libOpenScriptingUtil.dylib
0x000000000940a000 	/usr/lib/libpam.2.dylib
0x000000000940a000 	/usr/lib/libsqlite3.dylib
0x000000000940a000 	/usr/lib/libxar.1.dylib
0x000000000940a000 	/usr/lib/libbz2.1.0.dylib
0x000000000940a000 	/usr/lib/liblzma.5.dylib
0x000000000940a000 	/usr/lib/libnetwork.dylib
0x000000000940a000 	/usr/lib/libpcap.A.dylib
0x000000000940a000 	/System/Library/Frameworks/CoreServices.framework/Versions/A/Frameworks/FSEvents.framework/Versions/A/FSEvents
0x000000000940a000 	/System/Library/Frameworks/CoreServices.framework/Versions/A/Frameworks/CarbonCore.framework/Versions/A/CarbonCore
0x000000000940a000 	/System/Library/Frameworks/CoreServices.framework/Versions/A/Frameworks/Metadata.framework/Versions/A/Metadata
0x000000000940a000 	/System/Library/Frameworks/CoreServices.framework/Versions/A/Frameworks/OSServices.framework/Versions/A/OSServices
0x000000000940a000 	/System/Library/Frameworks/CoreServices.framework/Versions/A/Frameworks/SearchKit.framework/Versions/A/SearchKit
0x000000000940a000 	/System/Library/Frameworks/CoreServices.framework/Versions/A/Frameworks/AE.framework/Versions/A/AE
0x000000000940a000 	/System/Library/Frameworks/CoreServices.framework/Versions/A/Frameworks/LaunchServices.framework/Versions/A/LaunchServices
0x000000000940a000 	/System/Library/Frameworks/CoreServices.framework/Versions/A/Frameworks/DictionaryServices.framework/Versions/A/DictionaryServices
0x000000000940a000 	/System/Library/Frameworks/CoreServices.framework/Versions/A/Frameworks/SharedFileList.framework/Versions/A/SharedFileList
0x000000000940a000 	/System/Library/Frameworks/NetFS.framework/Versions/A/NetFS
0x000000000940a000 	/System/Library/PrivateFrameworks/NetAuth.framework/Versions/A/NetAuth
0x000000000940a000 	/System/Library/PrivateFrameworks/login.framework/Versions/A/Frameworks/loginsupport.framework/Versions/A/loginsupport
0x000000000940a000 	/System/Library/PrivateFrameworks/TCC.framework/Versions/A/TCC
0x000000000940a000 	/usr/lib/libmecabra.dylib
0x000000000940a000 	/System/Library/Frameworks/ApplicationServices.framework/Versions/A/Frameworks/ATS.framework/Versions/A/ATS
0x000000000940a000 	/System/Library/Frameworks/ApplicationServices.framework/Versions/A/Frameworks/ColorSync.framework/Versions/A/ColorSync
0x000000000940a000 	/System/Library/Frameworks/ApplicationServices.framework/Versions/A/Frameworks/HIServices.framework/Versions/A/HIServices
0x000000000940a000 	/System/Library/Frameworks/ApplicationServices.framework/Versions/A/Frameworks/LangAnalysis.framework/Versions/A/LangAnalysis
0x000000000940a000 	/System/Library/Frameworks/ApplicationServices.framework/Versions/A/Frameworks/PrintCore.framework/Versions/A/PrintCore
0x000000000940a000 	/System/Library/Frameworks/ApplicationServices.framework/Versions/A/Frameworks/QD.framework/Versions/A/QD
0x000000000940a000 	/System/Library/Frameworks/ApplicationServices.framework/Versions/A/Frameworks/SpeechSynthesis.framework/Versions/A/SpeechSynthesis
0x000000000940a000 	/System/Library/Frameworks/Accelerate.framework/Versions/A/Frameworks/vImage.framework/Versions/A/vImage
0x000000000940a000 	/System/Library/Frameworks/Accelerate.framework/Versions/A/Frameworks/vecLib.framework/Versions/A/vecLib
0x000000000940a000 	/System/Library/Frameworks/Accelerate.framework/Versions/A/Frameworks/vecLib.framework/Versions/A/libvDSP.dylib
0x000000000940a000 	/System/Library/Frameworks/Accelerate.framework/Versions/A/Frameworks/vecLib.framework/Versions/A/libBNNS.dylib
0x000000000940a000 	/System/Library/Frameworks/Accelerate.framework/Versions/A/Frameworks/vecLib.framework/Versions/A/libQuadrature.dylib
0x000000000940a000 	/System/Library/Frameworks/Accelerate.framework/Versions/A/Frameworks/vecLib.framework/Versions/A/libvMisc.dylib
0x000000000940a000 	/System/Library/Frameworks/Accelerate.framework/Versions/A/Frameworks/vecLib.framework/Versions/A/libLAPACK.dylib
0x000000000940a000 	/System/Library/Frameworks/Accelerate.framework/Versions/A/Frameworks/vecLib.framework/Versions/A/libBLAS.dylib
0x000000000940a000 	/System/Library/Frameworks/Accelerate.framework/Versions/A/Frameworks/vecLib.framework/Versions/A/libLinearAlgebra.dylib
0x000000000940a000 	/System/Library/Frameworks/Accelerate.framework/Versions/A/Frameworks/vecLib.framework/Versions/A/libSparseBLAS.dylib
0x000000000940a000 	/System/Library/Frameworks/ApplicationServices.framework/Versions/A/Frameworks/ATS.framework/Versions/A/Resources/libFontParser.dylib
0x000000000940a000 	/System/Library/Frameworks/ApplicationServices.framework/Versions/A/Frameworks/ATS.framework/Versions/A/Resources/libFontRegistry.dylib
0x000000000940a000 	/System/Library/Frameworks/ImageIO.framework/Versions/A/Resources/libJPEG.dylib
0x000000000940a000 	/System/Library/Frameworks/ImageIO.framework/Versions/A/Resources/libTIFF.dylib
0x000000000940a000 	/System/Library/Frameworks/ImageIO.framework/Versions/A/Resources/libPng.dylib
0x000000000940a000 	/System/Library/Frameworks/ImageIO.framework/Versions/A/Resources/libGIF.dylib
0x000000000940a000 	/System/Library/Frameworks/ImageIO.framework/Versions/A/Resources/libJP2.dylib
0x000000000940a000 	/System/Library/Frameworks/ImageIO.framework/Versions/A/Resources/libRadiance.dylib
0x000000000940a000 	/usr/lib/libcompression.dylib
0x000000000940a000 	/System/Library/PrivateFrameworks/AppleJPEG.framework/Versions/A/AppleJPEG
0x000000000940a000 	/usr/lib/libcups.2.dylib
0x000000000940a000 	/System/Library/Frameworks/Kerberos.framework/Versions/A/Kerberos
0x000000000940a000 	/System/Library/Frameworks/GSS.framework/Versions/A/GSS
0x000000000940a000 	/usr/lib/libresolv.9.dylib
0x000000000940a000 	/usr/lib/libiconv.2.dylib
0x000000000940a000 	/System/Library/PrivateFrameworks/Heimdal.framework/Versions/A/Heimdal
0x000000000940a000 	/usr/lib/libheimdal-asn1.dylib
0x000000000940a000 	/System/Library/Frameworks/OpenDirectory.framework/Versions/A/OpenDirectory
0x000000000940a000 	/System/Library/PrivateFrameworks/CommonAuth.framework/Versions/A/CommonAuth
0x000000000940a000 	/System/Library/Frameworks/OpenDirectory.framework/Versions/A/Frameworks/CFOpenDirectory.framework/Versions/A/CFOpenDirectory
0x000000000940a000 	/System/Library/Frameworks/SecurityFoundation.framework/Versions/A/SecurityFoundation
0x000000000940a000 	/System/Library/PrivateFrameworks/LanguageModeling.framework/Versions/A/LanguageModeling
0x000000000940a000 	/usr/lib/libmarisa.dylib
0x000000000940a000 	/usr/lib/libChineseTokenizer.dylib
0x000000000940a000 	/usr/lib/libcmph.dylib
0x000000000940a000 	/System/Library/PrivateFrameworks/CoreEmoji.framework/Versions/A/CoreEmoji
0x000000000940a000 	/System/Library/Frameworks/ServiceManagement.framework/Versions/A/ServiceManagement
0x000000000940a000 	/usr/lib/libxslt.1.dylib
0x000000000940a000 	/System/Library/Frameworks/Carbon.framework/Versions/A/Frameworks/Ink.framework/Versions/A/Ink
0x000000000940a000 	/System/Library/PrivateFrameworks/TextureIO.framework/Versions/A/TextureIO
0x000000000940a000 	/System/Library/Frameworks/Metal.framework/Versions/A/Metal
0x000000000940a000 	/usr/lib/libate.dylib
0x000000000940a000 	/System/Library/PrivateFrameworks/GPUCompiler.framework/libmetal_timestamp.dylib
0x000000000940a000 	/System/Library/Frameworks/OpenGL.framework/Versions/A/Libraries/libCoreFSCache.dylib
0x000000000940a000 	/System/Library/PrivateFrameworks/IOAccelerator.framework/Versions/A/IOAccelerator
0x000000000940a000 	/System/Library/Frameworks/CoreVideo.framework/Versions/A/CoreVideo
0x000000000940a000 	/usr/lib/libFosl_dynamic.dylib
0x000000000940a000 	/System/Library/PrivateFrameworks/MetalPerformanceShaders.framework/Versions/A/MetalPerformanceShaders
0x000000000940a000 	/System/Library/PrivateFrameworks/FaceCore.framework/Versions/A/FaceCore
0x000000000940a000 	/System/Library/Frameworks/OpenCL.framework/Versions/A/OpenCL
0x000000000940a000 	/System/Library/Frameworks/OpenGL.framework/Versions/A/Libraries/libGLU.dylib
0x000000000940a000 	/System/Library/Frameworks/OpenGL.framework/Versions/A/Libraries/libGFXShared.dylib
0x000000000940a000 	/System/Library/Frameworks/OpenGL.framework/Versions/A/Libraries/libGL.dylib
0x000000000940a000 	/System/Library/Frameworks/OpenGL.framework/Versions/A/Libraries/libGLImage.dylib
0x000000000940a000 	/System/Library/Frameworks/OpenGL.framework/Versions/A/Libraries/libCVMSPluginSupport.dylib
0x000000000940a000 	/System/Library/Frameworks/OpenGL.framework/Versions/A/Libraries/libCoreVMClient.dylib
0x000000000940a000 	/System/Library/PrivateFrameworks/CrashReporterSupport.framework/Versions/A/CrashReporterSupport
0x000000000940a000 	/System/Library/PrivateFrameworks/Sharing.framework/Versions/A/Sharing
0x000000000940a000 	/System/Library/PrivateFrameworks/IconServices.framework/Versions/A/IconServices
0x000000000940a000 	/System/Library/PrivateFrameworks/ProtocolBuffer.framework/Versions/A/ProtocolBuffer
0x000000000940a000 	/System/Library/PrivateFrameworks/Apple80211.framework/Versions/A/Apple80211
0x000000000940a000 	/System/Library/Frameworks/CoreWLAN.framework/Versions/A/CoreWLAN
0x000000000940a000 	/System/Library/PrivateFrameworks/CoreUtils.framework/Versions/A/CoreUtils
0x000000000940a000 	/System/Library/Frameworks/IOBluetooth.framework/Versions/A/IOBluetooth
0x000000000940a000 	/System/Library/PrivateFrameworks/CoreWiFi.framework/Versions/A/CoreWiFi
0x000000000940a000 	/System/Library/Frameworks/CoreBluetooth.framework/Versions/A/CoreBluetooth
0x000000000940a000 	/System/Library/Frameworks/CoreDisplay.framework/Versions/A/CoreDisplay
0x000000000940a000 	/System/Library/PrivateFrameworks/IOPresentment.framework/Versions/A/IOPresentment
0x000000000940a000 	/System/Library/PrivateFrameworks/DSExternalDisplay.framework/Versions/A/DSExternalDisplay
0x000000000940a000 	/System/Library/PrivateFrameworks/DebugSymbols.framework/Versions/A/DebugSymbols
0x000000000940a000 	/System/Library/PrivateFrameworks/CoreSymbolication.framework/Versions/A/CoreSymbolication
0x000000000940a000 	/System/Library/PrivateFrameworks/Symbolication.framework/Versions/A/Symbolication
0x000000000940a000 	/System/Library/PrivateFrameworks/AppleFSCompression.framework/Versions/A/AppleFSCompression
0x000000000940a000 	/System/Library/PrivateFrameworks/SpeechRecognitionCore.framework/Versions/A/SpeechRecognitionCore
0x000000000940a000 	/System/Library/PrivateFrameworks/ChunkingLibrary.framework/Versions/A/ChunkingLibrary
0x0000000108800000 	/Library/Java/JavaVirtualMachines/jdk1.8.0_60.jdk/Contents/Home/jre/lib/server/libjvm.dylib
0x000000000940a000 	/usr/lib/libstdc++.6.dylib
0x0000000107700000 	/Library/Java/JavaVirtualMachines/jdk1.8.0_60.jdk/Contents/Home/jre/lib/libverify.dylib
0x000000010770e000 	/Library/Java/JavaVirtualMachines/jdk1.8.0_60.jdk/Contents/Home/jre/lib/libjava.dylib
0x0000000107744000 	/Library/Java/JavaVirtualMachines/jdk1.8.0_60.jdk/Contents/Home/jre/lib/libjdwp.dylib
0x000000010778f000 	/Library/Java/JavaVirtualMachines/jdk1.8.0_60.jdk/Contents/Home/jre/lib/libnpt.dylib
0x000000010779c000 	/Library/Java/JavaVirtualMachines/jdk1.8.0_60.jdk/Contents/Home/jre/lib/libzip.dylib
0x000000012488e000 	/System/Library/Frameworks/JavaVM.framework/Frameworks/JavaRuntimeSupport.framework/JavaRuntimeSupport
0x0000000112bce000 	/System/Library/Frameworks/JavaVM.framework/Versions/A/Frameworks/JavaNativeFoundation.framework/Versions/A/JavaNativeFoundation
0x00000001248a8000 	/System/Library/Frameworks/JavaVM.framework/Versions/A/JavaVM
0x000000000940a000 	/System/Library/Frameworks/Carbon.framework/Versions/A/Carbon
0x00000001248b5000 	/System/Library/PrivateFrameworks/JavaLaunching.framework/Versions/A/JavaLaunching
0x000000000940a000 	/System/Library/Frameworks/Carbon.framework/Versions/A/Frameworks/CommonPanels.framework/Versions/A/CommonPanels
0x000000000940a000 	/System/Library/Frameworks/Carbon.framework/Versions/A/Frameworks/Help.framework/Versions/A/Help
0x000000000940a000 	/System/Library/Frameworks/Carbon.framework/Versions/A/Frameworks/ImageCapture.framework/Versions/A/ImageCapture
0x000000000940a000 	/System/Library/Frameworks/Carbon.framework/Versions/A/Frameworks/OpenScripting.framework/Versions/A/OpenScripting
0x000000000940a000 	/System/Library/Frameworks/Carbon.framework/Versions/A/Frameworks/Print.framework/Versions/A/Print
0x000000000940a000 	/System/Library/Frameworks/Carbon.framework/Versions/A/Frameworks/SecurityHI.framework/Versions/A/SecurityHI
0x00000001261be000 	/Library/Java/JavaVirtualMachines/jdk1.8.0_60.jdk/Contents/Home/jre/lib/libdt_socket.dylib
0x00000001261c5000 	/Library/Java/JavaVirtualMachines/jdk1.8.0_60.jdk/Contents/Home/jre/lib/libmanagement.dylib
0x00000001261d3000 	/Library/Java/JavaVirtualMachines/jdk1.8.0_60.jdk/Contents/Home/jre/lib/libnet.dylib
0x0000000126232000 	/Library/Java/JavaVirtualMachines/jdk1.8.0_60.jdk/Contents/Home/jre/lib/libnio.dylib

VM Arguments:
jvm_args: -agentlib:jdwp=transport=dt_socket,address=127.0.0.1:62478,suspend=y,server=n -XX:TieredStopAtLevel=1 -Xverify:none -Dspring.output.ansi.enabled=always -Dcom.sun.management.jmxremote -Dcom.sun.management.jmxremote.port=62477 -Dcom.sun.management.jmxremote.authenticate=false -Dcom.sun.management.jmxremote.ssl=false -Dspring.liveBeansView.mbeanDomain -Dspring.application.admin.enabled=true -Dfile.encoding=UTF-8 
java_command: ch.cemil.info.yoklama.YoklamaApplication
java_class_path (initial): /Library/Java/JavaVirtualMachines/jdk1.8.0_60.jdk/Contents/Home/jre/lib/charsets.jar:/Library/Java/JavaVirtualMachines/jdk1.8.0_60.jdk/Contents/Home/jre/lib/deploy.jar:/Library/Java/JavaVirtualMachines/jdk1.8.0_60.jdk/Contents/Home/jre/lib/ext/cldrdata.jar:/Library/Java/JavaVirtualMachines/jdk1.8.0_60.jdk/Contents/Home/jre/lib/ext/dnsns.jar:/Library/Java/JavaVirtualMachines/jdk1.8.0_60.jdk/Contents/Home/jre/lib/ext/jaccess.jar:/Library/Java/JavaVirtualMachines/jdk1.8.0_60.jdk/Contents/Home/jre/lib/ext/jfxrt.jar:/Library/Java/JavaVirtualMachines/jdk1.8.0_60.jdk/Contents/Home/jre/lib/ext/localedata.jar:/Library/Java/JavaVirtualMachines/jdk1.8.0_60.jdk/Contents/Home/jre/lib/ext/nashorn.jar:/Library/Java/JavaVirtualMachines/jdk1.8.0_60.jdk/Contents/Home/jre/lib/ext/sunec.jar:/Library/Java/JavaVirtualMachines/jdk1.8.0_60.jdk/Contents/Home/jre/lib/ext/sunjce_provider.jar:/Library/Java/JavaVirtualMachines/jdk1.8.0_60.jdk/Contents/Home/jre/lib/ext/sunpkcs11.jar:/Library/Java/JavaVirtualMachines/jdk1.8.0_60.jdk/Contents/Home/jre/lib/ext/zipfs.jar:/Library/Java/JavaVirtualMachines/jdk1.8.0_60.jdk/Contents/Home/jre/lib/javaws.jar:/Library/Java/JavaVirtualMachines/jdk1.8.0_60.jdk/Contents/Home/jre/lib/jce.jar:/Library/Java/JavaVirtualMachines/jdk1.8.0_60.jdk/Contents/Home/jre/lib/jfr.jar:/Library/Java/JavaVirtualMachines/jdk1.8.0_60.jdk/Contents/Home/jre/lib/jfxswt.jar:/Library/Java/JavaVirtualMachines/jdk1.8.0_60.jdk/Contents/Home/jre/lib/jsse.jar:/Library/Java/JavaVirtualMachines/jdk1.8.0_60.jdk/Contents/Home/jre/lib/management-agent.jar:/Library/Java/JavaVirtualMachines/jdk1.8.0_60.jdk/Contents/Home/jre/lib/plugin.jar:/Library/Java/JavaVirtualMachines/jdk1.8.0_60.jdk/Contents/Home/jre/lib/resources.jar:/Library/Java/JavaVirtualMachines/jdk1.8.0_60.jdk/Contents/Home/jre/lib/rt.jar:/Library/Java/JavaVirtualMachines/jdk1.8.0_60.jdk/Contents/Home/lib/ant-javafx.jar:/Library/Java/JavaVirtualMachines/jdk1.8.0_60.jdk/Contents/Home/lib/dt.jar:/Library/Ja
Launcher Type: SUN_STANDARD

Environment Variables:
JAVA_HOME=/Library/Java/JavaVirtualMachines/jdk1.8.0_60.jdk/Contents/Home
PATH=/Users/Dogan/.sdkman/candidates/springboot/current/bin:/usr/bin:/bin:/usr/sbin:/sbin:/usr/local/bin:/etc/mongod.conf:../Users/Dogan/Etops/activator:/opt/X11/bin:/usr/local/git/bin:/Users/Dogan/Etops/activator/:/Library/PostgreSQL/9.3/bin:/Users/Dogan/.node/bin:/Applications/Couchbase Server.app/Contents/Resources/couchbase-core/bin/
SHELL=/bin/bash
DISPLAY=/private/tmp/com.apple.launchd.gTO0Fqo7Pk/org.macosforge.xquartz:0

Signal Handlers:
SIGSEGV: [libjvm.dylib+0x5a6d31], sa_mask[0]=11111111011111110111111111111111, sa_flags=SA_ONSTACK|SA_RESTART|SA_SIGINFO
SIGBUS: [libjvm.dylib+0x5a6d31], sa_mask[0]=11111111011111110111111111111111, sa_flags=SA_RESTART|SA_SIGINFO
SIGFPE: [libjvm.dylib+0x480a4c], sa_mask[0]=11111111011111110111111111111111, sa_flags=SA_RESTART|SA_SIGINFO
SIGPIPE: [libjvm.dylib+0x480a4c], sa_mask[0]=11111111011111110111111111111111, sa_flags=SA_RESTART|SA_SIGINFO
SIGXFSZ: [libjvm.dylib+0x480a4c], sa_mask[0]=11111111011111110111111111111111, sa_flags=SA_RESTART|SA_SIGINFO
SIGILL: [libjvm.dylib+0x480a4c], sa_mask[0]=11111111011111110111111111111111, sa_flags=SA_RESTART|SA_SIGINFO
SIGUSR1: SIG_DFL, sa_mask[0]=00000000000000000000000000000000, sa_flags=none
SIGUSR2: [libjvm.dylib+0x48056a], sa_mask[0]=00100000000000000000000000000000, sa_flags=SA_RESTART|SA_SIGINFO
SIGHUP: [libjvm.dylib+0x47eb41], sa_mask[0]=11111111011111110111111111111111, sa_flags=SA_RESTART|SA_SIGINFO
SIGINT: [libjvm.dylib+0x47eb41], sa_mask[0]=11111111011111110111111111111111, sa_flags=SA_RESTART|SA_SIGINFO
SIGTERM: [libjvm.dylib+0x47eb41], sa_mask[0]=11111111011111110111111111111111, sa_flags=SA_RESTART|SA_SIGINFO
SIGQUIT: [libjvm.dylib+0x47eb41], sa_mask[0]=11111111011111110111111111111111, sa_flags=SA_RESTART|SA_SIGINFO


---------------  S Y S T E M  ---------------

OS:Bsduname:Darwin 16.7.0 Darwin Kernel Version 16.7.0: Thu Jun 15 17:36:27 PDT 2017; root:xnu-3789.70.16~2/RELEASE_X86_64 x86_64
rlimit: STACK 8192k, CORE 0k, NPROC 709, NOFILE 10240, AS infinity
load average:4.36 3.90 3.56

CPU:total 8 (4 cores per cpu, 2 threads per core) family 6 model 58 stepping 9, cmov, cx8, fxsr, mmx, sse, sse2, sse3, ssse3, sse4.1, sse4.2, popcnt, avx, aes, clmul, erms, ht, tsc, tscinvbit, tscinv

Memory: 4k page, physical 16777216k(544612k free)

/proc/meminfo:


vm_info: Java HotSpot(TM) 64-Bit Server VM (25.60-b23) for bsd-amd64 JRE (1.8.0_60-b27), built on Aug  4 2015 10:47:24 by "java_re" with gcc 4.2.1 (Based on Apple Inc. build 5658) (LLVM build 2336.11.00)

time: Sat Dec 30 02:38:59 2017
elapsed time: 222 seconds (0d 0h 3m 42s)

